#! /usr/bin/vvp
:ivl_version "12.0 (stable)";
:ivl_delay_selection "TYPICAL";
:vpi_time_precision - 12;
:vpi_module "/usr/lib/x86_64-linux-gnu/ivl/system.vpi";
:vpi_module "/usr/lib/x86_64-linux-gnu/ivl/vhdl_sys.vpi";
:vpi_module "/usr/lib/x86_64-linux-gnu/ivl/vhdl_textio.vpi";
:vpi_module "/usr/lib/x86_64-linux-gnu/ivl/v2005_math.vpi";
:vpi_module "/usr/lib/x86_64-linux-gnu/ivl/va_math.vpi";
S_0x63abb2b15b50 .scope module, "tb_alu" "tb_alu" 2 4;
 .timescale -9 -12;
v0x63abb2b4ccd0_0 .var "alu_control", 3 0;
v0x63abb2b4cdb0_0 .net "alu_result", 31 0, v0x63abb2b4c6e0_0;  1 drivers
v0x63abb2b4ce50_0 .net "less_than", 0 0, L_0x63abb2b5d4b0;  1 drivers
v0x63abb2b4cf50_0 .net "less_than_u", 0 0, L_0x63abb2b5d640;  1 drivers
v0x63abb2b4d020_0 .var "src1", 31 0;
v0x63abb2b4d110_0 .var "src2", 31 0;
v0x63abb2b4d1e0_0 .net "zero", 0 0, L_0x63abb2b5d320;  1 drivers
S_0x63abb2b2a080 .scope module, "dut" "alu" 2 15, 3 1 0, S_0x63abb2b15b50;
 .timescale -9 -12;
    .port_info 0 /INPUT 4 "alu_control";
    .port_info 1 /INPUT 32 "src1";
    .port_info 2 /INPUT 32 "src2";
    .port_info 3 /OUTPUT 32 "alu_result";
    .port_info 4 /OUTPUT 1 "zero";
    .port_info 5 /OUTPUT 1 "less_than";
    .port_info 6 /OUTPUT 1 "less_than_u";
L_0x729c634ce018 .functor BUFT 1, C4<00000000000000000000000000000000>, C4<0>, C4<0>, C4<0>;
v0x63abb2b2a310_0 .net/2u *"_ivl_0", 31 0, L_0x729c634ce018;  1 drivers
v0x63abb2b4c600_0 .net "alu_control", 3 0, v0x63abb2b4ccd0_0;  1 drivers
v0x63abb2b4c6e0_0 .var "alu_result", 31 0;
v0x63abb2b4c7a0_0 .net "less_than", 0 0, L_0x63abb2b5d4b0;  alias, 1 drivers
v0x63abb2b4c860_0 .net "less_than_u", 0 0, L_0x63abb2b5d640;  alias, 1 drivers
v0x63abb2b4c970_0 .net "src1", 31 0, v0x63abb2b4d020_0;  1 drivers
v0x63abb2b4ca50_0 .net "src2", 31 0, v0x63abb2b4d110_0;  1 drivers
v0x63abb2b4cb30_0 .net "zero", 0 0, L_0x63abb2b5d320;  alias, 1 drivers
E_0x63abb2b25c30 .event anyedge, v0x63abb2b4c600_0, v0x63abb2b4c970_0, v0x63abb2b4ca50_0;
L_0x63abb2b5d320 .cmp/eq 32, v0x63abb2b4c6e0_0, L_0x729c634ce018;
L_0x63abb2b5d4b0 .cmp/gt.s 32, v0x63abb2b4d110_0, v0x63abb2b4d020_0;
L_0x63abb2b5d640 .cmp/gt 32, v0x63abb2b4d110_0, v0x63abb2b4d020_0;
    .scope S_0x63abb2b2a080;
T_0 ;
    %wait E_0x63abb2b25c30;
    %load/vec4 v0x63abb2b4c600_0;
    %dup/vec4;
    %pushi/vec4 0, 0, 4;
    %cmp/u;
    %jmp/1 T_0.0, 6;
    %dup/vec4;
    %pushi/vec4 2, 0, 4;
    %cmp/u;
    %jmp/1 T_0.1, 6;
    %dup/vec4;
    %pushi/vec4 3, 0, 4;
    %cmp/u;
    %jmp/1 T_0.2, 6;
    %dup/vec4;
    %pushi/vec4 1, 0, 4;
    %cmp/u;
    %jmp/1 T_0.3, 6;
    %dup/vec4;
    %pushi/vec4 5, 0, 4;
    %cmp/u;
    %jmp/1 T_0.4, 6;
    %dup/vec4;
    %pushi/vec4 7, 0, 4;
    %cmp/u;
    %jmp/1 T_0.5, 6;
    %dup/vec4;
    %pushi/vec4 8, 0, 4;
    %cmp/u;
    %jmp/1 T_0.6, 6;
    %dup/vec4;
    %pushi/vec4 9, 0, 4;
    %cmp/u;
    %jmp/1 T_0.7, 6;
    %dup/vec4;
    %pushi/vec4 10, 0, 4;
    %cmp/u;
    %jmp/1 T_0.8, 6;
    %dup/vec4;
    %pushi/vec4 11, 0, 4;
    %cmp/u;
    %jmp/1 T_0.9, 6;
    %pushi/vec4 0, 0, 32;
    %store/vec4 v0x63abb2b4c6e0_0, 0, 32;
    %jmp T_0.11;
T_0.0 ;
    %load/vec4 v0x63abb2b4c970_0;
    %load/vec4 v0x63abb2b4ca50_0;
    %add;
    %store/vec4 v0x63abb2b4c6e0_0, 0, 32;
    %jmp T_0.11;
T_0.1 ;
    %load/vec4 v0x63abb2b4c970_0;
    %load/vec4 v0x63abb2b4ca50_0;
    %and;
    %store/vec4 v0x63abb2b4c6e0_0, 0, 32;
    %jmp T_0.11;
T_0.2 ;
    %load/vec4 v0x63abb2b4c970_0;
    %load/vec4 v0x63abb2b4ca50_0;
    %or;
    %store/vec4 v0x63abb2b4c6e0_0, 0, 32;
    %jmp T_0.11;
T_0.3 ;
    %load/vec4 v0x63abb2b4c970_0;
    %load/vec4 v0x63abb2b4ca50_0;
    %inv;
    %addi 1, 0, 32;
    %add;
    %store/vec4 v0x63abb2b4c6e0_0, 0, 32;
    %jmp T_0.11;
T_0.4 ;
    %pushi/vec4 0, 0, 31;
    %load/vec4 v0x63abb2b4c970_0;
    %load/vec4 v0x63abb2b4ca50_0;
    %cmp/s;
    %flag_get/vec4 5;
    %concat/vec4; draw_concat_vec4
    %store/vec4 v0x63abb2b4c6e0_0, 0, 32;
    %jmp T_0.11;
T_0.5 ;
    %pushi/vec4 0, 0, 31;
    %load/vec4 v0x63abb2b4c970_0;
    %load/vec4 v0x63abb2b4ca50_0;
    %cmp/u;
    %flag_get/vec4 5;
    %concat/vec4; draw_concat_vec4
    %store/vec4 v0x63abb2b4c6e0_0, 0, 32;
    %jmp T_0.11;
T_0.6 ;
    %load/vec4 v0x63abb2b4c970_0;
    %load/vec4 v0x63abb2b4ca50_0;
    %xor;
    %store/vec4 v0x63abb2b4c6e0_0, 0, 32;
    %jmp T_0.11;
T_0.7 ;
    %load/vec4 v0x63abb2b4c970_0;
    %load/vec4 v0x63abb2b4ca50_0;
    %parti/s 5, 0, 2;
    %ix/vec4 4;
    %shiftl 4;
    %store/vec4 v0x63abb2b4c6e0_0, 0, 32;
    %jmp T_0.11;
T_0.8 ;
    %load/vec4 v0x63abb2b4c970_0;
    %load/vec4 v0x63abb2b4ca50_0;
    %parti/s 5, 0, 2;
    %ix/vec4 4;
    %shiftr 4;
    %store/vec4 v0x63abb2b4c6e0_0, 0, 32;
    %jmp T_0.11;
T_0.9 ;
    %load/vec4 v0x63abb2b4c970_0;
    %load/vec4 v0x63abb2b4ca50_0;
    %parti/s 5, 0, 2;
    %ix/vec4 4;
    %shiftr/s 4;
    %store/vec4 v0x63abb2b4c6e0_0, 0, 32;
    %jmp T_0.11;
T_0.11 ;
    %pop/vec4 1;
    %jmp T_0;
    .thread T_0, $push;
    .scope S_0x63abb2b15b50;
T_1 ;
    %vpi_call 2 27 "$dumpfile", "alu_wave.vcd" {0 0 0};
    %vpi_call 2 28 "$dumpvars", 32'sb00000000000000000000000000000000, S_0x63abb2b15b50 {0 0 0};
    %pushi/vec4 10, 0, 32;
    %store/vec4 v0x63abb2b4d020_0, 0, 32;
    %pushi/vec4 5, 0, 32;
    %store/vec4 v0x63abb2b4d110_0, 0, 32;
    %pushi/vec4 0, 0, 4;
    %store/vec4 v0x63abb2b4ccd0_0, 0, 4;
    %delay 10000, 0;
    %vpi_call 2 34 "$display", "ADD  : src1=%0d src2=%0d result=%0d", v0x63abb2b4d020_0, v0x63abb2b4d110_0, v0x63abb2b4cdb0_0 {0 0 0};
    %pushi/vec4 1, 0, 4;
    %store/vec4 v0x63abb2b4ccd0_0, 0, 4;
    %delay 10000, 0;
    %vpi_call 2 37 "$display", "SUB  : src1=%0d src2=%0d result=%0d", v0x63abb2b4d020_0, v0x63abb2b4d110_0, v0x63abb2b4cdb0_0 {0 0 0};
    %pushi/vec4 2, 0, 4;
    %store/vec4 v0x63abb2b4ccd0_0, 0, 4;
    %delay 10000, 0;
    %vpi_call 2 40 "$display", "AND  : src1=%0d src2=%0d result=%0d", v0x63abb2b4d020_0, v0x63abb2b4d110_0, v0x63abb2b4cdb0_0 {0 0 0};
    %pushi/vec4 3, 0, 4;
    %store/vec4 v0x63abb2b4ccd0_0, 0, 4;
    %delay 10000, 0;
    %vpi_call 2 43 "$display", "OR   : src1=%0d src2=%0d result=%0d", v0x63abb2b4d020_0, v0x63abb2b4d110_0, v0x63abb2b4cdb0_0 {0 0 0};
    %pushi/vec4 8, 0, 4;
    %store/vec4 v0x63abb2b4ccd0_0, 0, 4;
    %delay 10000, 0;
    %vpi_call 2 46 "$display", "XOR  : src1=%0d src2=%0d result=%0d", v0x63abb2b4d020_0, v0x63abb2b4d110_0, v0x63abb2b4cdb0_0 {0 0 0};
    %pushi/vec4 5, 0, 4;
    %store/vec4 v0x63abb2b4ccd0_0, 0, 4;
    %delay 10000, 0;
    %vpi_call 2 49 "$display", "SLT  : src1=%0d src2=%0d result=%0d", v0x63abb2b4d020_0, v0x63abb2b4d110_0, v0x63abb2b4cdb0_0 {0 0 0};
    %pushi/vec4 7, 0, 4;
    %store/vec4 v0x63abb2b4ccd0_0, 0, 4;
    %delay 10000, 0;
    %vpi_call 2 52 "$display", "SLTU : src1=%0d src2=%0d result=%0d", v0x63abb2b4d020_0, v0x63abb2b4d110_0, v0x63abb2b4cdb0_0 {0 0 0};
    %pushi/vec4 8, 0, 32;
    %store/vec4 v0x63abb2b4d020_0, 0, 32;
    %pushi/vec4 2, 0, 32;
    %store/vec4 v0x63abb2b4d110_0, 0, 32;
    %pushi/vec4 9, 0, 4;
    %store/vec4 v0x63abb2b4ccd0_0, 0, 4;
    %delay 10000, 0;
    %vpi_call 2 58 "$display", "SLL  : src1=%0d src2=%0d result=%0d", v0x63abb2b4d020_0, v0x63abb2b4d110_0, v0x63abb2b4cdb0_0 {0 0 0};
    %pushi/vec4 10, 0, 4;
    %store/vec4 v0x63abb2b4ccd0_0, 0, 4;
    %delay 10000, 0;
    %vpi_call 2 61 "$display", "SRL  : src1=%0d src2=%0d result=%0d", v0x63abb2b4d020_0, v0x63abb2b4d110_0, v0x63abb2b4cdb0_0 {0 0 0};
    %pushi/vec4 4294967280, 0, 32;
    %store/vec4 v0x63abb2b4d020_0, 0, 32;
    %pushi/vec4 2, 0, 32;
    %store/vec4 v0x63abb2b4d110_0, 0, 32;
    %pushi/vec4 11, 0, 4;
    %store/vec4 v0x63abb2b4ccd0_0, 0, 4;
    %delay 10000, 0;
    %vpi_call 2 67 "$display", "SRA  : src1=%h src2=%0d result=%h", v0x63abb2b4d020_0, v0x63abb2b4d110_0, v0x63abb2b4cdb0_0 {0 0 0};
    %pushi/vec4 5, 0, 32;
    %store/vec4 v0x63abb2b4d020_0, 0, 32;
    %pushi/vec4 5, 0, 32;
    %store/vec4 v0x63abb2b4d110_0, 0, 32;
    %pushi/vec4 1, 0, 4;
    %store/vec4 v0x63abb2b4ccd0_0, 0, 4;
    %delay 10000, 0;
    %vpi_call 2 73 "$display", "ZERO : src1=%0d src2=%0d result=%0d zero=%b", v0x63abb2b4d020_0, v0x63abb2b4d110_0, v0x63abb2b4cdb0_0, v0x63abb2b4d1e0_0 {0 0 0};
    %pushi/vec4 4294967291, 0, 32;
    %store/vec4 v0x63abb2b4d020_0, 0, 32;
    %pushi/vec4 3, 0, 32;
    %store/vec4 v0x63abb2b4d110_0, 0, 32;
    %pushi/vec4 5, 0, 4;
    %store/vec4 v0x63abb2b4ccd0_0, 0, 4;
    %delay 10000, 0;
    %load/vec4 v0x63abb2b4d020_0;
    %load/vec4 v0x63abb2b4d110_0;
    %vpi_call 2 80 "$display", "SLT Signed : src1=%0d src2=%0d result=%0d", S<1,vec4,s32>, S<0,vec4,s32>, v0x63abb2b4cdb0_0 {2 0 0};
    %pushi/vec4 4294967295, 0, 32;
    %store/vec4 v0x63abb2b4d020_0, 0, 32;
    %pushi/vec4 1, 0, 32;
    %store/vec4 v0x63abb2b4d110_0, 0, 32;
    %pushi/vec4 7, 0, 4;
    %store/vec4 v0x63abb2b4ccd0_0, 0, 4;
    %delay 10000, 0;
    %vpi_call 2 87 "$display", "SLTU Unsigned : src1=%h src2=%0d result=%0d", v0x63abb2b4d020_0, v0x63abb2b4d110_0, v0x63abb2b4cdb0_0 {0 0 0};
    %delay 10000, 0;
    %vpi_call 2 91 "$finish" {0 0 0};
    %end;
    .thread T_1;
# The file index is used to find the file name in the following table.
:file_names 4;
    "N/A";
    "<interactive>";
    "../tb/tb_alu.v";
    "./../rtl/alu.v";
