#! /usr/bin/vvp
:ivl_version "12.0 (stable)";
:ivl_delay_selection "TYPICAL";
:vpi_time_precision - 12;
:vpi_module "/usr/lib/x86_64-linux-gnu/ivl/system.vpi";
:vpi_module "/usr/lib/x86_64-linux-gnu/ivl/vhdl_sys.vpi";
:vpi_module "/usr/lib/x86_64-linux-gnu/ivl/vhdl_textio.vpi";
:vpi_module "/usr/lib/x86_64-linux-gnu/ivl/v2005_math.vpi";
:vpi_module "/usr/lib/x86_64-linux-gnu/ivl/va_math.vpi";
S_0x565283c9b870 .scope module, "tb_control" "tb_control" 2 4;
 .timescale -9 -12;
v0x565283cd9760_0 .net "alu_control", 3 0, v0x565283c50600_0;  1 drivers
v0x565283cd9840_0 .net "alu_source", 0 0, v0x565283cd8bf0_0;  1 drivers
v0x565283cd9910_0 .net "branch", 0 0, v0x565283cd8c90_0;  1 drivers
v0x565283cd9a10_0 .var "func3", 2 0;
v0x565283cd9ae0_0 .var "func7", 6 0;
v0x565283cd9b80_0 .net "imm_source", 2 0, v0x565283cd8f60_0;  1 drivers
v0x565283cd9c50_0 .net "jalr", 0 0, v0x565283cd9040_0;  1 drivers
v0x565283cd9d20_0 .net "jump", 0 0, v0x565283cd9100_0;  1 drivers
v0x565283cd9df0_0 .net "mem_write", 0 0, v0x565283cd91c0_0;  1 drivers
v0x565283cd9ec0_0 .var "op", 6 0;
v0x565283cd9f90_0 .net "reg_write", 0 0, v0x565283cd9360_0;  1 drivers
v0x565283cda060_0 .net "second_add_source", 0 0, v0x565283cd9420_0;  1 drivers
v0x565283cda130_0 .net "write_back_source", 1 0, v0x565283cd94e0_0;  1 drivers
S_0x565283c9ba00 .scope module, "dut" "control" 2 21, 3 1 0, S_0x565283c9b870;
 .timescale -9 -12;
    .port_info 0 /INPUT 7 "op";
    .port_info 1 /INPUT 3 "func3";
    .port_info 2 /INPUT 7 "func7";
    .port_info 3 /OUTPUT 4 "alu_control";
    .port_info 4 /OUTPUT 3 "imm_source";
    .port_info 5 /OUTPUT 1 "mem_write";
    .port_info 6 /OUTPUT 1 "reg_write";
    .port_info 7 /OUTPUT 1 "alu_source";
    .port_info 8 /OUTPUT 2 "write_back_source";
    .port_info 9 /OUTPUT 1 "second_add_source";
    .port_info 10 /OUTPUT 1 "branch";
    .port_info 11 /OUTPUT 1 "jump";
    .port_info 12 /OUTPUT 1 "jalr";
v0x565283c50600_0 .var "alu_control", 3 0;
v0x565283cd8b10_0 .var "alu_op", 1 0;
v0x565283cd8bf0_0 .var "alu_source", 0 0;
v0x565283cd8c90_0 .var "branch", 0 0;
v0x565283cd8d50_0 .net "func3", 2 0, v0x565283cd9a10_0;  1 drivers
v0x565283cd8e80_0 .net "func7", 6 0, v0x565283cd9ae0_0;  1 drivers
v0x565283cd8f60_0 .var "imm_source", 2 0;
v0x565283cd9040_0 .var "jalr", 0 0;
v0x565283cd9100_0 .var "jump", 0 0;
v0x565283cd91c0_0 .var "mem_write", 0 0;
v0x565283cd9280_0 .net "op", 6 0, v0x565283cd9ec0_0;  1 drivers
v0x565283cd9360_0 .var "reg_write", 0 0;
v0x565283cd9420_0 .var "second_add_source", 0 0;
v0x565283cd94e0_0 .var "write_back_source", 1 0;
E_0x565283c8a400 .event anyedge, v0x565283cd8b10_0, v0x565283cd8d50_0, v0x565283cd9280_0, v0x565283cd8e80_0;
E_0x565283c8adf0 .event anyedge, v0x565283cd9280_0;
    .scope S_0x565283c9ba00;
T_0 ;
    %wait E_0x565283c8adf0;
    %pushi/vec4 0, 0, 1;
    %store/vec4 v0x565283cd9360_0, 0, 1;
    %pushi/vec4 0, 0, 3;
    %store/vec4 v0x565283cd8f60_0, 0, 3;
    %pushi/vec4 0, 0, 1;
    %store/vec4 v0x565283cd91c0_0, 0, 1;
    %pushi/vec4 0, 0, 2;
    %store/vec4 v0x565283cd8b10_0, 0, 2;
    %pushi/vec4 0, 0, 1;
    %store/vec4 v0x565283cd8bf0_0, 0, 1;
    %pushi/vec4 0, 0, 2;
    %store/vec4 v0x565283cd94e0_0, 0, 2;
    %pushi/vec4 0, 0, 1;
    %store/vec4 v0x565283cd9420_0, 0, 1;
    %pushi/vec4 0, 0, 1;
    %store/vec4 v0x565283cd8c90_0, 0, 1;
    %pushi/vec4 0, 0, 1;
    %store/vec4 v0x565283cd9100_0, 0, 1;
    %pushi/vec4 0, 0, 1;
    %store/vec4 v0x565283cd9040_0, 0, 1;
    %load/vec4 v0x565283cd9280_0;
    %dup/vec4;
    %pushi/vec4 3, 0, 7;
    %cmp/u;
    %jmp/1 T_0.0, 6;
    %dup/vec4;
    %pushi/vec4 35, 0, 7;
    %cmp/u;
    %jmp/1 T_0.1, 6;
    %dup/vec4;
    %pushi/vec4 51, 0, 7;
    %cmp/u;
    %jmp/1 T_0.2, 6;
    %dup/vec4;
    %pushi/vec4 99, 0, 7;
    %cmp/u;
    %jmp/1 T_0.3, 6;
    %dup/vec4;
    %pushi/vec4 111, 0, 7;
    %cmp/u;
    %jmp/1 T_0.4, 6;
    %dup/vec4;
    %pushi/vec4 19, 0, 7;
    %cmp/u;
    %jmp/1 T_0.5, 6;
    %dup/vec4;
    %pushi/vec4 55, 0, 7;
    %cmp/u;
    %jmp/1 T_0.6, 6;
    %dup/vec4;
    %pushi/vec4 23, 0, 7;
    %cmp/u;
    %jmp/1 T_0.7, 6;
    %dup/vec4;
    %pushi/vec4 103, 0, 7;
    %cmp/u;
    %jmp/1 T_0.8, 6;
    %pushi/vec4 0, 0, 1;
    %store/vec4 v0x565283cd9360_0, 0, 1;
    %pushi/vec4 0, 0, 3;
    %store/vec4 v0x565283cd8f60_0, 0, 3;
    %pushi/vec4 0, 0, 1;
    %store/vec4 v0x565283cd91c0_0, 0, 1;
    %pushi/vec4 0, 0, 2;
    %store/vec4 v0x565283cd8b10_0, 0, 2;
    %pushi/vec4 0, 0, 1;
    %store/vec4 v0x565283cd8bf0_0, 0, 1;
    %pushi/vec4 0, 0, 1;
    %store/vec4 v0x565283cd8c90_0, 0, 1;
    %pushi/vec4 0, 0, 1;
    %store/vec4 v0x565283cd9100_0, 0, 1;
    %jmp T_0.10;
T_0.0 ;
    %pushi/vec4 1, 0, 1;
    %store/vec4 v0x565283cd9360_0, 0, 1;
    %pushi/vec4 0, 0, 3;
    %store/vec4 v0x565283cd8f60_0, 0, 3;
    %pushi/vec4 0, 0, 1;
    %store/vec4 v0x565283cd91c0_0, 0, 1;
    %pushi/vec4 0, 0, 2;
    %store/vec4 v0x565283cd8b10_0, 0, 2;
    %pushi/vec4 1, 0, 1;
    %store/vec4 v0x565283cd8bf0_0, 0, 1;
    %pushi/vec4 1, 0, 2;
    %store/vec4 v0x565283cd94e0_0, 0, 2;
    %pushi/vec4 0, 0, 1;
    %store/vec4 v0x565283cd8c90_0, 0, 1;
    %pushi/vec4 0, 0, 1;
    %store/vec4 v0x565283cd9100_0, 0, 1;
    %jmp T_0.10;
T_0.1 ;
    %pushi/vec4 0, 0, 1;
    %store/vec4 v0x565283cd9360_0, 0, 1;
    %pushi/vec4 1, 0, 3;
    %store/vec4 v0x565283cd8f60_0, 0, 3;
    %pushi/vec4 1, 0, 1;
    %store/vec4 v0x565283cd91c0_0, 0, 1;
    %pushi/vec4 0, 0, 2;
    %store/vec4 v0x565283cd8b10_0, 0, 2;
    %pushi/vec4 1, 0, 1;
    %store/vec4 v0x565283cd8bf0_0, 0, 1;
    %pushi/vec4 0, 0, 1;
    %store/vec4 v0x565283cd8c90_0, 0, 1;
    %pushi/vec4 0, 0, 1;
    %store/vec4 v0x565283cd9100_0, 0, 1;
    %jmp T_0.10;
T_0.2 ;
    %pushi/vec4 1, 0, 1;
    %store/vec4 v0x565283cd9360_0, 0, 1;
    %pushi/vec4 0, 0, 1;
    %store/vec4 v0x565283cd91c0_0, 0, 1;
    %pushi/vec4 2, 0, 2;
    %store/vec4 v0x565283cd8b10_0, 0, 2;
    %pushi/vec4 0, 0, 1;
    %store/vec4 v0x565283cd8bf0_0, 0, 1;
    %pushi/vec4 0, 0, 2;
    %store/vec4 v0x565283cd94e0_0, 0, 2;
    %pushi/vec4 0, 0, 1;
    %store/vec4 v0x565283cd8c90_0, 0, 1;
    %pushi/vec4 0, 0, 1;
    %store/vec4 v0x565283cd9100_0, 0, 1;
    %jmp T_0.10;
T_0.3 ;
    %pushi/vec4 0, 0, 1;
    %store/vec4 v0x565283cd9360_0, 0, 1;
    %pushi/vec4 2, 0, 3;
    %store/vec4 v0x565283cd8f60_0, 0, 3;
    %pushi/vec4 0, 0, 1;
    %store/vec4 v0x565283cd8bf0_0, 0, 1;
    %pushi/vec4 0, 0, 1;
    %store/vec4 v0x565283cd91c0_0, 0, 1;
    %pushi/vec4 1, 0, 2;
    %store/vec4 v0x565283cd8b10_0, 0, 2;
    %pushi/vec4 1, 0, 1;
    %store/vec4 v0x565283cd8c90_0, 0, 1;
    %pushi/vec4 0, 0, 1;
    %store/vec4 v0x565283cd9100_0, 0, 1;
    %pushi/vec4 0, 0, 1;
    %store/vec4 v0x565283cd9420_0, 0, 1;
    %jmp T_0.10;
T_0.4 ;
    %pushi/vec4 1, 0, 1;
    %store/vec4 v0x565283cd9360_0, 0, 1;
    %pushi/vec4 3, 0, 3;
    %store/vec4 v0x565283cd8f60_0, 0, 3;
    %pushi/vec4 0, 0, 1;
    %store/vec4 v0x565283cd91c0_0, 0, 1;
    %pushi/vec4 2, 0, 2;
    %store/vec4 v0x565283cd94e0_0, 0, 2;
    %pushi/vec4 0, 0, 1;
    %store/vec4 v0x565283cd8c90_0, 0, 1;
    %pushi/vec4 1, 0, 1;
    %store/vec4 v0x565283cd9100_0, 0, 1;
    %pushi/vec4 0, 0, 1;
    %store/vec4 v0x565283cd9420_0, 0, 1;
    %jmp T_0.10;
T_0.5 ;
    %pushi/vec4 1, 0, 1;
    %store/vec4 v0x565283cd9360_0, 0, 1;
    %pushi/vec4 0, 0, 3;
    %store/vec4 v0x565283cd8f60_0, 0, 3;
    %pushi/vec4 1, 0, 1;
    %store/vec4 v0x565283cd8bf0_0, 0, 1;
    %pushi/vec4 0, 0, 1;
    %store/vec4 v0x565283cd91c0_0, 0, 1;
    %pushi/vec4 2, 0, 2;
    %store/vec4 v0x565283cd8b10_0, 0, 2;
    %pushi/vec4 0, 0, 2;
    %store/vec4 v0x565283cd94e0_0, 0, 2;
    %pushi/vec4 0, 0, 1;
    %store/vec4 v0x565283cd8c90_0, 0, 1;
    %pushi/vec4 0, 0, 1;
    %store/vec4 v0x565283cd9100_0, 0, 1;
    %jmp T_0.10;
T_0.6 ;
    %pushi/vec4 4, 0, 3;
    %store/vec4 v0x565283cd8f60_0, 0, 3;
    %pushi/vec4 0, 0, 1;
    %store/vec4 v0x565283cd91c0_0, 0, 1;
    %pushi/vec4 1, 0, 1;
    %store/vec4 v0x565283cd9360_0, 0, 1;
    %pushi/vec4 0, 0, 2;
    %store/vec4 v0x565283cd94e0_0, 0, 2;
    %pushi/vec4 0, 0, 1;
    %store/vec4 v0x565283cd8c90_0, 0, 1;
    %pushi/vec4 0, 0, 1;
    %store/vec4 v0x565283cd9100_0, 0, 1;
    %pushi/vec4 1, 0, 1;
    %store/vec4 v0x565283cd8bf0_0, 0, 1;
    %pushi/vec4 0, 0, 2;
    %store/vec4 v0x565283cd8b10_0, 0, 2;
    %load/vec4 v0x565283cd9280_0;
    %cmpi/e 55, 0, 7;
    %jmp/0xz  T_0.11, 4;
    %pushi/vec4 1, 0, 1;
    %store/vec4 v0x565283cd9420_0, 0, 1;
    %jmp T_0.12;
T_0.11 ;
    %pushi/vec4 0, 0, 1;
    %store/vec4 v0x565283cd9420_0, 0, 1;
T_0.12 ;
    %jmp T_0.10;
T_0.7 ;
    %pushi/vec4 4, 0, 3;
    %store/vec4 v0x565283cd8f60_0, 0, 3;
    %pushi/vec4 0, 0, 1;
    %store/vec4 v0x565283cd91c0_0, 0, 1;
    %pushi/vec4 1, 0, 1;
    %store/vec4 v0x565283cd9360_0, 0, 1;
    %pushi/vec4 0, 0, 2;
    %store/vec4 v0x565283cd94e0_0, 0, 2;
    %pushi/vec4 0, 0, 1;
    %store/vec4 v0x565283cd8c90_0, 0, 1;
    %pushi/vec4 0, 0, 1;
    %store/vec4 v0x565283cd9100_0, 0, 1;
    %pushi/vec4 1, 0, 1;
    %store/vec4 v0x565283cd8bf0_0, 0, 1;
    %pushi/vec4 0, 0, 2;
    %store/vec4 v0x565283cd8b10_0, 0, 2;
    %load/vec4 v0x565283cd9280_0;
    %cmpi/e 55, 0, 7;
    %jmp/0xz  T_0.13, 4;
    %pushi/vec4 1, 0, 1;
    %store/vec4 v0x565283cd9420_0, 0, 1;
    %jmp T_0.14;
T_0.13 ;
    %pushi/vec4 0, 0, 1;
    %store/vec4 v0x565283cd9420_0, 0, 1;
T_0.14 ;
    %jmp T_0.10;
T_0.8 ;
    %pushi/vec4 1, 0, 1;
    %store/vec4 v0x565283cd9360_0, 0, 1;
    %pushi/vec4 0, 0, 3;
    %store/vec4 v0x565283cd8f60_0, 0, 3;
    %pushi/vec4 0, 0, 1;
    %store/vec4 v0x565283cd91c0_0, 0, 1;
    %pushi/vec4 2, 0, 2;
    %store/vec4 v0x565283cd94e0_0, 0, 2;
    %pushi/vec4 0, 0, 1;
    %store/vec4 v0x565283cd8c90_0, 0, 1;
    %pushi/vec4 0, 0, 1;
    %store/vec4 v0x565283cd9100_0, 0, 1;
    %pushi/vec4 1, 0, 1;
    %store/vec4 v0x565283cd9040_0, 0, 1;
    %pushi/vec4 0, 0, 2;
    %store/vec4 v0x565283cd8b10_0, 0, 2;
    %pushi/vec4 1, 0, 1;
    %store/vec4 v0x565283cd8bf0_0, 0, 1;
    %pushi/vec4 0, 0, 1;
    %store/vec4 v0x565283cd9420_0, 0, 1;
    %jmp T_0.10;
T_0.10 ;
    %pop/vec4 1;
    %jmp T_0;
    .thread T_0, $push;
    .scope S_0x565283c9ba00;
T_1 ;
    %wait E_0x565283c8a400;
    %load/vec4 v0x565283cd8b10_0;
    %dup/vec4;
    %pushi/vec4 0, 0, 2;
    %cmp/u;
    %jmp/1 T_1.0, 6;
    %dup/vec4;
    %pushi/vec4 2, 0, 2;
    %cmp/u;
    %jmp/1 T_1.1, 6;
    %dup/vec4;
    %pushi/vec4 1, 0, 2;
    %cmp/u;
    %jmp/1 T_1.2, 6;
    %pushi/vec4 7, 0, 4;
    %store/vec4 v0x565283c50600_0, 0, 4;
    %jmp T_1.4;
T_1.0 ;
    %pushi/vec4 0, 0, 4;
    %store/vec4 v0x565283c50600_0, 0, 4;
    %jmp T_1.4;
T_1.1 ;
    %load/vec4 v0x565283cd8d50_0;
    %dup/vec4;
    %pushi/vec4 0, 0, 3;
    %cmp/u;
    %jmp/1 T_1.5, 6;
    %dup/vec4;
    %pushi/vec4 7, 0, 3;
    %cmp/u;
    %jmp/1 T_1.6, 6;
    %dup/vec4;
    %pushi/vec4 6, 0, 3;
    %cmp/u;
    %jmp/1 T_1.7, 6;
    %dup/vec4;
    %pushi/vec4 2, 0, 3;
    %cmp/u;
    %jmp/1 T_1.8, 6;
    %dup/vec4;
    %pushi/vec4 3, 0, 3;
    %cmp/u;
    %jmp/1 T_1.9, 6;
    %dup/vec4;
    %pushi/vec4 4, 0, 3;
    %cmp/u;
    %jmp/1 T_1.10, 6;
    %dup/vec4;
    %pushi/vec4 1, 0, 3;
    %cmp/u;
    %jmp/1 T_1.11, 6;
    %dup/vec4;
    %pushi/vec4 5, 0, 3;
    %cmp/u;
    %jmp/1 T_1.12, 6;
    %pushi/vec4 0, 0, 4;
    %store/vec4 v0x565283c50600_0, 0, 4;
    %jmp T_1.14;
T_1.5 ;
    %load/vec4 v0x565283cd9280_0;
    %cmpi/e 51, 0, 7;
    %flag_get/vec4 4;
    %jmp/0 T_1.17, 4;
    %load/vec4 v0x565283cd8e80_0;
    %pushi/vec4 32, 0, 7;
    %cmp/e;
    %flag_get/vec4 4;
    %and;
T_1.17;
    %flag_set/vec4 8;
    %jmp/0xz  T_1.15, 8;
    %pushi/vec4 1, 0, 4;
    %store/vec4 v0x565283c50600_0, 0, 4;
    %jmp T_1.16;
T_1.15 ;
    %pushi/vec4 0, 0, 4;
    %store/vec4 v0x565283c50600_0, 0, 4;
T_1.16 ;
    %jmp T_1.14;
T_1.6 ;
    %pushi/vec4 2, 0, 4;
    %store/vec4 v0x565283c50600_0, 0, 4;
    %jmp T_1.14;
T_1.7 ;
    %pushi/vec4 3, 0, 4;
    %store/vec4 v0x565283c50600_0, 0, 4;
    %jmp T_1.14;
T_1.8 ;
    %pushi/vec4 5, 0, 4;
    %store/vec4 v0x565283c50600_0, 0, 4;
    %jmp T_1.14;
T_1.9 ;
    %pushi/vec4 7, 0, 4;
    %store/vec4 v0x565283c50600_0, 0, 4;
    %jmp T_1.14;
T_1.10 ;
    %pushi/vec4 8, 0, 4;
    %store/vec4 v0x565283c50600_0, 0, 4;
    %jmp T_1.14;
T_1.11 ;
    %pushi/vec4 9, 0, 4;
    %store/vec4 v0x565283c50600_0, 0, 4;
    %jmp T_1.14;
T_1.12 ;
    %load/vec4 v0x565283cd8e80_0;
    %cmpi/e 32, 0, 7;
    %jmp/0xz  T_1.18, 4;
    %pushi/vec4 11, 0, 4;
    %store/vec4 v0x565283c50600_0, 0, 4;
    %jmp T_1.19;
T_1.18 ;
    %pushi/vec4 10, 0, 4;
    %store/vec4 v0x565283c50600_0, 0, 4;
T_1.19 ;
    %jmp T_1.14;
T_1.14 ;
    %pop/vec4 1;
    %jmp T_1.4;
T_1.2 ;
    %load/vec4 v0x565283cd8d50_0;
    %dup/vec4;
    %pushi/vec4 0, 0, 3;
    %cmp/u;
    %jmp/1 T_1.20, 6;
    %dup/vec4;
    %pushi/vec4 1, 0, 3;
    %cmp/u;
    %jmp/1 T_1.21, 6;
    %dup/vec4;
    %pushi/vec4 4, 0, 3;
    %cmp/u;
    %jmp/1 T_1.22, 6;
    %dup/vec4;
    %pushi/vec4 5, 0, 3;
    %cmp/u;
    %jmp/1 T_1.23, 6;
    %dup/vec4;
    %pushi/vec4 6, 0, 3;
    %cmp/u;
    %jmp/1 T_1.24, 6;
    %dup/vec4;
    %pushi/vec4 7, 0, 3;
    %cmp/u;
    %jmp/1 T_1.25, 6;
    %pushi/vec4 1, 0, 4;
    %store/vec4 v0x565283c50600_0, 0, 4;
    %jmp T_1.27;
T_1.20 ;
    %pushi/vec4 1, 0, 4;
    %store/vec4 v0x565283c50600_0, 0, 4;
    %jmp T_1.27;
T_1.21 ;
    %pushi/vec4 1, 0, 4;
    %store/vec4 v0x565283c50600_0, 0, 4;
    %jmp T_1.27;
T_1.22 ;
    %pushi/vec4 5, 0, 4;
    %store/vec4 v0x565283c50600_0, 0, 4;
    %jmp T_1.27;
T_1.23 ;
    %pushi/vec4 5, 0, 4;
    %store/vec4 v0x565283c50600_0, 0, 4;
    %jmp T_1.27;
T_1.24 ;
    %pushi/vec4 7, 0, 4;
    %store/vec4 v0x565283c50600_0, 0, 4;
    %jmp T_1.27;
T_1.25 ;
    %pushi/vec4 7, 0, 4;
    %store/vec4 v0x565283c50600_0, 0, 4;
    %jmp T_1.27;
T_1.27 ;
    %pop/vec4 1;
    %jmp T_1.4;
T_1.4 ;
    %pop/vec4 1;
    %jmp T_1;
    .thread T_1, $push;
    .scope S_0x565283c9b870;
T_2 ;
    %vpi_call 2 38 "$dumpfile", "../sim/control_wave.vcd" {0 0 0};
    %vpi_call 2 39 "$dumpvars", 32'sb00000000000000000000000000000000, S_0x565283c9b870 {0 0 0};
    %pushi/vec4 3, 0, 7;
    %store/vec4 v0x565283cd9ec0_0, 0, 7;
    %pushi/vec4 2, 0, 3;
    %store/vec4 v0x565283cd9a10_0, 0, 3;
    %pushi/vec4 0, 0, 7;
    %store/vec4 v0x565283cd9ae0_0, 0, 7;
    %delay 20000, 0;
    %vpi_call 2 42 "$display", "LW    : alu_control=%b imm_source=%b mem_write=%b reg_write=%b alu_source=%b wb_src=%b branch=%b jump=%b jalr=%b", v0x565283cd9760_0, v0x565283cd9b80_0, v0x565283cd9df0_0, v0x565283cd9f90_0, v0x565283cd9840_0, v0x565283cda130_0, v0x565283cd9910_0, v0x565283cd9d20_0, v0x565283cd9c50_0 {0 0 0};
    %pushi/vec4 35, 0, 7;
    %store/vec4 v0x565283cd9ec0_0, 0, 7;
    %pushi/vec4 2, 0, 3;
    %store/vec4 v0x565283cd9a10_0, 0, 3;
    %pushi/vec4 0, 0, 7;
    %store/vec4 v0x565283cd9ae0_0, 0, 7;
    %delay 20000, 0;
    %vpi_call 2 46 "$display", "SW    : alu_control=%b imm_source=%b mem_write=%b reg_write=%b alu_source=%b wb_src=%b branch=%b jump=%b jalr=%b", v0x565283cd9760_0, v0x565283cd9b80_0, v0x565283cd9df0_0, v0x565283cd9f90_0, v0x565283cd9840_0, v0x565283cda130_0, v0x565283cd9910_0, v0x565283cd9d20_0, v0x565283cd9c50_0 {0 0 0};
    %pushi/vec4 51, 0, 7;
    %store/vec4 v0x565283cd9ec0_0, 0, 7;
    %pushi/vec4 0, 0, 3;
    %store/vec4 v0x565283cd9a10_0, 0, 3;
    %pushi/vec4 0, 0, 7;
    %store/vec4 v0x565283cd9ae0_0, 0, 7;
    %delay 20000, 0;
    %vpi_call 2 50 "$display", "ADD   : alu_control=%b imm_source=%b mem_write=%b reg_write=%b alu_source=%b wb_src=%b branch=%b jump=%b jalr=%b", v0x565283cd9760_0, v0x565283cd9b80_0, v0x565283cd9df0_0, v0x565283cd9f90_0, v0x565283cd9840_0, v0x565283cda130_0, v0x565283cd9910_0, v0x565283cd9d20_0, v0x565283cd9c50_0 {0 0 0};
    %pushi/vec4 51, 0, 7;
    %store/vec4 v0x565283cd9ec0_0, 0, 7;
    %pushi/vec4 0, 0, 3;
    %store/vec4 v0x565283cd9a10_0, 0, 3;
    %pushi/vec4 32, 0, 7;
    %store/vec4 v0x565283cd9ae0_0, 0, 7;
    %delay 20000, 0;
    %vpi_call 2 54 "$display", "SUB   : alu_control=%b imm_source=%b mem_write=%b reg_write=%b alu_source=%b wb_src=%b branch=%b jump=%b jalr=%b", v0x565283cd9760_0, v0x565283cd9b80_0, v0x565283cd9df0_0, v0x565283cd9f90_0, v0x565283cd9840_0, v0x565283cda130_0, v0x565283cd9910_0, v0x565283cd9d20_0, v0x565283cd9c50_0 {0 0 0};
    %pushi/vec4 51, 0, 7;
    %store/vec4 v0x565283cd9ec0_0, 0, 7;
    %pushi/vec4 7, 0, 3;
    %store/vec4 v0x565283cd9a10_0, 0, 3;
    %pushi/vec4 0, 0, 7;
    %store/vec4 v0x565283cd9ae0_0, 0, 7;
    %delay 20000, 0;
    %vpi_call 2 58 "$display", "AND   : alu_control=%b imm_source=%b mem_write=%b reg_write=%b alu_source=%b wb_src=%b branch=%b jump=%b jalr=%b", v0x565283cd9760_0, v0x565283cd9b80_0, v0x565283cd9df0_0, v0x565283cd9f90_0, v0x565283cd9840_0, v0x565283cda130_0, v0x565283cd9910_0, v0x565283cd9d20_0, v0x565283cd9c50_0 {0 0 0};
    %pushi/vec4 51, 0, 7;
    %store/vec4 v0x565283cd9ec0_0, 0, 7;
    %pushi/vec4 6, 0, 3;
    %store/vec4 v0x565283cd9a10_0, 0, 3;
    %pushi/vec4 0, 0, 7;
    %store/vec4 v0x565283cd9ae0_0, 0, 7;
    %delay 20000, 0;
    %vpi_call 2 62 "$display", "OR    : alu_control=%b imm_source=%b mem_write=%b reg_write=%b alu_source=%b wb_src=%b branch=%b jump=%b jalr=%b", v0x565283cd9760_0, v0x565283cd9b80_0, v0x565283cd9df0_0, v0x565283cd9f90_0, v0x565283cd9840_0, v0x565283cda130_0, v0x565283cd9910_0, v0x565283cd9d20_0, v0x565283cd9c50_0 {0 0 0};
    %pushi/vec4 19, 0, 7;
    %store/vec4 v0x565283cd9ec0_0, 0, 7;
    %pushi/vec4 0, 0, 3;
    %store/vec4 v0x565283cd9a10_0, 0, 3;
    %pushi/vec4 0, 0, 7;
    %store/vec4 v0x565283cd9ae0_0, 0, 7;
    %delay 20000, 0;
    %vpi_call 2 66 "$display", "ADDI  : alu_control=%b imm_source=%b mem_write=%b reg_write=%b alu_source=%b wb_src=%b branch=%b jump=%b jalr=%b", v0x565283cd9760_0, v0x565283cd9b80_0, v0x565283cd9df0_0, v0x565283cd9f90_0, v0x565283cd9840_0, v0x565283cda130_0, v0x565283cd9910_0, v0x565283cd9d20_0, v0x565283cd9c50_0 {0 0 0};
    %pushi/vec4 19, 0, 7;
    %store/vec4 v0x565283cd9ec0_0, 0, 7;
    %pushi/vec4 2, 0, 3;
    %store/vec4 v0x565283cd9a10_0, 0, 3;
    %pushi/vec4 0, 0, 7;
    %store/vec4 v0x565283cd9ae0_0, 0, 7;
    %delay 20000, 0;
    %vpi_call 2 70 "$display", "SLTI  : alu_control=%b imm_source=%b mem_write=%b reg_write=%b alu_source=%b wb_src=%b branch=%b jump=%b jalr=%b", v0x565283cd9760_0, v0x565283cd9b80_0, v0x565283cd9df0_0, v0x565283cd9f90_0, v0x565283cd9840_0, v0x565283cda130_0, v0x565283cd9910_0, v0x565283cd9d20_0, v0x565283cd9c50_0 {0 0 0};
    %pushi/vec4 99, 0, 7;
    %store/vec4 v0x565283cd9ec0_0, 0, 7;
    %pushi/vec4 0, 0, 3;
    %store/vec4 v0x565283cd9a10_0, 0, 3;
    %pushi/vec4 0, 0, 7;
    %store/vec4 v0x565283cd9ae0_0, 0, 7;
    %delay 20000, 0;
    %vpi_call 2 74 "$display", "BEQ   : alu_control=%b imm_source=%b mem_write=%b reg_write=%b alu_source=%b wb_src=%b branch=%b jump=%b jalr=%b", v0x565283cd9760_0, v0x565283cd9b80_0, v0x565283cd9df0_0, v0x565283cd9f90_0, v0x565283cd9840_0, v0x565283cda130_0, v0x565283cd9910_0, v0x565283cd9d20_0, v0x565283cd9c50_0 {0 0 0};
    %pushi/vec4 99, 0, 7;
    %store/vec4 v0x565283cd9ec0_0, 0, 7;
    %pushi/vec4 1, 0, 3;
    %store/vec4 v0x565283cd9a10_0, 0, 3;
    %pushi/vec4 0, 0, 7;
    %store/vec4 v0x565283cd9ae0_0, 0, 7;
    %delay 20000, 0;
    %vpi_call 2 78 "$display", "BNE   : alu_control=%b imm_source=%b mem_write=%b reg_write=%b alu_source=%b wb_src=%b branch=%b jump=%b jalr=%b", v0x565283cd9760_0, v0x565283cd9b80_0, v0x565283cd9df0_0, v0x565283cd9f90_0, v0x565283cd9840_0, v0x565283cda130_0, v0x565283cd9910_0, v0x565283cd9d20_0, v0x565283cd9c50_0 {0 0 0};
    %pushi/vec4 111, 0, 7;
    %store/vec4 v0x565283cd9ec0_0, 0, 7;
    %pushi/vec4 0, 0, 3;
    %store/vec4 v0x565283cd9a10_0, 0, 3;
    %pushi/vec4 0, 0, 7;
    %store/vec4 v0x565283cd9ae0_0, 0, 7;
    %delay 20000, 0;
    %vpi_call 2 82 "$display", "JAL   : alu_control=%b imm_source=%b mem_write=%b reg_write=%b alu_source=%b wb_src=%b branch=%b jump=%b jalr=%b", v0x565283cd9760_0, v0x565283cd9b80_0, v0x565283cd9df0_0, v0x565283cd9f90_0, v0x565283cd9840_0, v0x565283cda130_0, v0x565283cd9910_0, v0x565283cd9d20_0, v0x565283cd9c50_0 {0 0 0};
    %pushi/vec4 103, 0, 7;
    %store/vec4 v0x565283cd9ec0_0, 0, 7;
    %pushi/vec4 0, 0, 3;
    %store/vec4 v0x565283cd9a10_0, 0, 3;
    %pushi/vec4 0, 0, 7;
    %store/vec4 v0x565283cd9ae0_0, 0, 7;
    %delay 20000, 0;
    %vpi_call 2 86 "$display", "JALR  : alu_control=%b imm_source=%b mem_write=%b reg_write=%b alu_source=%b wb_src=%b branch=%b jump=%b jalr=%b", v0x565283cd9760_0, v0x565283cd9b80_0, v0x565283cd9df0_0, v0x565283cd9f90_0, v0x565283cd9840_0, v0x565283cda130_0, v0x565283cd9910_0, v0x565283cd9d20_0, v0x565283cd9c50_0 {0 0 0};
    %pushi/vec4 55, 0, 7;
    %store/vec4 v0x565283cd9ec0_0, 0, 7;
    %pushi/vec4 0, 0, 3;
    %store/vec4 v0x565283cd9a10_0, 0, 3;
    %pushi/vec4 0, 0, 7;
    %store/vec4 v0x565283cd9ae0_0, 0, 7;
    %delay 20000, 0;
    %vpi_call 2 90 "$display", "LUI   : alu_control=%b imm_source=%b mem_write=%b reg_write=%b alu_source=%b wb_src=%b second_add_source=%b branch=%b jump=%b jalr=%b", v0x565283cd9760_0, v0x565283cd9b80_0, v0x565283cd9df0_0, v0x565283cd9f90_0, v0x565283cd9840_0, v0x565283cda130_0, v0x565283cda060_0, v0x565283cd9910_0, v0x565283cd9d20_0, v0x565283cd9c50_0 {0 0 0};
    %pushi/vec4 23, 0, 7;
    %store/vec4 v0x565283cd9ec0_0, 0, 7;
    %pushi/vec4 0, 0, 3;
    %store/vec4 v0x565283cd9a10_0, 0, 3;
    %pushi/vec4 0, 0, 7;
    %store/vec4 v0x565283cd9ae0_0, 0, 7;
    %delay 20000, 0;
    %vpi_call 2 94 "$display", "AUIPC : alu_control=%b imm_source=%b mem_write=%b reg_write=%b alu_source=%b wb_src=%b second_add_source=%b branch=%b jump=%b jalr=%b", v0x565283cd9760_0, v0x565283cd9b80_0, v0x565283cd9df0_0, v0x565283cd9f90_0, v0x565283cd9840_0, v0x565283cda130_0, v0x565283cda060_0, v0x565283cd9910_0, v0x565283cd9d20_0, v0x565283cd9c50_0 {0 0 0};
    %delay 20000, 0;
    %vpi_call 2 98 "$finish" {0 0 0};
    %end;
    .thread T_2;
# The file index is used to find the file name in the following table.
:file_names 4;
    "N/A";
    "<interactive>";
    "../tb/tb_control.v";
    "./../rtl/control.v";
