#! /usr/bin/vvp
:ivl_version "12.0 (stable)";
:ivl_delay_selection "TYPICAL";
:vpi_time_precision - 12;
:vpi_module "/usr/lib/x86_64-linux-gnu/ivl/system.vpi";
:vpi_module "/usr/lib/x86_64-linux-gnu/ivl/vhdl_sys.vpi";
:vpi_module "/usr/lib/x86_64-linux-gnu/ivl/vhdl_textio.vpi";
:vpi_module "/usr/lib/x86_64-linux-gnu/ivl/v2005_math.vpi";
:vpi_module "/usr/lib/x86_64-linux-gnu/ivl/va_math.vpi";
S_0x5b347b3c2a10 .scope module, "tb_cpu_top" "tb_cpu_top" 2 5;
 .timescale -9 -12;
v0x5b347b41b600_0 .var "clk", 0 0;
v0x5b347b41b6a0_0 .var "rst_n", 0 0;
S_0x5b347b3c5e60 .scope module, "dut" "cpu_top" 2 10, 3 21 0, S_0x5b347b3c2a10;
 .timescale -9 -12;
    .port_info 0 /INPUT 1 "clk";
    .port_info 1 /INPUT 1 "rst_n";
L_0x5b347b3c86a0 .functor BUFZ 32, v0x5b347b40aac0_0, C4<00000000000000000000000000000000>, C4<00000000000000000000000000000000>, C4<00000000000000000000000000000000>;
L_0x5b347b3c4e70 .functor BUFZ 32, v0x5b347b4182d0_0, C4<00000000000000000000000000000000>, C4<00000000000000000000000000000000>, C4<00000000000000000000000000000000>;
L_0x7b67f18a8018 .functor BUFT 1, C4<01>, C4<0>, C4<0>, C4<0>;
v0x5b347b418680_0 .net/2u *"_ivl_8", 1 0, L_0x7b67f18a8018;  1 drivers
v0x5b347b418780_0 .net "clk", 0 0, v0x5b347b41b600_0;  1 drivers
v0x5b347b418840_0 .net "control_mux_sel", 0 0, v0x5b347b415320_0;  1 drivers
v0x5b347b4188e0_0 .net "ex_mem_alu_result", 31 0, v0x5b347b40aac0_0;  1 drivers
v0x5b347b418980_0 .net "ex_mem_forward_data", 31 0, L_0x5b347b3c86a0;  1 drivers
v0x5b347b418a70_0 .net "ex_mem_mem_write", 0 0, v0x5b347b40ac80_0;  1 drivers
v0x5b347b418b10_0 .net "ex_mem_pc4", 31 0, v0x5b347b40ad40_0;  1 drivers
v0x5b347b418c00_0 .net "ex_mem_rd", 4 0, v0x5b347b40ae20_0;  1 drivers
v0x5b347b418cc0_0 .net "ex_mem_rdata2", 31 0, v0x5b347b40af00_0;  1 drivers
v0x5b347b418e10_0 .net "ex_mem_reg_write", 0 0, v0x5b347b40afe0_0;  1 drivers
v0x5b347b418eb0_0 .net "ex_mem_write_back_source", 1 0, v0x5b347b40b0a0_0;  1 drivers
v0x5b347b418f70_0 .net "ex_pc_src", 0 0, L_0x5b347b42e7a0;  1 drivers
v0x5b347b419010_0 .net "ex_pc_target", 31 0, L_0x5b347b42ef10;  1 drivers
v0x5b347b419120_0 .net "forward_a", 1 0, v0x5b347b40d8b0_0;  1 drivers
v0x5b347b419230_0 .net "forward_b", 1 0, v0x5b347b40d9b0_0;  1 drivers
v0x5b347b419340_0 .net "id_ex_alu_control", 3 0, v0x5b347b411220_0;  1 drivers
v0x5b347b419400_0 .net "id_ex_alu_source", 0 0, v0x5b347b411310_0;  1 drivers
v0x5b347b4194f0_0 .net "id_ex_branch", 0 0, v0x5b347b411440_0;  1 drivers
v0x5b347b4195e0_0 .net "id_ex_f3", 2 0, v0x5b347b411510_0;  1 drivers
v0x5b347b4196f0_0 .net "id_ex_f7", 6 0, v0x5b347b4115e0_0;  1 drivers
v0x5b347b419800_0 .net "id_ex_flush", 0 0, L_0x5b347b3ca680;  1 drivers
v0x5b347b4198f0_0 .net "id_ex_imm", 31 0, v0x5b347b411780_0;  1 drivers
v0x5b347b419a00_0 .net "id_ex_jalr", 0 0, v0x5b347b411850_0;  1 drivers
v0x5b347b419af0_0 .net "id_ex_jump", 0 0, v0x5b347b411920_0;  1 drivers
v0x5b347b419be0_0 .net "id_ex_mem_read", 0 0, L_0x5b347b41b960;  1 drivers
v0x5b347b419c80_0 .net "id_ex_mem_write", 0 0, v0x5b347b4119f0_0;  1 drivers
v0x5b347b419d70_0 .net "id_ex_op", 6 0, v0x5b347b411ac0_0;  1 drivers
v0x5b347b419e60_0 .net "id_ex_pc", 31 0, v0x5b347b411b90_0;  1 drivers
v0x5b347b419f70_0 .net "id_ex_pc4", 31 0, v0x5b347b411c60_0;  1 drivers
v0x5b347b41a080_0 .net "id_ex_rd", 4 0, v0x5b347b411d30_0;  1 drivers
v0x5b347b41a140_0 .net "id_ex_rdata1", 31 0, v0x5b347b411e00_0;  1 drivers
v0x5b347b41a250_0 .net "id_ex_rdata2", 31 0, v0x5b347b411ed0_0;  1 drivers
v0x5b347b41a360_0 .net "id_ex_reg_write", 0 0, v0x5b347b411fa0_0;  1 drivers
v0x5b347b41a450_0 .net "id_ex_rs1", 4 0, v0x5b347b412070_0;  1 drivers
v0x5b347b41a510_0 .net "id_ex_rs2", 4 0, v0x5b347b412110_0;  1 drivers
v0x5b347b41a5d0_0 .net "id_ex_write_back_source", 1 0, v0x5b347b412200_0;  1 drivers
v0x5b347b41a6e0_0 .net "if_id_flush", 0 0, L_0x5b347b3dd250;  1 drivers
v0x5b347b41a7d0_0 .net "if_id_instr", 31 0, v0x5b347b414730_0;  1 drivers
v0x5b347b41a890_0 .net "if_id_pc", 31 0, v0x5b347b414820_0;  1 drivers
v0x5b347b41a9a0_0 .net "if_id_pc4", 31 0, v0x5b347b4148c0_0;  1 drivers
v0x5b347b41aab0_0 .net "if_id_rs1", 4 0, L_0x5b347b41b790;  1 drivers
v0x5b347b41ab70_0 .net "if_id_rs2", 4 0, L_0x5b347b41b8c0;  1 drivers
v0x5b347b41ac10_0 .net "if_id_write", 0 0, v0x5b347b4157e0_0;  1 drivers
v0x5b347b41ad00_0 .net "mem_wb_alu_result", 31 0, v0x5b347b417280_0;  1 drivers
v0x5b347b41adf0_0 .net "mem_wb_mem_data", 31 0, v0x5b347b417340_0;  1 drivers
v0x5b347b41af00_0 .net "mem_wb_pc4", 31 0, v0x5b347b417420_0;  1 drivers
v0x5b347b41afc0_0 .net "mem_wb_rd", 4 0, v0x5b347b417500_0;  1 drivers
v0x5b347b41b060_0 .net "mem_wb_reg_write", 0 0, v0x5b347b4175c0_0;  1 drivers
v0x5b347b41b100_0 .net "mem_wb_write_back_source", 1 0, v0x5b347b417660_0;  1 drivers
v0x5b347b41b1f0_0 .net "pc_write", 0 0, v0x5b347b415880_0;  1 drivers
v0x5b347b41b2e0_0 .net "rst_n", 0 0, v0x5b347b41b6a0_0;  1 drivers
v0x5b347b41b380_0 .net "wb_forward_data", 31 0, L_0x5b347b3c4e70;  1 drivers
v0x5b347b41b420_0 .net "wb_rd", 4 0, L_0x5b347b42f490;  1 drivers
v0x5b347b41b4c0_0 .net "wb_wdata", 31 0, v0x5b347b4182d0_0;  1 drivers
v0x5b347b41b560_0 .net "wb_write_enable", 0 0, L_0x5b347b42f300;  1 drivers
L_0x5b347b41b790 .part v0x5b347b414730_0, 15, 5;
L_0x5b347b41b8c0 .part v0x5b347b414730_0, 20, 5;
L_0x5b347b41b960 .cmp/eq 2, v0x5b347b412200_0, L_0x7b67f18a8018;
S_0x5b347b3f4a10 .scope module, "BFU" "branch_flush" 3 111, 4 1 0, S_0x5b347b3c5e60;
 .timescale -9 -12;
    .port_info 0 /INPUT 1 "ex_pc_src";
    .port_info 1 /OUTPUT 1 "if_id_flush";
    .port_info 2 /OUTPUT 1 "id_ex_flush";
L_0x5b347b3dd250 .functor BUFZ 1, L_0x5b347b42e7a0, C4<0>, C4<0>, C4<0>;
L_0x5b347b3ca680 .functor BUFZ 1, L_0x5b347b42e7a0, C4<0>, C4<0>, C4<0>;
v0x5b347b3f4140_0 .net "ex_pc_src", 0 0, L_0x5b347b42e7a0;  alias, 1 drivers
v0x5b347b3f3050_0 .net "id_ex_flush", 0 0, L_0x5b347b3ca680;  alias, 1 drivers
v0x5b347b3c7230_0 .net "if_id_flush", 0 0, L_0x5b347b3dd250;  alias, 1 drivers
S_0x5b347b3c26f0 .scope module, "EX" "ex_stage" 3 214, 5 1 0, S_0x5b347b3c5e60;
 .timescale -9 -12;
    .port_info 0 /INPUT 1 "clk";
    .port_info 1 /INPUT 1 "rst_n";
    .port_info 2 /INPUT 32 "id_ex_pc";
    .port_info 3 /INPUT 32 "id_ex_pc4";
    .port_info 4 /INPUT 32 "id_ex_rdata1";
    .port_info 5 /INPUT 32 "id_ex_rdata2";
    .port_info 6 /INPUT 32 "id_ex_imm";
    .port_info 7 /INPUT 4 "id_ex_alu_control";
    .port_info 8 /INPUT 1 "id_ex_alu_source";
    .port_info 9 /INPUT 2 "id_ex_write_back_source";
    .port_info 10 /INPUT 1 "id_ex_mem_write";
    .port_info 11 /INPUT 1 "id_ex_reg_write";
    .port_info 12 /INPUT 1 "id_ex_branch";
    .port_info 13 /INPUT 1 "id_ex_jump";
    .port_info 14 /INPUT 1 "id_ex_jalr";
    .port_info 15 /INPUT 7 "id_ex_op";
    .port_info 16 /INPUT 3 "id_ex_f3";
    .port_info 17 /INPUT 7 "id_ex_f7";
    .port_info 18 /INPUT 5 "id_ex_rs1";
    .port_info 19 /INPUT 5 "id_ex_rs2";
    .port_info 20 /INPUT 5 "id_ex_rd";
    .port_info 21 /INPUT 2 "forward_a";
    .port_info 22 /INPUT 2 "forward_b";
    .port_info 23 /INPUT 32 "ex_mem_forward_data";
    .port_info 24 /INPUT 32 "wb_forward_data";
    .port_info 25 /OUTPUT 32 "ex_mem_alu_result";
    .port_info 26 /OUTPUT 32 "ex_mem_rdata2";
    .port_info 27 /OUTPUT 2 "ex_mem_write_back_source";
    .port_info 28 /OUTPUT 1 "ex_mem_mem_write";
    .port_info 29 /OUTPUT 1 "ex_mem_reg_write";
    .port_info 30 /OUTPUT 5 "ex_mem_rd";
    .port_info 31 /OUTPUT 32 "ex_mem_pc4";
    .port_info 32 /OUTPUT 1 "ex_pc_src";
    .port_info 33 /OUTPUT 32 "ex_pc_target";
L_0x5b347b42d1c0 .functor AND 1, L_0x5b347b42d0e0, L_0x5b347b42cc50, C4<1>, C4<1>;
L_0x5b347b42d4e0 .functor AND 1, L_0x5b347b42d230, L_0x5b347b42d360, C4<1>, C4<1>;
L_0x5b347b42d5a0 .functor OR 1, L_0x5b347b42d1c0, L_0x5b347b42d4e0, C4<0>, C4<0>;
L_0x5b347b42d7e0 .functor AND 1, L_0x5b347b42d740, L_0x5b347b42cde0, C4<1>, C4<1>;
L_0x5b347b42d8a0 .functor OR 1, L_0x5b347b42d5a0, L_0x5b347b42d7e0, C4<0>, C4<0>;
L_0x5b347b42dc30 .functor AND 1, L_0x5b347b42d9b0, L_0x5b347b42db00, C4<1>, C4<1>;
L_0x5b347b42dce0 .functor OR 1, L_0x5b347b42d8a0, L_0x5b347b42dc30, C4<0>, C4<0>;
L_0x5b347b42df50 .functor AND 1, L_0x5b347b42ddf0, L_0x5b347b42ced0, C4<1>, C4<1>;
L_0x5b347b42e060 .functor OR 1, L_0x5b347b42dce0, L_0x5b347b42df50, C4<0>, C4<0>;
L_0x5b347b42dee0 .functor AND 1, L_0x5b347b42e170, L_0x5b347b42e370, C4<1>, C4<1>;
L_0x5b347b42e540 .functor OR 1, L_0x5b347b42e060, L_0x5b347b42dee0, C4<0>, C4<0>;
L_0x5b347b42e600 .functor AND 1, v0x5b347b411440_0, L_0x5b347b42e540, C4<1>, C4<1>;
L_0x5b347b42e730 .functor OR 1, v0x5b347b411920_0, v0x5b347b411850_0, C4<0>, C4<0>;
L_0x5b347b42e7a0 .functor OR 1, L_0x5b347b42e730, L_0x5b347b42e600, C4<0>, C4<0>;
L_0x7b67f18a8378 .functor BUFT 1, C4<11111111111111111111111111111110>, C4<0>, C4<0>, C4<0>;
L_0x5b347b42e6c0 .functor AND 32, L_0x5b347b42eaf0, L_0x7b67f18a8378, C4<11111111111111111111111111111111>, C4<11111111111111111111111111111111>;
L_0x7b67f18a80a8 .functor BUFT 1, C4<0110111>, C4<0>, C4<0>, C4<0>;
v0x5b347b408890_0 .net/2u *"_ivl_0", 6 0, L_0x7b67f18a80a8;  1 drivers
v0x5b347b408990_0 .net *"_ivl_10", 31 0, L_0x5b347b42c890;  1 drivers
L_0x7b67f18a81c8 .functor BUFT 1, C4<000>, C4<0>, C4<0>, C4<0>;
v0x5b347b408a70_0 .net/2u *"_ivl_16", 2 0, L_0x7b67f18a81c8;  1 drivers
v0x5b347b408b30_0 .net *"_ivl_18", 0 0, L_0x5b347b42d0e0;  1 drivers
v0x5b347b408bf0_0 .net *"_ivl_21", 0 0, L_0x5b347b42d1c0;  1 drivers
L_0x7b67f18a8210 .functor BUFT 1, C4<001>, C4<0>, C4<0>, C4<0>;
v0x5b347b408d00_0 .net/2u *"_ivl_22", 2 0, L_0x7b67f18a8210;  1 drivers
v0x5b347b408de0_0 .net *"_ivl_24", 0 0, L_0x5b347b42d230;  1 drivers
v0x5b347b408ea0_0 .net *"_ivl_27", 0 0, L_0x5b347b42d360;  1 drivers
v0x5b347b408f60_0 .net *"_ivl_29", 0 0, L_0x5b347b42d4e0;  1 drivers
v0x5b347b409020_0 .net *"_ivl_30", 0 0, L_0x5b347b42d5a0;  1 drivers
L_0x7b67f18a8258 .functor BUFT 1, C4<100>, C4<0>, C4<0>, C4<0>;
v0x5b347b409100_0 .net/2u *"_ivl_32", 2 0, L_0x7b67f18a8258;  1 drivers
v0x5b347b4091e0_0 .net *"_ivl_34", 0 0, L_0x5b347b42d740;  1 drivers
v0x5b347b4092a0_0 .net *"_ivl_37", 0 0, L_0x5b347b42d7e0;  1 drivers
v0x5b347b409360_0 .net *"_ivl_38", 0 0, L_0x5b347b42d8a0;  1 drivers
L_0x7b67f18a80f0 .functor BUFT 1, C4<0010111>, C4<0>, C4<0>, C4<0>;
v0x5b347b409440_0 .net/2u *"_ivl_4", 6 0, L_0x7b67f18a80f0;  1 drivers
L_0x7b67f18a82a0 .functor BUFT 1, C4<101>, C4<0>, C4<0>, C4<0>;
v0x5b347b409520_0 .net/2u *"_ivl_40", 2 0, L_0x7b67f18a82a0;  1 drivers
v0x5b347b409600_0 .net *"_ivl_42", 0 0, L_0x5b347b42d9b0;  1 drivers
v0x5b347b4096c0_0 .net *"_ivl_45", 0 0, L_0x5b347b42db00;  1 drivers
v0x5b347b409780_0 .net *"_ivl_47", 0 0, L_0x5b347b42dc30;  1 drivers
v0x5b347b409840_0 .net *"_ivl_48", 0 0, L_0x5b347b42dce0;  1 drivers
L_0x7b67f18a82e8 .functor BUFT 1, C4<110>, C4<0>, C4<0>, C4<0>;
v0x5b347b409920_0 .net/2u *"_ivl_50", 2 0, L_0x7b67f18a82e8;  1 drivers
v0x5b347b409a00_0 .net *"_ivl_52", 0 0, L_0x5b347b42ddf0;  1 drivers
v0x5b347b409ac0_0 .net *"_ivl_55", 0 0, L_0x5b347b42df50;  1 drivers
v0x5b347b409b80_0 .net *"_ivl_56", 0 0, L_0x5b347b42e060;  1 drivers
L_0x7b67f18a8330 .functor BUFT 1, C4<111>, C4<0>, C4<0>, C4<0>;
v0x5b347b409c60_0 .net/2u *"_ivl_58", 2 0, L_0x7b67f18a8330;  1 drivers
v0x5b347b409d40_0 .net *"_ivl_60", 0 0, L_0x5b347b42e170;  1 drivers
v0x5b347b409e00_0 .net *"_ivl_63", 0 0, L_0x5b347b42e370;  1 drivers
v0x5b347b409ec0_0 .net *"_ivl_65", 0 0, L_0x5b347b42dee0;  1 drivers
v0x5b347b409f80_0 .net *"_ivl_66", 0 0, L_0x5b347b42e540;  1 drivers
v0x5b347b40a060_0 .net *"_ivl_70", 0 0, L_0x5b347b42e730;  1 drivers
v0x5b347b40a140_0 .net *"_ivl_74", 31 0, L_0x5b347b42e930;  1 drivers
v0x5b347b40a220_0 .net *"_ivl_76", 31 0, L_0x5b347b42eaf0;  1 drivers
v0x5b347b40a300_0 .net/2u *"_ivl_78", 31 0, L_0x7b67f18a8378;  1 drivers
L_0x7b67f18a8138 .functor BUFT 1, C4<00000000000000000000000000000000>, C4<0>, C4<0>, C4<0>;
v0x5b347b40a3e0_0 .net/2u *"_ivl_8", 31 0, L_0x7b67f18a8138;  1 drivers
v0x5b347b40a4c0_0 .net *"_ivl_80", 31 0, L_0x5b347b42e6c0;  1 drivers
v0x5b347b40a5a0_0 .net *"_ivl_82", 31 0, L_0x5b347b42ec70;  1 drivers
v0x5b347b40a680_0 .net *"_ivl_84", 31 0, L_0x5b347b42ed80;  1 drivers
v0x5b347b40a760_0 .net "alu_result", 31 0, v0x5b347b3dd370_0;  1 drivers
v0x5b347b40a820_0 .net "alu_src1", 31 0, L_0x5b347b42c980;  1 drivers
v0x5b347b40a8c0_0 .net "alu_src2", 31 0, L_0x5b347b42cb60;  1 drivers
v0x5b347b40a960_0 .net "branch_taken", 0 0, L_0x5b347b42e600;  1 drivers
v0x5b347b40aa00_0 .net "clk", 0 0, v0x5b347b41b600_0;  alias, 1 drivers
v0x5b347b40aac0_0 .var "ex_mem_alu_result", 31 0;
v0x5b347b40aba0_0 .net "ex_mem_forward_data", 31 0, L_0x5b347b3c86a0;  alias, 1 drivers
v0x5b347b40ac80_0 .var "ex_mem_mem_write", 0 0;
v0x5b347b40ad40_0 .var "ex_mem_pc4", 31 0;
v0x5b347b40ae20_0 .var "ex_mem_rd", 4 0;
v0x5b347b40af00_0 .var "ex_mem_rdata2", 31 0;
v0x5b347b40afe0_0 .var "ex_mem_reg_write", 0 0;
v0x5b347b40b0a0_0 .var "ex_mem_write_back_source", 1 0;
v0x5b347b40b180_0 .net "ex_pc_src", 0 0, L_0x5b347b42e7a0;  alias, 1 drivers
v0x5b347b40b220_0 .net "ex_pc_target", 31 0, L_0x5b347b42ef10;  alias, 1 drivers
v0x5b347b40b2e0_0 .net "forward_a", 1 0, v0x5b347b40d8b0_0;  alias, 1 drivers
v0x5b347b40b3c0_0 .net "forward_b", 1 0, v0x5b347b40d9b0_0;  alias, 1 drivers
v0x5b347b40b4a0_0 .var "forwarded_rs1", 31 0;
v0x5b347b40b580_0 .var "forwarded_rs2", 31 0;
v0x5b347b40b660_0 .net "id_ex_alu_control", 3 0, v0x5b347b411220_0;  alias, 1 drivers
v0x5b347b40b750_0 .net "id_ex_alu_source", 0 0, v0x5b347b411310_0;  alias, 1 drivers
v0x5b347b40b7f0_0 .net "id_ex_branch", 0 0, v0x5b347b411440_0;  alias, 1 drivers
v0x5b347b40b8b0_0 .net "id_ex_f3", 2 0, v0x5b347b411510_0;  alias, 1 drivers
v0x5b347b40b990_0 .net "id_ex_f7", 6 0, v0x5b347b4115e0_0;  alias, 1 drivers
v0x5b347b40ba70_0 .net "id_ex_imm", 31 0, v0x5b347b411780_0;  alias, 1 drivers
v0x5b347b40bb50_0 .net "id_ex_jalr", 0 0, v0x5b347b411850_0;  alias, 1 drivers
v0x5b347b40bc10_0 .net "id_ex_jump", 0 0, v0x5b347b411920_0;  alias, 1 drivers
v0x5b347b40bcd0_0 .net "id_ex_mem_write", 0 0, v0x5b347b4119f0_0;  alias, 1 drivers
v0x5b347b40c1a0_0 .net "id_ex_op", 6 0, v0x5b347b411ac0_0;  alias, 1 drivers
v0x5b347b40c280_0 .net "id_ex_pc", 31 0, v0x5b347b411b90_0;  alias, 1 drivers
v0x5b347b40c360_0 .net "id_ex_pc4", 31 0, v0x5b347b411c60_0;  alias, 1 drivers
v0x5b347b40c440_0 .net "id_ex_rd", 4 0, v0x5b347b411d30_0;  alias, 1 drivers
v0x5b347b40c520_0 .net "id_ex_rdata1", 31 0, v0x5b347b411e00_0;  alias, 1 drivers
v0x5b347b40c600_0 .net "id_ex_rdata2", 31 0, v0x5b347b411ed0_0;  alias, 1 drivers
v0x5b347b40c6e0_0 .net "id_ex_reg_write", 0 0, v0x5b347b411fa0_0;  alias, 1 drivers
v0x5b347b40c7a0_0 .net "id_ex_rs1", 4 0, v0x5b347b412070_0;  alias, 1 drivers
v0x5b347b40c880_0 .net "id_ex_rs2", 4 0, v0x5b347b412110_0;  alias, 1 drivers
v0x5b347b40c960_0 .net "id_ex_write_back_source", 1 0, v0x5b347b412200_0;  alias, 1 drivers
v0x5b347b40ca40_0 .net "is_auipc", 0 0, L_0x5b347b42c7a0;  1 drivers
v0x5b347b40cb00_0 .net "is_lui", 0 0, L_0x5b347b42c6b0;  1 drivers
v0x5b347b40cbc0_0 .net "less_than", 0 0, L_0x5b347b42cde0;  1 drivers
v0x5b347b40cc90_0 .net "less_than_u", 0 0, L_0x5b347b42ced0;  1 drivers
v0x5b347b40cd60_0 .net "rst_n", 0 0, v0x5b347b41b6a0_0;  alias, 1 drivers
v0x5b347b40ce00_0 .net "wb_forward_data", 31 0, L_0x5b347b3c4e70;  alias, 1 drivers
v0x5b347b40cec0_0 .net "zero", 0 0, L_0x5b347b42cc50;  1 drivers
E_0x5b347b335550 .event posedge, v0x5b347b40aa00_0;
E_0x5b347b335c80 .event anyedge, v0x5b347b40b3c0_0, v0x5b347b40c600_0, v0x5b347b40aba0_0, v0x5b347b40ce00_0;
E_0x5b347b336180 .event anyedge, v0x5b347b40b2e0_0, v0x5b347b40c520_0, v0x5b347b40aba0_0, v0x5b347b40ce00_0;
L_0x5b347b42c6b0 .cmp/eq 7, v0x5b347b411ac0_0, L_0x7b67f18a80a8;
L_0x5b347b42c7a0 .cmp/eq 7, v0x5b347b411ac0_0, L_0x7b67f18a80f0;
L_0x5b347b42c890 .functor MUXZ 32, v0x5b347b40b4a0_0, v0x5b347b411b90_0, L_0x5b347b42c7a0, C4<>;
L_0x5b347b42c980 .functor MUXZ 32, L_0x5b347b42c890, L_0x7b67f18a8138, L_0x5b347b42c6b0, C4<>;
L_0x5b347b42cb60 .functor MUXZ 32, v0x5b347b40b580_0, v0x5b347b411780_0, v0x5b347b411310_0, C4<>;
L_0x5b347b42d0e0 .cmp/eq 3, v0x5b347b411510_0, L_0x7b67f18a81c8;
L_0x5b347b42d230 .cmp/eq 3, v0x5b347b411510_0, L_0x7b67f18a8210;
L_0x5b347b42d360 .reduce/nor L_0x5b347b42cc50;
L_0x5b347b42d740 .cmp/eq 3, v0x5b347b411510_0, L_0x7b67f18a8258;
L_0x5b347b42d9b0 .cmp/eq 3, v0x5b347b411510_0, L_0x7b67f18a82a0;
L_0x5b347b42db00 .reduce/nor L_0x5b347b42cde0;
L_0x5b347b42ddf0 .cmp/eq 3, v0x5b347b411510_0, L_0x7b67f18a82e8;
L_0x5b347b42e170 .cmp/eq 3, v0x5b347b411510_0, L_0x7b67f18a8330;
L_0x5b347b42e370 .reduce/nor L_0x5b347b42ced0;
L_0x5b347b42e930 .arith/sum 32, v0x5b347b411b90_0, v0x5b347b411780_0;
L_0x5b347b42eaf0 .arith/sum 32, v0x5b347b40b4a0_0, v0x5b347b411780_0;
L_0x5b347b42ec70 .arith/sum 32, v0x5b347b411b90_0, v0x5b347b411780_0;
L_0x5b347b42ed80 .functor MUXZ 32, L_0x5b347b42ec70, L_0x5b347b42e6c0, v0x5b347b411850_0, C4<>;
L_0x5b347b42ef10 .functor MUXZ 32, L_0x5b347b42ed80, L_0x5b347b42e930, v0x5b347b411920_0, C4<>;
S_0x5b347b408010 .scope module, "ALU" "alu" 5 93, 6 1 0, S_0x5b347b3c26f0;
 .timescale -9 -12;
    .port_info 0 /INPUT 4 "alu_control";
    .port_info 1 /INPUT 32 "src1";
    .port_info 2 /INPUT 32 "src2";
    .port_info 3 /OUTPUT 32 "alu_result";
    .port_info 4 /OUTPUT 1 "zero";
    .port_info 5 /OUTPUT 1 "less_than";
    .port_info 6 /OUTPUT 1 "less_than_u";
L_0x7b67f18a8180 .functor BUFT 1, C4<00000000000000000000000000000000>, C4<0>, C4<0>, C4<0>;
v0x5b347b3c87c0_0 .net/2u *"_ivl_0", 31 0, L_0x7b67f18a8180;  1 drivers
v0x5b347b3c6af0_0 .net "alu_control", 3 0, v0x5b347b411220_0;  alias, 1 drivers
v0x5b347b3dd370_0 .var "alu_result", 31 0;
v0x5b347b3d4270_0 .net "less_than", 0 0, L_0x5b347b42cde0;  alias, 1 drivers
v0x5b347b4083e0_0 .net "less_than_u", 0 0, L_0x5b347b42ced0;  alias, 1 drivers
v0x5b347b4084f0_0 .net "src1", 31 0, L_0x5b347b42c980;  alias, 1 drivers
v0x5b347b4085d0_0 .net "src2", 31 0, L_0x5b347b42cb60;  alias, 1 drivers
v0x5b347b4086b0_0 .net "zero", 0 0, L_0x5b347b42cc50;  alias, 1 drivers
E_0x5b347b3f6760 .event anyedge, v0x5b347b3c6af0_0, v0x5b347b4084f0_0, v0x5b347b4085d0_0;
L_0x5b347b42cc50 .cmp/eq 32, v0x5b347b3dd370_0, L_0x7b67f18a8180;
L_0x5b347b42cde0 .cmp/gt.s 32, L_0x5b347b42cb60, L_0x5b347b42c980;
L_0x5b347b42ced0 .cmp/gt 32, L_0x5b347b42cb60, L_0x5b347b42c980;
S_0x5b347b40d3b0 .scope module, "FU" "forwarding_unit" 3 197, 7 1 0, S_0x5b347b3c5e60;
 .timescale -9 -12;
    .port_info 0 /INPUT 5 "id_ex_rs1";
    .port_info 1 /INPUT 5 "id_ex_rs2";
    .port_info 2 /INPUT 5 "ex_mem_rd";
    .port_info 3 /INPUT 1 "ex_mem_reg_write";
    .port_info 4 /INPUT 5 "mem_wb_rd";
    .port_info 5 /INPUT 1 "mem_wb_reg_write";
    .port_info 6 /OUTPUT 2 "forward_a";
    .port_info 7 /OUTPUT 2 "forward_b";
v0x5b347b40d6d0_0 .net "ex_mem_rd", 4 0, v0x5b347b40ae20_0;  alias, 1 drivers
v0x5b347b40d7e0_0 .net "ex_mem_reg_write", 0 0, v0x5b347b40afe0_0;  alias, 1 drivers
v0x5b347b40d8b0_0 .var "forward_a", 1 0;
v0x5b347b40d9b0_0 .var "forward_b", 1 0;
v0x5b347b40da80_0 .net "id_ex_rs1", 4 0, v0x5b347b412070_0;  alias, 1 drivers
v0x5b347b40db70_0 .net "id_ex_rs2", 4 0, v0x5b347b412110_0;  alias, 1 drivers
v0x5b347b40dc40_0 .net "mem_wb_rd", 4 0, v0x5b347b417500_0;  alias, 1 drivers
v0x5b347b40dce0_0 .net "mem_wb_reg_write", 0 0, v0x5b347b4175c0_0;  alias, 1 drivers
E_0x5b347b3205d0/0 .event anyedge, v0x5b347b40afe0_0, v0x5b347b40ae20_0, v0x5b347b40c7a0_0, v0x5b347b40dce0_0;
E_0x5b347b3205d0/1 .event anyedge, v0x5b347b40dc40_0, v0x5b347b40c880_0;
E_0x5b347b3205d0 .event/or E_0x5b347b3205d0/0, E_0x5b347b3205d0/1;
S_0x5b347b40ded0 .scope module, "ID" "id_stage" 3 140, 8 1 0, S_0x5b347b3c5e60;
 .timescale -9 -12;
    .port_info 0 /INPUT 1 "clk";
    .port_info 1 /INPUT 1 "rst_n";
    .port_info 2 /INPUT 1 "control_mux_sel";
    .port_info 3 /INPUT 1 "id_ex_flush";
    .port_info 4 /INPUT 32 "if_id_pc";
    .port_info 5 /INPUT 32 "if_id_pc4";
    .port_info 6 /INPUT 32 "if_id_instr";
    .port_info 7 /INPUT 1 "wb_write_enable";
    .port_info 8 /INPUT 5 "wb_rd";
    .port_info 9 /INPUT 32 "wb_wdata";
    .port_info 10 /OUTPUT 32 "id_ex_pc";
    .port_info 11 /OUTPUT 32 "id_ex_pc4";
    .port_info 12 /OUTPUT 32 "id_ex_rdata1";
    .port_info 13 /OUTPUT 32 "id_ex_rdata2";
    .port_info 14 /OUTPUT 32 "id_ex_imm";
    .port_info 15 /OUTPUT 4 "id_ex_alu_control";
    .port_info 16 /OUTPUT 1 "id_ex_alu_source";
    .port_info 17 /OUTPUT 2 "id_ex_write_back_source";
    .port_info 18 /OUTPUT 1 "id_ex_mem_write";
    .port_info 19 /OUTPUT 1 "id_ex_reg_write";
    .port_info 20 /OUTPUT 1 "id_ex_branch";
    .port_info 21 /OUTPUT 1 "id_ex_jump";
    .port_info 22 /OUTPUT 1 "id_ex_jalr";
    .port_info 23 /OUTPUT 7 "id_ex_op";
    .port_info 24 /OUTPUT 3 "id_ex_f3";
    .port_info 25 /OUTPUT 7 "id_ex_f7";
    .port_info 26 /OUTPUT 5 "id_ex_rs1";
    .port_info 27 /OUTPUT 5 "id_ex_rs2";
    .port_info 28 /OUTPUT 5 "id_ex_rd";
v0x5b347b410c40_0 .net "alu_control", 3 0, v0x5b347b40e750_0;  1 drivers
v0x5b347b410d30_0 .net "alu_source", 0 0, v0x5b347b40e930_0;  1 drivers
v0x5b347b410e00_0 .net "branch", 0 0, v0x5b347b40ea00_0;  1 drivers
v0x5b347b410f00_0 .net "clk", 0 0, v0x5b347b41b600_0;  alias, 1 drivers
v0x5b347b410ff0_0 .net "control_mux_sel", 0 0, v0x5b347b415320_0;  alias, 1 drivers
v0x5b347b4110e0_0 .net "func3", 2 0, L_0x5b347b42c040;  1 drivers
v0x5b347b411180_0 .net "func7", 6 0, L_0x5b347b42c130;  1 drivers
v0x5b347b411220_0 .var "id_ex_alu_control", 3 0;
v0x5b347b411310_0 .var "id_ex_alu_source", 0 0;
v0x5b347b411440_0 .var "id_ex_branch", 0 0;
v0x5b347b411510_0 .var "id_ex_f3", 2 0;
v0x5b347b4115e0_0 .var "id_ex_f7", 6 0;
v0x5b347b4116b0_0 .net "id_ex_flush", 0 0, L_0x5b347b3ca680;  alias, 1 drivers
v0x5b347b411780_0 .var "id_ex_imm", 31 0;
v0x5b347b411850_0 .var "id_ex_jalr", 0 0;
v0x5b347b411920_0 .var "id_ex_jump", 0 0;
v0x5b347b4119f0_0 .var "id_ex_mem_write", 0 0;
v0x5b347b411ac0_0 .var "id_ex_op", 6 0;
v0x5b347b411b90_0 .var "id_ex_pc", 31 0;
v0x5b347b411c60_0 .var "id_ex_pc4", 31 0;
v0x5b347b411d30_0 .var "id_ex_rd", 4 0;
v0x5b347b411e00_0 .var "id_ex_rdata1", 31 0;
v0x5b347b411ed0_0 .var "id_ex_rdata2", 31 0;
v0x5b347b411fa0_0 .var "id_ex_reg_write", 0 0;
v0x5b347b412070_0 .var "id_ex_rs1", 4 0;
v0x5b347b412110_0 .var "id_ex_rs2", 4 0;
v0x5b347b412200_0 .var "id_ex_write_back_source", 1 0;
v0x5b347b4122a0_0 .net "if_id_instr", 31 0, v0x5b347b414730_0;  alias, 1 drivers
v0x5b347b412340_0 .net "if_id_pc", 31 0, v0x5b347b414820_0;  alias, 1 drivers
v0x5b347b4123e0_0 .net "if_id_pc4", 31 0, v0x5b347b4148c0_0;  alias, 1 drivers
v0x5b347b412480_0 .net "imm", 31 0, L_0x5b347b42c5f0;  1 drivers
v0x5b347b412550_0 .net "imm_source", 2 0, v0x5b347b40ecd0_0;  1 drivers
v0x5b347b412640_0 .net "jalr", 0 0, v0x5b347b40edb0_0;  1 drivers
v0x5b347b4126e0_0 .net "jump", 0 0, v0x5b347b40ee70_0;  1 drivers
v0x5b347b4127b0_0 .net "mem_write", 0 0, v0x5b347b40ef30_0;  1 drivers
v0x5b347b412880_0 .net "op", 6 0, L_0x5b347b42bf50;  1 drivers
v0x5b347b412950_0 .net "rd", 4 0, L_0x5b347b42c510;  1 drivers
v0x5b347b4129f0_0 .net "reg_write", 0 0, v0x5b347b40f0d0_0;  1 drivers
v0x5b347b412ac0_0 .net "rf_rdata1", 31 0, v0x5b347b40fc70_0;  1 drivers
v0x5b347b412b90_0 .net "rf_rdata2", 31 0, v0x5b347b40fd80_0;  1 drivers
v0x5b347b412c60_0 .net "rs1", 4 0, L_0x5b347b42c330;  1 drivers
v0x5b347b412d30_0 .net "rs2", 4 0, L_0x5b347b42c420;  1 drivers
v0x5b347b412e00_0 .net "rst_n", 0 0, v0x5b347b41b6a0_0;  alias, 1 drivers
v0x5b347b412ed0_0 .net "second_add_source", 0 0, v0x5b347b40f190_0;  1 drivers
v0x5b347b412fa0_0 .net "wb_rd", 4 0, L_0x5b347b42f490;  alias, 1 drivers
v0x5b347b413070_0 .net "wb_wdata", 31 0, v0x5b347b4182d0_0;  alias, 1 drivers
v0x5b347b413140_0 .net "wb_write_enable", 0 0, L_0x5b347b42f300;  alias, 1 drivers
v0x5b347b413210_0 .net "write_back_source", 1 0, v0x5b347b40f250_0;  1 drivers
L_0x5b347b42bf50 .part v0x5b347b414730_0, 0, 7;
L_0x5b347b42c040 .part v0x5b347b414730_0, 12, 3;
L_0x5b347b42c130 .part v0x5b347b414730_0, 25, 7;
L_0x5b347b42c330 .part v0x5b347b414730_0, 15, 5;
L_0x5b347b42c420 .part v0x5b347b414730_0, 20, 5;
L_0x5b347b42c510 .part v0x5b347b414730_0, 7, 5;
S_0x5b347b40e320 .scope module, "CTRL" "control" 8 66, 9 1 0, S_0x5b347b40ded0;
 .timescale -9 -12;
    .port_info 0 /INPUT 7 "op";
    .port_info 1 /INPUT 3 "func3";
    .port_info 2 /INPUT 7 "func7";
    .port_info 3 /OUTPUT 4 "alu_control";
    .port_info 4 /OUTPUT 3 "imm_source";
    .port_info 5 /OUTPUT 1 "mem_write";
    .port_info 6 /OUTPUT 1 "reg_write";
    .port_info 7 /OUTPUT 1 "alu_source";
    .port_info 8 /OUTPUT 2 "write_back_source";
    .port_info 9 /OUTPUT 1 "second_add_source";
    .port_info 10 /OUTPUT 1 "branch";
    .port_info 11 /OUTPUT 1 "jump";
    .port_info 12 /OUTPUT 1 "jalr";
v0x5b347b40e750_0 .var "alu_control", 3 0;
v0x5b347b40e850_0 .var "alu_op", 1 0;
v0x5b347b40e930_0 .var "alu_source", 0 0;
v0x5b347b40ea00_0 .var "branch", 0 0;
v0x5b347b40eac0_0 .net "func3", 2 0, L_0x5b347b42c040;  alias, 1 drivers
v0x5b347b40ebf0_0 .net "func7", 6 0, L_0x5b347b42c130;  alias, 1 drivers
v0x5b347b40ecd0_0 .var "imm_source", 2 0;
v0x5b347b40edb0_0 .var "jalr", 0 0;
v0x5b347b40ee70_0 .var "jump", 0 0;
v0x5b347b40ef30_0 .var "mem_write", 0 0;
v0x5b347b40eff0_0 .net "op", 6 0, L_0x5b347b42bf50;  alias, 1 drivers
v0x5b347b40f0d0_0 .var "reg_write", 0 0;
v0x5b347b40f190_0 .var "second_add_source", 0 0;
v0x5b347b40f250_0 .var "write_back_source", 1 0;
E_0x5b347b40e660 .event anyedge, v0x5b347b40e850_0, v0x5b347b40eac0_0, v0x5b347b40eff0_0, v0x5b347b40ebf0_0;
E_0x5b347b40e6f0 .event anyedge, v0x5b347b40eff0_0;
S_0x5b347b40f4d0 .scope module, "RF" "reg_file" 8 83, 10 1 0, S_0x5b347b40ded0;
 .timescale -9 -12;
    .port_info 0 /INPUT 1 "clk";
    .port_info 1 /INPUT 5 "address1";
    .port_info 2 /INPUT 5 "address2";
    .port_info 3 /OUTPUT 32 "read_data1";
    .port_info 4 /OUTPUT 32 "read_data2";
    .port_info 5 /INPUT 1 "write_enable";
    .port_info 6 /INPUT 5 "address3";
    .port_info 7 /INPUT 32 "write_data";
v0x5b347b40f900_0 .net "address1", 4 0, L_0x5b347b42c330;  alias, 1 drivers
v0x5b347b40fa00_0 .net "address2", 4 0, L_0x5b347b42c420;  alias, 1 drivers
v0x5b347b40fae0_0 .net "address3", 4 0, L_0x5b347b42f490;  alias, 1 drivers
v0x5b347b40fba0_0 .net "clk", 0 0, v0x5b347b41b600_0;  alias, 1 drivers
v0x5b347b40fc70_0 .var "read_data1", 31 0;
v0x5b347b40fd80_0 .var "read_data2", 31 0;
v0x5b347b40fe60 .array "register", 0 31, 31 0;
v0x5b347b410320_0 .net "write_data", 31 0, v0x5b347b4182d0_0;  alias, 1 drivers
v0x5b347b410400_0 .net "write_enable", 0 0, L_0x5b347b42f300;  alias, 1 drivers
v0x5b347b40fe60_0 .array/port v0x5b347b40fe60, 0;
v0x5b347b40fe60_1 .array/port v0x5b347b40fe60, 1;
v0x5b347b40fe60_2 .array/port v0x5b347b40fe60, 2;
E_0x5b347b40f7a0/0 .event anyedge, v0x5b347b40f900_0, v0x5b347b40fe60_0, v0x5b347b40fe60_1, v0x5b347b40fe60_2;
v0x5b347b40fe60_3 .array/port v0x5b347b40fe60, 3;
v0x5b347b40fe60_4 .array/port v0x5b347b40fe60, 4;
v0x5b347b40fe60_5 .array/port v0x5b347b40fe60, 5;
v0x5b347b40fe60_6 .array/port v0x5b347b40fe60, 6;
E_0x5b347b40f7a0/1 .event anyedge, v0x5b347b40fe60_3, v0x5b347b40fe60_4, v0x5b347b40fe60_5, v0x5b347b40fe60_6;
v0x5b347b40fe60_7 .array/port v0x5b347b40fe60, 7;
v0x5b347b40fe60_8 .array/port v0x5b347b40fe60, 8;
v0x5b347b40fe60_9 .array/port v0x5b347b40fe60, 9;
v0x5b347b40fe60_10 .array/port v0x5b347b40fe60, 10;
E_0x5b347b40f7a0/2 .event anyedge, v0x5b347b40fe60_7, v0x5b347b40fe60_8, v0x5b347b40fe60_9, v0x5b347b40fe60_10;
v0x5b347b40fe60_11 .array/port v0x5b347b40fe60, 11;
v0x5b347b40fe60_12 .array/port v0x5b347b40fe60, 12;
v0x5b347b40fe60_13 .array/port v0x5b347b40fe60, 13;
v0x5b347b40fe60_14 .array/port v0x5b347b40fe60, 14;
E_0x5b347b40f7a0/3 .event anyedge, v0x5b347b40fe60_11, v0x5b347b40fe60_12, v0x5b347b40fe60_13, v0x5b347b40fe60_14;
v0x5b347b40fe60_15 .array/port v0x5b347b40fe60, 15;
v0x5b347b40fe60_16 .array/port v0x5b347b40fe60, 16;
v0x5b347b40fe60_17 .array/port v0x5b347b40fe60, 17;
v0x5b347b40fe60_18 .array/port v0x5b347b40fe60, 18;
E_0x5b347b40f7a0/4 .event anyedge, v0x5b347b40fe60_15, v0x5b347b40fe60_16, v0x5b347b40fe60_17, v0x5b347b40fe60_18;
v0x5b347b40fe60_19 .array/port v0x5b347b40fe60, 19;
v0x5b347b40fe60_20 .array/port v0x5b347b40fe60, 20;
v0x5b347b40fe60_21 .array/port v0x5b347b40fe60, 21;
v0x5b347b40fe60_22 .array/port v0x5b347b40fe60, 22;
E_0x5b347b40f7a0/5 .event anyedge, v0x5b347b40fe60_19, v0x5b347b40fe60_20, v0x5b347b40fe60_21, v0x5b347b40fe60_22;
v0x5b347b40fe60_23 .array/port v0x5b347b40fe60, 23;
v0x5b347b40fe60_24 .array/port v0x5b347b40fe60, 24;
v0x5b347b40fe60_25 .array/port v0x5b347b40fe60, 25;
v0x5b347b40fe60_26 .array/port v0x5b347b40fe60, 26;
E_0x5b347b40f7a0/6 .event anyedge, v0x5b347b40fe60_23, v0x5b347b40fe60_24, v0x5b347b40fe60_25, v0x5b347b40fe60_26;
v0x5b347b40fe60_27 .array/port v0x5b347b40fe60, 27;
v0x5b347b40fe60_28 .array/port v0x5b347b40fe60, 28;
v0x5b347b40fe60_29 .array/port v0x5b347b40fe60, 29;
v0x5b347b40fe60_30 .array/port v0x5b347b40fe60, 30;
E_0x5b347b40f7a0/7 .event anyedge, v0x5b347b40fe60_27, v0x5b347b40fe60_28, v0x5b347b40fe60_29, v0x5b347b40fe60_30;
v0x5b347b40fe60_31 .array/port v0x5b347b40fe60, 31;
E_0x5b347b40f7a0/8 .event anyedge, v0x5b347b40fe60_31, v0x5b347b40fa00_0;
E_0x5b347b40f7a0 .event/or E_0x5b347b40f7a0/0, E_0x5b347b40f7a0/1, E_0x5b347b40f7a0/2, E_0x5b347b40f7a0/3, E_0x5b347b40f7a0/4, E_0x5b347b40f7a0/5, E_0x5b347b40f7a0/6, E_0x5b347b40f7a0/7, E_0x5b347b40f7a0/8;
S_0x5b347b4105c0 .scope module, "SE" "sign_ext" 8 96, 11 1 0, S_0x5b347b40ded0;
 .timescale -9 -12;
    .port_info 0 /INPUT 32 "raw_src";
    .port_info 1 /INPUT 3 "imm_source";
    .port_info 2 /OUTPUT 32 "immediate";
L_0x5b347b42c5f0 .functor BUFZ 32, v0x5b347b410820_0, C4<00000000000000000000000000000000>, C4<00000000000000000000000000000000>, C4<00000000000000000000000000000000>;
v0x5b347b410820_0 .var "gathered_imm", 31 0;
v0x5b347b410920_0 .net "imm_source", 2 0, v0x5b347b40ecd0_0;  alias, 1 drivers
v0x5b347b410a10_0 .net "immediate", 31 0, L_0x5b347b42c5f0;  alias, 1 drivers
v0x5b347b410ae0_0 .net "raw_src", 31 0, v0x5b347b414730_0;  alias, 1 drivers
E_0x5b347b4107a0 .event anyedge, v0x5b347b40ecd0_0, v0x5b347b410ae0_0;
S_0x5b347b4135a0 .scope module, "IF" "if_stage" 3 121, 12 1 0, S_0x5b347b3c5e60;
 .timescale -9 -12;
    .port_info 0 /INPUT 1 "clk";
    .port_info 1 /INPUT 1 "rst_n";
    .port_info 2 /INPUT 1 "pc_write";
    .port_info 3 /INPUT 1 "if_id_write";
    .port_info 4 /INPUT 1 "if_id_flush";
    .port_info 5 /INPUT 1 "ex_pc_src";
    .port_info 6 /INPUT 32 "ex_pc_target";
    .port_info 7 /OUTPUT 32 "if_id_pc";
    .port_info 8 /OUTPUT 32 "if_id_pc4";
    .port_info 9 /OUTPUT 32 "if_id_instr";
L_0x7b67f18a8060 .functor BUFT 1, C4<00000000000000000000000000000100>, C4<0>, C4<0>, C4<0>;
v0x5b347b414280_0 .net/2u *"_ivl_0", 31 0, L_0x7b67f18a8060;  1 drivers
v0x5b347b414380_0 .net *"_ivl_2", 31 0, L_0x5b347b42bb40;  1 drivers
v0x5b347b414460_0 .net "clk", 0 0, v0x5b347b41b600_0;  alias, 1 drivers
v0x5b347b414500_0 .net "ex_pc_src", 0 0, L_0x5b347b42e7a0;  alias, 1 drivers
v0x5b347b4145a0_0 .net "ex_pc_target", 31 0, L_0x5b347b42ef10;  alias, 1 drivers
v0x5b347b414690_0 .net "if_id_flush", 0 0, L_0x5b347b3dd250;  alias, 1 drivers
v0x5b347b414730_0 .var "if_id_instr", 31 0;
v0x5b347b414820_0 .var "if_id_pc", 31 0;
v0x5b347b4148c0_0 .var "if_id_pc4", 31 0;
v0x5b347b4149f0_0 .net "if_id_write", 0 0, v0x5b347b4157e0_0;  alias, 1 drivers
v0x5b347b414a90_0 .net "instr", 31 0, L_0x5b347b33d430;  1 drivers
v0x5b347b414b80_0 .var "pc", 31 0;
v0x5b347b414c50_0 .net "pc_next", 31 0, L_0x5b347b42bc30;  1 drivers
v0x5b347b414d10_0 .net "pc_write", 0 0, v0x5b347b415880_0;  alias, 1 drivers
v0x5b347b414dd0_0 .net "rst_n", 0 0, v0x5b347b41b6a0_0;  alias, 1 drivers
L_0x5b347b42bb40 .arith/sum 32, v0x5b347b414b80_0, L_0x7b67f18a8060;
L_0x5b347b42bc30 .functor MUXZ 32, L_0x5b347b42bb40, L_0x5b347b42ef10, L_0x5b347b42e7a0, C4<>;
S_0x5b347b4138d0 .scope module, "IMEM" "imem" 12 49, 13 1 0, S_0x5b347b4135a0;
 .timescale -9 -12;
    .port_info 0 /INPUT 1 "clk";
    .port_info 1 /INPUT 1 "rst_n";
    .port_info 2 /INPUT 32 "address";
    .port_info 3 /OUTPUT 32 "read_data";
L_0x5b347b33d430 .functor BUFZ 32, L_0x5b347b42bd20, C4<00000000000000000000000000000000>, C4<00000000000000000000000000000000>, C4<00000000000000000000000000000000>;
v0x5b347b413ad0_0 .net *"_ivl_0", 31 0, L_0x5b347b42bd20;  1 drivers
v0x5b347b413bd0_0 .net *"_ivl_3", 29 0, L_0x5b347b42bdc0;  1 drivers
v0x5b347b413cb0_0 .net "address", 31 0, v0x5b347b414b80_0;  1 drivers
v0x5b347b413da0_0 .net "clk", 0 0, v0x5b347b41b600_0;  alias, 1 drivers
v0x5b347b413e40_0 .var/i "i", 31 0;
v0x5b347b413f70 .array "mem", 63 0, 31 0;
v0x5b347b414030_0 .net "read_data", 31 0, L_0x5b347b33d430;  alias, 1 drivers
v0x5b347b414110_0 .net "rst_n", 0 0, v0x5b347b41b6a0_0;  alias, 1 drivers
L_0x5b347b42bd20 .array/port v0x5b347b413f70, L_0x5b347b42bdc0;
L_0x5b347b42bdc0 .part v0x5b347b414b80_0, 2, 30;
S_0x5b347b415010 .scope module, "LSU" "load_stall" 3 182, 14 1 0, S_0x5b347b3c5e60;
 .timescale -9 -12;
    .port_info 0 /INPUT 5 "if_id_rs1";
    .port_info 1 /INPUT 5 "if_id_rs2";
    .port_info 2 /INPUT 5 "id_ex_rd";
    .port_info 3 /INPUT 1 "id_ex_mem_read";
    .port_info 4 /OUTPUT 1 "pc_write";
    .port_info 5 /OUTPUT 1 "if_id_write";
    .port_info 6 /OUTPUT 1 "control_mux_sel";
v0x5b347b415320_0 .var "control_mux_sel", 0 0;
v0x5b347b415410_0 .net "id_ex_mem_read", 0 0, L_0x5b347b41b960;  alias, 1 drivers
v0x5b347b4154b0_0 .net "id_ex_rd", 4 0, v0x5b347b411d30_0;  alias, 1 drivers
v0x5b347b4155d0_0 .net "if_id_rs1", 4 0, L_0x5b347b41b790;  alias, 1 drivers
v0x5b347b4156b0_0 .net "if_id_rs2", 4 0, L_0x5b347b41b8c0;  alias, 1 drivers
v0x5b347b4157e0_0 .var "if_id_write", 0 0;
v0x5b347b415880_0 .var "pc_write", 0 0;
E_0x5b347b415290 .event anyedge, v0x5b347b415410_0, v0x5b347b40c440_0, v0x5b347b4155d0_0, v0x5b347b4156b0_0;
S_0x5b347b415a00 .scope module, "MEM" "mem_stage" 3 262, 15 1 0, S_0x5b347b3c5e60;
 .timescale -9 -12;
    .port_info 0 /INPUT 1 "clk";
    .port_info 1 /INPUT 1 "rst_n";
    .port_info 2 /INPUT 32 "ex_mem_alu_result";
    .port_info 3 /INPUT 32 "ex_mem_rdata2";
    .port_info 4 /INPUT 2 "ex_mem_write_back_source";
    .port_info 5 /INPUT 1 "ex_mem_mem_write";
    .port_info 6 /INPUT 1 "ex_mem_reg_write";
    .port_info 7 /INPUT 5 "ex_mem_rd";
    .port_info 8 /INPUT 32 "ex_mem_pc4";
    .port_info 9 /OUTPUT 32 "mem_wb_alu_result";
    .port_info 10 /OUTPUT 32 "mem_wb_mem_data";
    .port_info 11 /OUTPUT 2 "mem_wb_write_back_source";
    .port_info 12 /OUTPUT 1 "mem_wb_reg_write";
    .port_info 13 /OUTPUT 5 "mem_wb_rd";
    .port_info 14 /OUTPUT 32 "mem_wb_pc4";
v0x5b347b416a30_0 .net "clk", 0 0, v0x5b347b41b600_0;  alias, 1 drivers
v0x5b347b416af0_0 .net "dmem_read_data", 31 0, L_0x5b347b42ed10;  1 drivers
v0x5b347b416be0_0 .net "ex_mem_alu_result", 31 0, v0x5b347b40aac0_0;  alias, 1 drivers
v0x5b347b416cb0_0 .net "ex_mem_mem_write", 0 0, v0x5b347b40ac80_0;  alias, 1 drivers
v0x5b347b416d50_0 .net "ex_mem_pc4", 31 0, v0x5b347b40ad40_0;  alias, 1 drivers
v0x5b347b416e40_0 .net "ex_mem_rd", 4 0, v0x5b347b40ae20_0;  alias, 1 drivers
v0x5b347b416f30_0 .net "ex_mem_rdata2", 31 0, v0x5b347b40af00_0;  alias, 1 drivers
v0x5b347b417040_0 .net "ex_mem_reg_write", 0 0, v0x5b347b40afe0_0;  alias, 1 drivers
v0x5b347b417130_0 .net "ex_mem_write_back_source", 1 0, v0x5b347b40b0a0_0;  alias, 1 drivers
v0x5b347b417280_0 .var "mem_wb_alu_result", 31 0;
v0x5b347b417340_0 .var "mem_wb_mem_data", 31 0;
v0x5b347b417420_0 .var "mem_wb_pc4", 31 0;
v0x5b347b417500_0 .var "mem_wb_rd", 4 0;
v0x5b347b4175c0_0 .var "mem_wb_reg_write", 0 0;
v0x5b347b417660_0 .var "mem_wb_write_back_source", 1 0;
v0x5b347b417700_0 .net "rst_n", 0 0, v0x5b347b41b6a0_0;  alias, 1 drivers
S_0x5b347b415d50 .scope module, "DMEM" "dmem" 15 24, 16 1 0, S_0x5b347b415a00;
 .timescale -9 -12;
    .port_info 0 /INPUT 1 "clk";
    .port_info 1 /INPUT 1 "rst_n";
    .port_info 2 /INPUT 32 "address";
    .port_info 3 /INPUT 32 "write_data";
    .port_info 4 /INPUT 1 "write_enable";
    .port_info 5 /OUTPUT 32 "read_data";
L_0x5b347b42ed10 .functor BUFZ 32, L_0x5b347b42f0d0, C4<00000000000000000000000000000000>, C4<00000000000000000000000000000000>, C4<00000000000000000000000000000000>;
v0x5b347b415ff0_0 .net *"_ivl_0", 31 0, L_0x5b347b42f0d0;  1 drivers
v0x5b347b4160f0_0 .net *"_ivl_3", 29 0, L_0x5b347b42f170;  1 drivers
v0x5b347b4161d0_0 .net "address", 31 0, v0x5b347b40aac0_0;  alias, 1 drivers
v0x5b347b4162d0_0 .net "clk", 0 0, v0x5b347b41b600_0;  alias, 1 drivers
v0x5b347b416370_0 .var/i "i", 31 0;
v0x5b347b416480 .array "mem", 63 0, 31 0;
v0x5b347b416540_0 .net "read_data", 31 0, L_0x5b347b42ed10;  alias, 1 drivers
v0x5b347b416620_0 .net "rst_n", 0 0, v0x5b347b41b6a0_0;  alias, 1 drivers
v0x5b347b416750_0 .net "write_data", 31 0, v0x5b347b40af00_0;  alias, 1 drivers
v0x5b347b4168a0_0 .net "write_enable", 0 0, v0x5b347b40ac80_0;  alias, 1 drivers
L_0x5b347b42f0d0 .array/port v0x5b347b416480, L_0x5b347b42f170;
L_0x5b347b42f170 .part v0x5b347b40aac0_0, 2, 30;
S_0x5b347b417980 .scope module, "WB" "wb_stage" 3 285, 17 1 0, S_0x5b347b3c5e60;
 .timescale -9 -12;
    .port_info 0 /INPUT 32 "mem_wb_alu_result";
    .port_info 1 /INPUT 32 "mem_wb_mem_data";
    .port_info 2 /INPUT 32 "mem_wb_pc4";
    .port_info 3 /INPUT 2 "mem_wb_write_back_source";
    .port_info 4 /INPUT 1 "mem_wb_reg_write";
    .port_info 5 /INPUT 5 "mem_wb_rd";
    .port_info 6 /OUTPUT 1 "wb_write_enable";
    .port_info 7 /OUTPUT 5 "wb_rd";
    .port_info 8 /OUTPUT 32 "wb_wdata";
L_0x5b347b42f300 .functor BUFZ 1, v0x5b347b4175c0_0, C4<0>, C4<0>, C4<0>;
L_0x5b347b42f490 .functor BUFZ 5, v0x5b347b417500_0, C4<00000>, C4<00000>, C4<00000>;
v0x5b347b417c90_0 .net "mem_wb_alu_result", 31 0, v0x5b347b417280_0;  alias, 1 drivers
v0x5b347b417d70_0 .net "mem_wb_mem_data", 31 0, v0x5b347b417340_0;  alias, 1 drivers
v0x5b347b417e10_0 .net "mem_wb_pc4", 31 0, v0x5b347b417420_0;  alias, 1 drivers
v0x5b347b417f10_0 .net "mem_wb_rd", 4 0, v0x5b347b417500_0;  alias, 1 drivers
v0x5b347b418000_0 .net "mem_wb_reg_write", 0 0, v0x5b347b4175c0_0;  alias, 1 drivers
v0x5b347b418140_0 .net "mem_wb_write_back_source", 1 0, v0x5b347b417660_0;  alias, 1 drivers
v0x5b347b4181e0_0 .net "wb_rd", 4 0, L_0x5b347b42f490;  alias, 1 drivers
v0x5b347b4182d0_0 .var "wb_wdata", 31 0;
v0x5b347b4183e0_0 .net "wb_write_enable", 0 0, L_0x5b347b42f300;  alias, 1 drivers
E_0x5b347b4151a0 .event anyedge, v0x5b347b417660_0, v0x5b347b417280_0, v0x5b347b417340_0, v0x5b347b417420_0;
    .scope S_0x5b347b4138d0;
T_0 ;
    %wait E_0x5b347b335550;
    %load/vec4 v0x5b347b414110_0;
    %nor/r;
    %flag_set/vec4 8;
    %jmp/0xz  T_0.0, 8;
    %pushi/vec4 0, 0, 32;
    %store/vec4 v0x5b347b413e40_0, 0, 32;
T_0.2 ;
    %load/vec4 v0x5b347b413e40_0;
    %cmpi/s 64, 0, 32;
    %jmp/0xz T_0.3, 5;
    %pushi/vec4 0, 0, 32;
    %ix/getv/s 3, v0x5b347b413e40_0;
    %ix/load 4, 0, 0; Constant delay
    %assign/vec4/a/d v0x5b347b413f70, 0, 4;
    %load/vec4 v0x5b347b413e40_0;
    %addi 1, 0, 32;
    %store/vec4 v0x5b347b413e40_0, 0, 32;
    %jmp T_0.2;
T_0.3 ;
T_0.0 ;
    %jmp T_0;
    .thread T_0;
    .scope S_0x5b347b4135a0;
T_1 ;
    %wait E_0x5b347b335550;
    %load/vec4 v0x5b347b414dd0_0;
    %nor/r;
    %flag_set/vec4 8;
    %jmp/0xz  T_1.0, 8;
    %pushi/vec4 0, 0, 32;
    %assign/vec4 v0x5b347b414b80_0, 0;
    %jmp T_1.1;
T_1.0 ;
    %load/vec4 v0x5b347b414d10_0;
    %flag_set/vec4 8;
    %jmp/0xz  T_1.2, 8;
    %load/vec4 v0x5b347b414c50_0;
    %assign/vec4 v0x5b347b414b80_0, 0;
T_1.2 ;
T_1.1 ;
    %jmp T_1;
    .thread T_1;
    .scope S_0x5b347b4135a0;
T_2 ;
    %wait E_0x5b347b335550;
    %load/vec4 v0x5b347b414dd0_0;
    %nor/r;
    %flag_set/vec4 8;
    %jmp/0xz  T_2.0, 8;
    %pushi/vec4 0, 0, 32;
    %assign/vec4 v0x5b347b414820_0, 0;
    %pushi/vec4 0, 0, 32;
    %assign/vec4 v0x5b347b4148c0_0, 0;
    %pushi/vec4 0, 0, 32;
    %assign/vec4 v0x5b347b414730_0, 0;
    %jmp T_2.1;
T_2.0 ;
    %load/vec4 v0x5b347b414690_0;
    %flag_set/vec4 8;
    %jmp/0xz  T_2.2, 8;
    %pushi/vec4 0, 0, 32;
    %assign/vec4 v0x5b347b414820_0, 0;
    %pushi/vec4 0, 0, 32;
    %assign/vec4 v0x5b347b4148c0_0, 0;
    %pushi/vec4 0, 0, 32;
    %assign/vec4 v0x5b347b414730_0, 0;
    %jmp T_2.3;
T_2.2 ;
    %load/vec4 v0x5b347b4149f0_0;
    %flag_set/vec4 8;
    %jmp/0xz  T_2.4, 8;
    %load/vec4 v0x5b347b414b80_0;
    %assign/vec4 v0x5b347b414820_0, 0;
    %load/vec4 v0x5b347b414b80_0;
    %addi 4, 0, 32;
    %assign/vec4 v0x5b347b4148c0_0, 0;
    %load/vec4 v0x5b347b414a90_0;
    %assign/vec4 v0x5b347b414730_0, 0;
    %jmp T_2.5;
T_2.4 ;
    %load/vec4 v0x5b347b414820_0;
    %assign/vec4 v0x5b347b414820_0, 0;
    %load/vec4 v0x5b347b4148c0_0;
    %assign/vec4 v0x5b347b4148c0_0, 0;
    %load/vec4 v0x5b347b414730_0;
    %assign/vec4 v0x5b347b414730_0, 0;
T_2.5 ;
T_2.3 ;
T_2.1 ;
    %jmp T_2;
    .thread T_2;
    .scope S_0x5b347b40e320;
T_3 ;
    %wait E_0x5b347b40e6f0;
    %pushi/vec4 0, 0, 1;
    %store/vec4 v0x5b347b40f0d0_0, 0, 1;
    %pushi/vec4 0, 0, 3;
    %store/vec4 v0x5b347b40ecd0_0, 0, 3;
    %pushi/vec4 0, 0, 1;
    %store/vec4 v0x5b347b40ef30_0, 0, 1;
    %pushi/vec4 0, 0, 2;
    %store/vec4 v0x5b347b40e850_0, 0, 2;
    %pushi/vec4 0, 0, 1;
    %store/vec4 v0x5b347b40e930_0, 0, 1;
    %pushi/vec4 0, 0, 2;
    %store/vec4 v0x5b347b40f250_0, 0, 2;
    %pushi/vec4 0, 0, 1;
    %store/vec4 v0x5b347b40f190_0, 0, 1;
    %pushi/vec4 0, 0, 1;
    %store/vec4 v0x5b347b40ea00_0, 0, 1;
    %pushi/vec4 0, 0, 1;
    %store/vec4 v0x5b347b40ee70_0, 0, 1;
    %pushi/vec4 0, 0, 1;
    %store/vec4 v0x5b347b40edb0_0, 0, 1;
    %load/vec4 v0x5b347b40eff0_0;
    %dup/vec4;
    %pushi/vec4 3, 0, 7;
    %cmp/u;
    %jmp/1 T_3.0, 6;
    %dup/vec4;
    %pushi/vec4 35, 0, 7;
    %cmp/u;
    %jmp/1 T_3.1, 6;
    %dup/vec4;
    %pushi/vec4 51, 0, 7;
    %cmp/u;
    %jmp/1 T_3.2, 6;
    %dup/vec4;
    %pushi/vec4 99, 0, 7;
    %cmp/u;
    %jmp/1 T_3.3, 6;
    %dup/vec4;
    %pushi/vec4 111, 0, 7;
    %cmp/u;
    %jmp/1 T_3.4, 6;
    %dup/vec4;
    %pushi/vec4 19, 0, 7;
    %cmp/u;
    %jmp/1 T_3.5, 6;
    %dup/vec4;
    %pushi/vec4 55, 0, 7;
    %cmp/u;
    %jmp/1 T_3.6, 6;
    %dup/vec4;
    %pushi/vec4 23, 0, 7;
    %cmp/u;
    %jmp/1 T_3.7, 6;
    %dup/vec4;
    %pushi/vec4 103, 0, 7;
    %cmp/u;
    %jmp/1 T_3.8, 6;
    %pushi/vec4 0, 0, 1;
    %store/vec4 v0x5b347b40f0d0_0, 0, 1;
    %pushi/vec4 0, 0, 3;
    %store/vec4 v0x5b347b40ecd0_0, 0, 3;
    %pushi/vec4 0, 0, 1;
    %store/vec4 v0x5b347b40ef30_0, 0, 1;
    %pushi/vec4 0, 0, 2;
    %store/vec4 v0x5b347b40e850_0, 0, 2;
    %pushi/vec4 0, 0, 1;
    %store/vec4 v0x5b347b40e930_0, 0, 1;
    %pushi/vec4 0, 0, 1;
    %store/vec4 v0x5b347b40ea00_0, 0, 1;
    %pushi/vec4 0, 0, 1;
    %store/vec4 v0x5b347b40ee70_0, 0, 1;
    %jmp T_3.10;
T_3.0 ;
    %pushi/vec4 1, 0, 1;
    %store/vec4 v0x5b347b40f0d0_0, 0, 1;
    %pushi/vec4 0, 0, 3;
    %store/vec4 v0x5b347b40ecd0_0, 0, 3;
    %pushi/vec4 0, 0, 1;
    %store/vec4 v0x5b347b40ef30_0, 0, 1;
    %pushi/vec4 0, 0, 2;
    %store/vec4 v0x5b347b40e850_0, 0, 2;
    %pushi/vec4 1, 0, 1;
    %store/vec4 v0x5b347b40e930_0, 0, 1;
    %pushi/vec4 1, 0, 2;
    %store/vec4 v0x5b347b40f250_0, 0, 2;
    %pushi/vec4 0, 0, 1;
    %store/vec4 v0x5b347b40ea00_0, 0, 1;
    %pushi/vec4 0, 0, 1;
    %store/vec4 v0x5b347b40ee70_0, 0, 1;
    %jmp T_3.10;
T_3.1 ;
    %pushi/vec4 0, 0, 1;
    %store/vec4 v0x5b347b40f0d0_0, 0, 1;
    %pushi/vec4 1, 0, 3;
    %store/vec4 v0x5b347b40ecd0_0, 0, 3;
    %pushi/vec4 1, 0, 1;
    %store/vec4 v0x5b347b40ef30_0, 0, 1;
    %pushi/vec4 0, 0, 2;
    %store/vec4 v0x5b347b40e850_0, 0, 2;
    %pushi/vec4 1, 0, 1;
    %store/vec4 v0x5b347b40e930_0, 0, 1;
    %pushi/vec4 0, 0, 1;
    %store/vec4 v0x5b347b40ea00_0, 0, 1;
    %pushi/vec4 0, 0, 1;
    %store/vec4 v0x5b347b40ee70_0, 0, 1;
    %jmp T_3.10;
T_3.2 ;
    %pushi/vec4 1, 0, 1;
    %store/vec4 v0x5b347b40f0d0_0, 0, 1;
    %pushi/vec4 0, 0, 1;
    %store/vec4 v0x5b347b40ef30_0, 0, 1;
    %pushi/vec4 2, 0, 2;
    %store/vec4 v0x5b347b40e850_0, 0, 2;
    %pushi/vec4 0, 0, 1;
    %store/vec4 v0x5b347b40e930_0, 0, 1;
    %pushi/vec4 0, 0, 2;
    %store/vec4 v0x5b347b40f250_0, 0, 2;
    %pushi/vec4 0, 0, 1;
    %store/vec4 v0x5b347b40ea00_0, 0, 1;
    %pushi/vec4 0, 0, 1;
    %store/vec4 v0x5b347b40ee70_0, 0, 1;
    %jmp T_3.10;
T_3.3 ;
    %pushi/vec4 0, 0, 1;
    %store/vec4 v0x5b347b40f0d0_0, 0, 1;
    %pushi/vec4 2, 0, 3;
    %store/vec4 v0x5b347b40ecd0_0, 0, 3;
    %pushi/vec4 0, 0, 1;
    %store/vec4 v0x5b347b40e930_0, 0, 1;
    %pushi/vec4 0, 0, 1;
    %store/vec4 v0x5b347b40ef30_0, 0, 1;
    %pushi/vec4 1, 0, 2;
    %store/vec4 v0x5b347b40e850_0, 0, 2;
    %pushi/vec4 1, 0, 1;
    %store/vec4 v0x5b347b40ea00_0, 0, 1;
    %pushi/vec4 0, 0, 1;
    %store/vec4 v0x5b347b40ee70_0, 0, 1;
    %pushi/vec4 0, 0, 1;
    %store/vec4 v0x5b347b40f190_0, 0, 1;
    %jmp T_3.10;
T_3.4 ;
    %pushi/vec4 1, 0, 1;
    %store/vec4 v0x5b347b40f0d0_0, 0, 1;
    %pushi/vec4 3, 0, 3;
    %store/vec4 v0x5b347b40ecd0_0, 0, 3;
    %pushi/vec4 0, 0, 1;
    %store/vec4 v0x5b347b40ef30_0, 0, 1;
    %pushi/vec4 2, 0, 2;
    %store/vec4 v0x5b347b40f250_0, 0, 2;
    %pushi/vec4 0, 0, 1;
    %store/vec4 v0x5b347b40ea00_0, 0, 1;
    %pushi/vec4 1, 0, 1;
    %store/vec4 v0x5b347b40ee70_0, 0, 1;
    %pushi/vec4 0, 0, 1;
    %store/vec4 v0x5b347b40f190_0, 0, 1;
    %jmp T_3.10;
T_3.5 ;
    %pushi/vec4 1, 0, 1;
    %store/vec4 v0x5b347b40f0d0_0, 0, 1;
    %pushi/vec4 0, 0, 3;
    %store/vec4 v0x5b347b40ecd0_0, 0, 3;
    %pushi/vec4 1, 0, 1;
    %store/vec4 v0x5b347b40e930_0, 0, 1;
    %pushi/vec4 0, 0, 1;
    %store/vec4 v0x5b347b40ef30_0, 0, 1;
    %pushi/vec4 2, 0, 2;
    %store/vec4 v0x5b347b40e850_0, 0, 2;
    %pushi/vec4 0, 0, 2;
    %store/vec4 v0x5b347b40f250_0, 0, 2;
    %pushi/vec4 0, 0, 1;
    %store/vec4 v0x5b347b40ea00_0, 0, 1;
    %pushi/vec4 0, 0, 1;
    %store/vec4 v0x5b347b40ee70_0, 0, 1;
    %jmp T_3.10;
T_3.6 ;
    %pushi/vec4 4, 0, 3;
    %store/vec4 v0x5b347b40ecd0_0, 0, 3;
    %pushi/vec4 0, 0, 1;
    %store/vec4 v0x5b347b40ef30_0, 0, 1;
    %pushi/vec4 1, 0, 1;
    %store/vec4 v0x5b347b40f0d0_0, 0, 1;
    %pushi/vec4 0, 0, 2;
    %store/vec4 v0x5b347b40f250_0, 0, 2;
    %pushi/vec4 0, 0, 1;
    %store/vec4 v0x5b347b40ea00_0, 0, 1;
    %pushi/vec4 0, 0, 1;
    %store/vec4 v0x5b347b40ee70_0, 0, 1;
    %pushi/vec4 1, 0, 1;
    %store/vec4 v0x5b347b40e930_0, 0, 1;
    %pushi/vec4 0, 0, 2;
    %store/vec4 v0x5b347b40e850_0, 0, 2;
    %load/vec4 v0x5b347b40eff0_0;
    %cmpi/e 55, 0, 7;
    %jmp/0xz  T_3.11, 4;
    %pushi/vec4 1, 0, 1;
    %store/vec4 v0x5b347b40f190_0, 0, 1;
    %jmp T_3.12;
T_3.11 ;
    %pushi/vec4 0, 0, 1;
    %store/vec4 v0x5b347b40f190_0, 0, 1;
T_3.12 ;
    %jmp T_3.10;
T_3.7 ;
    %pushi/vec4 4, 0, 3;
    %store/vec4 v0x5b347b40ecd0_0, 0, 3;
    %pushi/vec4 0, 0, 1;
    %store/vec4 v0x5b347b40ef30_0, 0, 1;
    %pushi/vec4 1, 0, 1;
    %store/vec4 v0x5b347b40f0d0_0, 0, 1;
    %pushi/vec4 0, 0, 2;
    %store/vec4 v0x5b347b40f250_0, 0, 2;
    %pushi/vec4 0, 0, 1;
    %store/vec4 v0x5b347b40ea00_0, 0, 1;
    %pushi/vec4 0, 0, 1;
    %store/vec4 v0x5b347b40ee70_0, 0, 1;
    %pushi/vec4 1, 0, 1;
    %store/vec4 v0x5b347b40e930_0, 0, 1;
    %pushi/vec4 0, 0, 2;
    %store/vec4 v0x5b347b40e850_0, 0, 2;
    %load/vec4 v0x5b347b40eff0_0;
    %cmpi/e 55, 0, 7;
    %jmp/0xz  T_3.13, 4;
    %pushi/vec4 1, 0, 1;
    %store/vec4 v0x5b347b40f190_0, 0, 1;
    %jmp T_3.14;
T_3.13 ;
    %pushi/vec4 0, 0, 1;
    %store/vec4 v0x5b347b40f190_0, 0, 1;
T_3.14 ;
    %jmp T_3.10;
T_3.8 ;
    %pushi/vec4 1, 0, 1;
    %store/vec4 v0x5b347b40f0d0_0, 0, 1;
    %pushi/vec4 0, 0, 3;
    %store/vec4 v0x5b347b40ecd0_0, 0, 3;
    %pushi/vec4 0, 0, 1;
    %store/vec4 v0x5b347b40ef30_0, 0, 1;
    %pushi/vec4 2, 0, 2;
    %store/vec4 v0x5b347b40f250_0, 0, 2;
    %pushi/vec4 0, 0, 1;
    %store/vec4 v0x5b347b40ea00_0, 0, 1;
    %pushi/vec4 0, 0, 1;
    %store/vec4 v0x5b347b40ee70_0, 0, 1;
    %pushi/vec4 1, 0, 1;
    %store/vec4 v0x5b347b40edb0_0, 0, 1;
    %pushi/vec4 0, 0, 2;
    %store/vec4 v0x5b347b40e850_0, 0, 2;
    %pushi/vec4 1, 0, 1;
    %store/vec4 v0x5b347b40e930_0, 0, 1;
    %pushi/vec4 0, 0, 1;
    %store/vec4 v0x5b347b40f190_0, 0, 1;
    %jmp T_3.10;
T_3.10 ;
    %pop/vec4 1;
    %jmp T_3;
    .thread T_3, $push;
    .scope S_0x5b347b40e320;
T_4 ;
    %wait E_0x5b347b40e660;
    %load/vec4 v0x5b347b40e850_0;
    %dup/vec4;
    %pushi/vec4 0, 0, 2;
    %cmp/u;
    %jmp/1 T_4.0, 6;
    %dup/vec4;
    %pushi/vec4 2, 0, 2;
    %cmp/u;
    %jmp/1 T_4.1, 6;
    %dup/vec4;
    %pushi/vec4 1, 0, 2;
    %cmp/u;
    %jmp/1 T_4.2, 6;
    %pushi/vec4 7, 0, 4;
    %store/vec4 v0x5b347b40e750_0, 0, 4;
    %jmp T_4.4;
T_4.0 ;
    %pushi/vec4 0, 0, 4;
    %store/vec4 v0x5b347b40e750_0, 0, 4;
    %jmp T_4.4;
T_4.1 ;
    %load/vec4 v0x5b347b40eac0_0;
    %dup/vec4;
    %pushi/vec4 0, 0, 3;
    %cmp/u;
    %jmp/1 T_4.5, 6;
    %dup/vec4;
    %pushi/vec4 7, 0, 3;
    %cmp/u;
    %jmp/1 T_4.6, 6;
    %dup/vec4;
    %pushi/vec4 6, 0, 3;
    %cmp/u;
    %jmp/1 T_4.7, 6;
    %dup/vec4;
    %pushi/vec4 2, 0, 3;
    %cmp/u;
    %jmp/1 T_4.8, 6;
    %dup/vec4;
    %pushi/vec4 3, 0, 3;
    %cmp/u;
    %jmp/1 T_4.9, 6;
    %dup/vec4;
    %pushi/vec4 4, 0, 3;
    %cmp/u;
    %jmp/1 T_4.10, 6;
    %dup/vec4;
    %pushi/vec4 1, 0, 3;
    %cmp/u;
    %jmp/1 T_4.11, 6;
    %dup/vec4;
    %pushi/vec4 5, 0, 3;
    %cmp/u;
    %jmp/1 T_4.12, 6;
    %pushi/vec4 0, 0, 4;
    %store/vec4 v0x5b347b40e750_0, 0, 4;
    %jmp T_4.14;
T_4.5 ;
    %load/vec4 v0x5b347b40eff0_0;
    %cmpi/e 51, 0, 7;
    %flag_get/vec4 4;
    %jmp/0 T_4.17, 4;
    %load/vec4 v0x5b347b40ebf0_0;
    %pushi/vec4 32, 0, 7;
    %cmp/e;
    %flag_get/vec4 4;
    %and;
T_4.17;
    %flag_set/vec4 8;
    %jmp/0xz  T_4.15, 8;
    %pushi/vec4 1, 0, 4;
    %store/vec4 v0x5b347b40e750_0, 0, 4;
    %jmp T_4.16;
T_4.15 ;
    %pushi/vec4 0, 0, 4;
    %store/vec4 v0x5b347b40e750_0, 0, 4;
T_4.16 ;
    %jmp T_4.14;
T_4.6 ;
    %pushi/vec4 2, 0, 4;
    %store/vec4 v0x5b347b40e750_0, 0, 4;
    %jmp T_4.14;
T_4.7 ;
    %pushi/vec4 3, 0, 4;
    %store/vec4 v0x5b347b40e750_0, 0, 4;
    %jmp T_4.14;
T_4.8 ;
    %pushi/vec4 5, 0, 4;
    %store/vec4 v0x5b347b40e750_0, 0, 4;
    %jmp T_4.14;
T_4.9 ;
    %pushi/vec4 7, 0, 4;
    %store/vec4 v0x5b347b40e750_0, 0, 4;
    %jmp T_4.14;
T_4.10 ;
    %pushi/vec4 8, 0, 4;
    %store/vec4 v0x5b347b40e750_0, 0, 4;
    %jmp T_4.14;
T_4.11 ;
    %pushi/vec4 9, 0, 4;
    %store/vec4 v0x5b347b40e750_0, 0, 4;
    %jmp T_4.14;
T_4.12 ;
    %load/vec4 v0x5b347b40ebf0_0;
    %cmpi/e 32, 0, 7;
    %jmp/0xz  T_4.18, 4;
    %pushi/vec4 11, 0, 4;
    %store/vec4 v0x5b347b40e750_0, 0, 4;
    %jmp T_4.19;
T_4.18 ;
    %pushi/vec4 10, 0, 4;
    %store/vec4 v0x5b347b40e750_0, 0, 4;
T_4.19 ;
    %jmp T_4.14;
T_4.14 ;
    %pop/vec4 1;
    %jmp T_4.4;
T_4.2 ;
    %load/vec4 v0x5b347b40eac0_0;
    %dup/vec4;
    %pushi/vec4 0, 0, 3;
    %cmp/u;
    %jmp/1 T_4.20, 6;
    %dup/vec4;
    %pushi/vec4 1, 0, 3;
    %cmp/u;
    %jmp/1 T_4.21, 6;
    %dup/vec4;
    %pushi/vec4 4, 0, 3;
    %cmp/u;
    %jmp/1 T_4.22, 6;
    %dup/vec4;
    %pushi/vec4 5, 0, 3;
    %cmp/u;
    %jmp/1 T_4.23, 6;
    %dup/vec4;
    %pushi/vec4 6, 0, 3;
    %cmp/u;
    %jmp/1 T_4.24, 6;
    %dup/vec4;
    %pushi/vec4 7, 0, 3;
    %cmp/u;
    %jmp/1 T_4.25, 6;
    %pushi/vec4 1, 0, 4;
    %store/vec4 v0x5b347b40e750_0, 0, 4;
    %jmp T_4.27;
T_4.20 ;
    %pushi/vec4 1, 0, 4;
    %store/vec4 v0x5b347b40e750_0, 0, 4;
    %jmp T_4.27;
T_4.21 ;
    %pushi/vec4 1, 0, 4;
    %store/vec4 v0x5b347b40e750_0, 0, 4;
    %jmp T_4.27;
T_4.22 ;
    %pushi/vec4 5, 0, 4;
    %store/vec4 v0x5b347b40e750_0, 0, 4;
    %jmp T_4.27;
T_4.23 ;
    %pushi/vec4 5, 0, 4;
    %store/vec4 v0x5b347b40e750_0, 0, 4;
    %jmp T_4.27;
T_4.24 ;
    %pushi/vec4 7, 0, 4;
    %store/vec4 v0x5b347b40e750_0, 0, 4;
    %jmp T_4.27;
T_4.25 ;
    %pushi/vec4 7, 0, 4;
    %store/vec4 v0x5b347b40e750_0, 0, 4;
    %jmp T_4.27;
T_4.27 ;
    %pop/vec4 1;
    %jmp T_4.4;
T_4.4 ;
    %pop/vec4 1;
    %jmp T_4;
    .thread T_4, $push;
    .scope S_0x5b347b40f4d0;
T_5 ;
    %wait E_0x5b347b335550;
    %load/vec4 v0x5b347b410400_0;
    %flag_set/vec4 9;
    %flag_get/vec4 9;
    %jmp/0 T_5.2, 9;
    %load/vec4 v0x5b347b40fae0_0;
    %pushi/vec4 0, 0, 5;
    %cmp/ne;
    %flag_get/vec4 4;
    %and;
T_5.2;
    %flag_set/vec4 8;
    %jmp/0xz  T_5.0, 8;
    %load/vec4 v0x5b347b410320_0;
    %load/vec4 v0x5b347b40fae0_0;
    %pad/u 7;
    %ix/vec4 3;
    %ix/load 4, 0, 0; Constant delay
    %assign/vec4/a/d v0x5b347b40fe60, 0, 4;
T_5.0 ;
    %jmp T_5;
    .thread T_5;
    .scope S_0x5b347b40f4d0;
T_6 ;
    %wait E_0x5b347b40f7a0;
    %load/vec4 v0x5b347b40f900_0;
    %cmpi/e 0, 0, 5;
    %flag_mov 8, 4;
    %jmp/0 T_6.0, 8;
    %pushi/vec4 0, 0, 32;
    %jmp/1 T_6.1, 8;
T_6.0 ; End of true expr.
    %load/vec4 v0x5b347b40f900_0;
    %pad/u 7;
    %ix/vec4 4;
    %load/vec4a v0x5b347b40fe60, 4;
    %jmp/0 T_6.1, 8;
 ; End of false expr.
    %blend;
T_6.1;
    %store/vec4 v0x5b347b40fc70_0, 0, 32;
    %load/vec4 v0x5b347b40fa00_0;
    %cmpi/e 0, 0, 5;
    %flag_mov 8, 4;
    %jmp/0 T_6.2, 8;
    %pushi/vec4 0, 0, 32;
    %jmp/1 T_6.3, 8;
T_6.2 ; End of true expr.
    %load/vec4 v0x5b347b40fa00_0;
    %pad/u 7;
    %ix/vec4 4;
    %load/vec4a v0x5b347b40fe60, 4;
    %jmp/0 T_6.3, 8;
 ; End of false expr.
    %blend;
T_6.3;
    %store/vec4 v0x5b347b40fd80_0, 0, 32;
    %jmp T_6;
    .thread T_6, $push;
    .scope S_0x5b347b4105c0;
T_7 ;
    %wait E_0x5b347b4107a0;
    %load/vec4 v0x5b347b410920_0;
    %dup/vec4;
    %pushi/vec4 0, 0, 3;
    %cmp/u;
    %jmp/1 T_7.0, 6;
    %dup/vec4;
    %pushi/vec4 1, 0, 3;
    %cmp/u;
    %jmp/1 T_7.1, 6;
    %dup/vec4;
    %pushi/vec4 2, 0, 3;
    %cmp/u;
    %jmp/1 T_7.2, 6;
    %dup/vec4;
    %pushi/vec4 3, 0, 3;
    %cmp/u;
    %jmp/1 T_7.3, 6;
    %dup/vec4;
    %pushi/vec4 4, 0, 3;
    %cmp/u;
    %jmp/1 T_7.4, 6;
    %pushi/vec4 0, 0, 32;
    %store/vec4 v0x5b347b410820_0, 0, 32;
    %jmp T_7.6;
T_7.0 ;
    %load/vec4 v0x5b347b410ae0_0;
    %parti/s 1, 31, 6;
    %replicate 20;
    %load/vec4 v0x5b347b410ae0_0;
    %parti/s 12, 20, 6;
    %concat/vec4; draw_concat_vec4
    %store/vec4 v0x5b347b410820_0, 0, 32;
    %jmp T_7.6;
T_7.1 ;
    %load/vec4 v0x5b347b410ae0_0;
    %parti/s 1, 31, 6;
    %replicate 20;
    %load/vec4 v0x5b347b410ae0_0;
    %parti/s 7, 25, 6;
    %concat/vec4; draw_concat_vec4
    %load/vec4 v0x5b347b410ae0_0;
    %parti/s 5, 7, 4;
    %concat/vec4; draw_concat_vec4
    %store/vec4 v0x5b347b410820_0, 0, 32;
    %jmp T_7.6;
T_7.2 ;
    %load/vec4 v0x5b347b410ae0_0;
    %parti/s 1, 31, 6;
    %replicate 20;
    %load/vec4 v0x5b347b410ae0_0;
    %parti/s 1, 7, 4;
    %concat/vec4; draw_concat_vec4
    %load/vec4 v0x5b347b410ae0_0;
    %parti/s 6, 25, 6;
    %concat/vec4; draw_concat_vec4
    %load/vec4 v0x5b347b410ae0_0;
    %parti/s 4, 8, 5;
    %concat/vec4; draw_concat_vec4
    %concati/vec4 0, 0, 1;
    %store/vec4 v0x5b347b410820_0, 0, 32;
    %jmp T_7.6;
T_7.3 ;
    %load/vec4 v0x5b347b410ae0_0;
    %parti/s 1, 31, 6;
    %replicate 12;
    %load/vec4 v0x5b347b410ae0_0;
    %parti/s 8, 12, 5;
    %concat/vec4; draw_concat_vec4
    %load/vec4 v0x5b347b410ae0_0;
    %parti/s 1, 20, 6;
    %concat/vec4; draw_concat_vec4
    %load/vec4 v0x5b347b410ae0_0;
    %parti/s 10, 21, 6;
    %concat/vec4; draw_concat_vec4
    %concati/vec4 0, 0, 1;
    %store/vec4 v0x5b347b410820_0, 0, 32;
    %jmp T_7.6;
T_7.4 ;
    %load/vec4 v0x5b347b410ae0_0;
    %parti/s 20, 12, 5;
    %concati/vec4 0, 0, 12;
    %store/vec4 v0x5b347b410820_0, 0, 32;
    %jmp T_7.6;
T_7.6 ;
    %pop/vec4 1;
    %jmp T_7;
    .thread T_7, $push;
    .scope S_0x5b347b40ded0;
T_8 ;
    %wait E_0x5b347b335550;
    %load/vec4 v0x5b347b412e00_0;
    %nor/r;
    %flag_set/vec4 8;
    %jmp/0xz  T_8.0, 8;
    %pushi/vec4 0, 0, 32;
    %assign/vec4 v0x5b347b411b90_0, 0;
    %pushi/vec4 0, 0, 32;
    %assign/vec4 v0x5b347b411c60_0, 0;
    %pushi/vec4 0, 0, 32;
    %assign/vec4 v0x5b347b411e00_0, 0;
    %pushi/vec4 0, 0, 32;
    %assign/vec4 v0x5b347b411ed0_0, 0;
    %pushi/vec4 0, 0, 32;
    %assign/vec4 v0x5b347b411780_0, 0;
    %pushi/vec4 0, 0, 4;
    %assign/vec4 v0x5b347b411220_0, 0;
    %pushi/vec4 0, 0, 1;
    %assign/vec4 v0x5b347b411310_0, 0;
    %pushi/vec4 0, 0, 2;
    %assign/vec4 v0x5b347b412200_0, 0;
    %pushi/vec4 0, 0, 1;
    %assign/vec4 v0x5b347b4119f0_0, 0;
    %pushi/vec4 0, 0, 1;
    %assign/vec4 v0x5b347b411fa0_0, 0;
    %pushi/vec4 0, 0, 1;
    %assign/vec4 v0x5b347b411440_0, 0;
    %pushi/vec4 0, 0, 1;
    %assign/vec4 v0x5b347b411920_0, 0;
    %pushi/vec4 0, 0, 1;
    %assign/vec4 v0x5b347b411850_0, 0;
    %pushi/vec4 0, 0, 7;
    %assign/vec4 v0x5b347b411ac0_0, 0;
    %pushi/vec4 0, 0, 3;
    %assign/vec4 v0x5b347b411510_0, 0;
    %pushi/vec4 0, 0, 7;
    %assign/vec4 v0x5b347b4115e0_0, 0;
    %pushi/vec4 0, 0, 5;
    %assign/vec4 v0x5b347b412070_0, 0;
    %pushi/vec4 0, 0, 5;
    %assign/vec4 v0x5b347b412110_0, 0;
    %pushi/vec4 0, 0, 5;
    %assign/vec4 v0x5b347b411d30_0, 0;
    %jmp T_8.1;
T_8.0 ;
    %load/vec4 v0x5b347b4116b0_0;
    %flag_set/vec4 8;
    %jmp/1 T_8.4, 8;
    %load/vec4 v0x5b347b410ff0_0;
    %flag_set/vec4 9;
    %flag_or 8, 9;
T_8.4;
    %jmp/0xz  T_8.2, 8;
    %pushi/vec4 0, 0, 32;
    %assign/vec4 v0x5b347b411b90_0, 0;
    %pushi/vec4 0, 0, 32;
    %assign/vec4 v0x5b347b411c60_0, 0;
    %pushi/vec4 0, 0, 32;
    %assign/vec4 v0x5b347b411e00_0, 0;
    %pushi/vec4 0, 0, 32;
    %assign/vec4 v0x5b347b411ed0_0, 0;
    %pushi/vec4 0, 0, 32;
    %assign/vec4 v0x5b347b411780_0, 0;
    %pushi/vec4 0, 0, 4;
    %assign/vec4 v0x5b347b411220_0, 0;
    %pushi/vec4 0, 0, 1;
    %assign/vec4 v0x5b347b411310_0, 0;
    %pushi/vec4 0, 0, 2;
    %assign/vec4 v0x5b347b412200_0, 0;
    %pushi/vec4 0, 0, 1;
    %assign/vec4 v0x5b347b4119f0_0, 0;
    %pushi/vec4 0, 0, 1;
    %assign/vec4 v0x5b347b411fa0_0, 0;
    %pushi/vec4 0, 0, 1;
    %assign/vec4 v0x5b347b411440_0, 0;
    %pushi/vec4 0, 0, 1;
    %assign/vec4 v0x5b347b411920_0, 0;
    %pushi/vec4 0, 0, 1;
    %assign/vec4 v0x5b347b411850_0, 0;
    %pushi/vec4 0, 0, 7;
    %assign/vec4 v0x5b347b411ac0_0, 0;
    %pushi/vec4 0, 0, 3;
    %assign/vec4 v0x5b347b411510_0, 0;
    %pushi/vec4 0, 0, 7;
    %assign/vec4 v0x5b347b4115e0_0, 0;
    %pushi/vec4 0, 0, 5;
    %assign/vec4 v0x5b347b412070_0, 0;
    %pushi/vec4 0, 0, 5;
    %assign/vec4 v0x5b347b412110_0, 0;
    %pushi/vec4 0, 0, 5;
    %assign/vec4 v0x5b347b411d30_0, 0;
    %jmp T_8.3;
T_8.2 ;
    %load/vec4 v0x5b347b412340_0;
    %assign/vec4 v0x5b347b411b90_0, 0;
    %load/vec4 v0x5b347b4123e0_0;
    %assign/vec4 v0x5b347b411c60_0, 0;
    %load/vec4 v0x5b347b412ac0_0;
    %assign/vec4 v0x5b347b411e00_0, 0;
    %load/vec4 v0x5b347b412b90_0;
    %assign/vec4 v0x5b347b411ed0_0, 0;
    %load/vec4 v0x5b347b412480_0;
    %assign/vec4 v0x5b347b411780_0, 0;
    %load/vec4 v0x5b347b410c40_0;
    %assign/vec4 v0x5b347b411220_0, 0;
    %load/vec4 v0x5b347b410d30_0;
    %assign/vec4 v0x5b347b411310_0, 0;
    %load/vec4 v0x5b347b413210_0;
    %assign/vec4 v0x5b347b412200_0, 0;
    %load/vec4 v0x5b347b4127b0_0;
    %assign/vec4 v0x5b347b4119f0_0, 0;
    %load/vec4 v0x5b347b4129f0_0;
    %assign/vec4 v0x5b347b411fa0_0, 0;
    %load/vec4 v0x5b347b410e00_0;
    %assign/vec4 v0x5b347b411440_0, 0;
    %load/vec4 v0x5b347b4126e0_0;
    %assign/vec4 v0x5b347b411920_0, 0;
    %load/vec4 v0x5b347b412640_0;
    %assign/vec4 v0x5b347b411850_0, 0;
    %load/vec4 v0x5b347b412880_0;
    %assign/vec4 v0x5b347b411ac0_0, 0;
    %load/vec4 v0x5b347b4110e0_0;
    %assign/vec4 v0x5b347b411510_0, 0;
    %load/vec4 v0x5b347b411180_0;
    %assign/vec4 v0x5b347b4115e0_0, 0;
    %load/vec4 v0x5b347b412c60_0;
    %assign/vec4 v0x5b347b412070_0, 0;
    %load/vec4 v0x5b347b412d30_0;
    %assign/vec4 v0x5b347b412110_0, 0;
    %load/vec4 v0x5b347b412950_0;
    %assign/vec4 v0x5b347b411d30_0, 0;
T_8.3 ;
T_8.1 ;
    %jmp T_8;
    .thread T_8;
    .scope S_0x5b347b415010;
T_9 ;
    %wait E_0x5b347b415290;
    %pushi/vec4 1, 0, 1;
    %store/vec4 v0x5b347b415880_0, 0, 1;
    %pushi/vec4 1, 0, 1;
    %store/vec4 v0x5b347b4157e0_0, 0, 1;
    %pushi/vec4 0, 0, 1;
    %store/vec4 v0x5b347b415320_0, 0, 1;
    %load/vec4 v0x5b347b415410_0;
    %flag_set/vec4 10;
    %flag_get/vec4 10;
    %jmp/0 T_9.3, 10;
    %load/vec4 v0x5b347b4154b0_0;
    %pushi/vec4 0, 0, 5;
    %cmp/ne;
    %flag_get/vec4 4;
    %and;
T_9.3;
    %flag_set/vec4 9;
    %flag_get/vec4 9;
    %jmp/0 T_9.2, 9;
    %load/vec4 v0x5b347b4154b0_0;
    %load/vec4 v0x5b347b4155d0_0;
    %cmp/e;
    %flag_get/vec4 4;
    %jmp/1 T_9.4, 4;
    %load/vec4 v0x5b347b4154b0_0;
    %load/vec4 v0x5b347b4156b0_0;
    %cmp/e;
    %flag_get/vec4 4;
    %or;
T_9.4;
    %and;
T_9.2;
    %flag_set/vec4 8;
    %jmp/0xz  T_9.0, 8;
    %pushi/vec4 0, 0, 1;
    %store/vec4 v0x5b347b415880_0, 0, 1;
    %pushi/vec4 0, 0, 1;
    %store/vec4 v0x5b347b4157e0_0, 0, 1;
    %pushi/vec4 1, 0, 1;
    %store/vec4 v0x5b347b415320_0, 0, 1;
T_9.0 ;
    %jmp T_9;
    .thread T_9, $push;
    .scope S_0x5b347b40d3b0;
T_10 ;
    %wait E_0x5b347b3205d0;
    %pushi/vec4 0, 0, 2;
    %store/vec4 v0x5b347b40d8b0_0, 0, 2;
    %pushi/vec4 0, 0, 2;
    %store/vec4 v0x5b347b40d9b0_0, 0, 2;
    %load/vec4 v0x5b347b40d7e0_0;
    %flag_set/vec4 10;
    %flag_get/vec4 10;
    %jmp/0 T_10.3, 10;
    %load/vec4 v0x5b347b40d6d0_0;
    %pushi/vec4 0, 0, 5;
    %cmp/ne;
    %flag_get/vec4 4;
    %and;
T_10.3;
    %flag_set/vec4 9;
    %flag_get/vec4 9;
    %jmp/0 T_10.2, 9;
    %load/vec4 v0x5b347b40d6d0_0;
    %load/vec4 v0x5b347b40da80_0;
    %cmp/e;
    %flag_get/vec4 4;
    %and;
T_10.2;
    %flag_set/vec4 8;
    %jmp/0xz  T_10.0, 8;
    %pushi/vec4 2, 0, 2;
    %store/vec4 v0x5b347b40d8b0_0, 0, 2;
    %jmp T_10.1;
T_10.0 ;
    %load/vec4 v0x5b347b40dce0_0;
    %flag_set/vec4 10;
    %flag_get/vec4 10;
    %jmp/0 T_10.7, 10;
    %load/vec4 v0x5b347b40dc40_0;
    %pushi/vec4 0, 0, 5;
    %cmp/ne;
    %flag_get/vec4 4;
    %and;
T_10.7;
    %flag_set/vec4 9;
    %flag_get/vec4 9;
    %jmp/0 T_10.6, 9;
    %load/vec4 v0x5b347b40dc40_0;
    %load/vec4 v0x5b347b40da80_0;
    %cmp/e;
    %flag_get/vec4 4;
    %and;
T_10.6;
    %flag_set/vec4 8;
    %jmp/0xz  T_10.4, 8;
    %pushi/vec4 1, 0, 2;
    %store/vec4 v0x5b347b40d8b0_0, 0, 2;
T_10.4 ;
T_10.1 ;
    %load/vec4 v0x5b347b40d7e0_0;
    %flag_set/vec4 10;
    %flag_get/vec4 10;
    %jmp/0 T_10.11, 10;
    %load/vec4 v0x5b347b40d6d0_0;
    %pushi/vec4 0, 0, 5;
    %cmp/ne;
    %flag_get/vec4 4;
    %and;
T_10.11;
    %flag_set/vec4 9;
    %flag_get/vec4 9;
    %jmp/0 T_10.10, 9;
    %load/vec4 v0x5b347b40d6d0_0;
    %load/vec4 v0x5b347b40db70_0;
    %cmp/e;
    %flag_get/vec4 4;
    %and;
T_10.10;
    %flag_set/vec4 8;
    %jmp/0xz  T_10.8, 8;
    %pushi/vec4 2, 0, 2;
    %store/vec4 v0x5b347b40d9b0_0, 0, 2;
    %jmp T_10.9;
T_10.8 ;
    %load/vec4 v0x5b347b40dce0_0;
    %flag_set/vec4 10;
    %flag_get/vec4 10;
    %jmp/0 T_10.15, 10;
    %load/vec4 v0x5b347b40dc40_0;
    %pushi/vec4 0, 0, 5;
    %cmp/ne;
    %flag_get/vec4 4;
    %and;
T_10.15;
    %flag_set/vec4 9;
    %flag_get/vec4 9;
    %jmp/0 T_10.14, 9;
    %load/vec4 v0x5b347b40dc40_0;
    %load/vec4 v0x5b347b40db70_0;
    %cmp/e;
    %flag_get/vec4 4;
    %and;
T_10.14;
    %flag_set/vec4 8;
    %jmp/0xz  T_10.12, 8;
    %pushi/vec4 1, 0, 2;
    %store/vec4 v0x5b347b40d9b0_0, 0, 2;
T_10.12 ;
T_10.9 ;
    %jmp T_10;
    .thread T_10, $push;
    .scope S_0x5b347b408010;
T_11 ;
    %wait E_0x5b347b3f6760;
    %load/vec4 v0x5b347b3c6af0_0;
    %dup/vec4;
    %pushi/vec4 0, 0, 4;
    %cmp/u;
    %jmp/1 T_11.0, 6;
    %dup/vec4;
    %pushi/vec4 2, 0, 4;
    %cmp/u;
    %jmp/1 T_11.1, 6;
    %dup/vec4;
    %pushi/vec4 3, 0, 4;
    %cmp/u;
    %jmp/1 T_11.2, 6;
    %dup/vec4;
    %pushi/vec4 1, 0, 4;
    %cmp/u;
    %jmp/1 T_11.3, 6;
    %dup/vec4;
    %pushi/vec4 5, 0, 4;
    %cmp/u;
    %jmp/1 T_11.4, 6;
    %dup/vec4;
    %pushi/vec4 7, 0, 4;
    %cmp/u;
    %jmp/1 T_11.5, 6;
    %dup/vec4;
    %pushi/vec4 8, 0, 4;
    %cmp/u;
    %jmp/1 T_11.6, 6;
    %dup/vec4;
    %pushi/vec4 9, 0, 4;
    %cmp/u;
    %jmp/1 T_11.7, 6;
    %dup/vec4;
    %pushi/vec4 10, 0, 4;
    %cmp/u;
    %jmp/1 T_11.8, 6;
    %dup/vec4;
    %pushi/vec4 11, 0, 4;
    %cmp/u;
    %jmp/1 T_11.9, 6;
    %pushi/vec4 0, 0, 32;
    %store/vec4 v0x5b347b3dd370_0, 0, 32;
    %jmp T_11.11;
T_11.0 ;
    %load/vec4 v0x5b347b4084f0_0;
    %load/vec4 v0x5b347b4085d0_0;
    %add;
    %store/vec4 v0x5b347b3dd370_0, 0, 32;
    %jmp T_11.11;
T_11.1 ;
    %load/vec4 v0x5b347b4084f0_0;
    %load/vec4 v0x5b347b4085d0_0;
    %and;
    %store/vec4 v0x5b347b3dd370_0, 0, 32;
    %jmp T_11.11;
T_11.2 ;
    %load/vec4 v0x5b347b4084f0_0;
    %load/vec4 v0x5b347b4085d0_0;
    %or;
    %store/vec4 v0x5b347b3dd370_0, 0, 32;
    %jmp T_11.11;
T_11.3 ;
    %load/vec4 v0x5b347b4084f0_0;
    %load/vec4 v0x5b347b4085d0_0;
    %inv;
    %addi 1, 0, 32;
    %add;
    %store/vec4 v0x5b347b3dd370_0, 0, 32;
    %jmp T_11.11;
T_11.4 ;
    %pushi/vec4 0, 0, 31;
    %load/vec4 v0x5b347b4084f0_0;
    %load/vec4 v0x5b347b4085d0_0;
    %cmp/s;
    %flag_get/vec4 5;
    %concat/vec4; draw_concat_vec4
    %store/vec4 v0x5b347b3dd370_0, 0, 32;
    %jmp T_11.11;
T_11.5 ;
    %pushi/vec4 0, 0, 31;
    %load/vec4 v0x5b347b4084f0_0;
    %load/vec4 v0x5b347b4085d0_0;
    %cmp/u;
    %flag_get/vec4 5;
    %concat/vec4; draw_concat_vec4
    %store/vec4 v0x5b347b3dd370_0, 0, 32;
    %jmp T_11.11;
T_11.6 ;
    %load/vec4 v0x5b347b4084f0_0;
    %load/vec4 v0x5b347b4085d0_0;
    %xor;
    %store/vec4 v0x5b347b3dd370_0, 0, 32;
    %jmp T_11.11;
T_11.7 ;
    %load/vec4 v0x5b347b4084f0_0;
    %load/vec4 v0x5b347b4085d0_0;
    %parti/s 5, 0, 2;
    %ix/vec4 4;
    %shiftl 4;
    %store/vec4 v0x5b347b3dd370_0, 0, 32;
    %jmp T_11.11;
T_11.8 ;
    %load/vec4 v0x5b347b4084f0_0;
    %load/vec4 v0x5b347b4085d0_0;
    %parti/s 5, 0, 2;
    %ix/vec4 4;
    %shiftr 4;
    %store/vec4 v0x5b347b3dd370_0, 0, 32;
    %jmp T_11.11;
T_11.9 ;
    %load/vec4 v0x5b347b4084f0_0;
    %load/vec4 v0x5b347b4085d0_0;
    %parti/s 5, 0, 2;
    %ix/vec4 4;
    %shiftr/s 4;
    %store/vec4 v0x5b347b3dd370_0, 0, 32;
    %jmp T_11.11;
T_11.11 ;
    %pop/vec4 1;
    %jmp T_11;
    .thread T_11, $push;
    .scope S_0x5b347b3c26f0;
T_12 ;
    %wait E_0x5b347b336180;
    %load/vec4 v0x5b347b40b2e0_0;
    %dup/vec4;
    %pushi/vec4 0, 0, 2;
    %cmp/u;
    %jmp/1 T_12.0, 6;
    %dup/vec4;
    %pushi/vec4 2, 0, 2;
    %cmp/u;
    %jmp/1 T_12.1, 6;
    %dup/vec4;
    %pushi/vec4 1, 0, 2;
    %cmp/u;
    %jmp/1 T_12.2, 6;
    %load/vec4 v0x5b347b40c520_0;
    %store/vec4 v0x5b347b40b4a0_0, 0, 32;
    %jmp T_12.4;
T_12.0 ;
    %load/vec4 v0x5b347b40c520_0;
    %store/vec4 v0x5b347b40b4a0_0, 0, 32;
    %jmp T_12.4;
T_12.1 ;
    %load/vec4 v0x5b347b40aba0_0;
    %store/vec4 v0x5b347b40b4a0_0, 0, 32;
    %jmp T_12.4;
T_12.2 ;
    %load/vec4 v0x5b347b40ce00_0;
    %store/vec4 v0x5b347b40b4a0_0, 0, 32;
    %jmp T_12.4;
T_12.4 ;
    %pop/vec4 1;
    %jmp T_12;
    .thread T_12, $push;
    .scope S_0x5b347b3c26f0;
T_13 ;
    %wait E_0x5b347b335c80;
    %load/vec4 v0x5b347b40b3c0_0;
    %dup/vec4;
    %pushi/vec4 0, 0, 2;
    %cmp/u;
    %jmp/1 T_13.0, 6;
    %dup/vec4;
    %pushi/vec4 2, 0, 2;
    %cmp/u;
    %jmp/1 T_13.1, 6;
    %dup/vec4;
    %pushi/vec4 1, 0, 2;
    %cmp/u;
    %jmp/1 T_13.2, 6;
    %load/vec4 v0x5b347b40c600_0;
    %store/vec4 v0x5b347b40b580_0, 0, 32;
    %jmp T_13.4;
T_13.0 ;
    %load/vec4 v0x5b347b40c600_0;
    %store/vec4 v0x5b347b40b580_0, 0, 32;
    %jmp T_13.4;
T_13.1 ;
    %load/vec4 v0x5b347b40aba0_0;
    %store/vec4 v0x5b347b40b580_0, 0, 32;
    %jmp T_13.4;
T_13.2 ;
    %load/vec4 v0x5b347b40ce00_0;
    %store/vec4 v0x5b347b40b580_0, 0, 32;
    %jmp T_13.4;
T_13.4 ;
    %pop/vec4 1;
    %jmp T_13;
    .thread T_13, $push;
    .scope S_0x5b347b3c26f0;
T_14 ;
    %wait E_0x5b347b335550;
    %load/vec4 v0x5b347b40cd60_0;
    %nor/r;
    %flag_set/vec4 8;
    %jmp/0xz  T_14.0, 8;
    %pushi/vec4 0, 0, 32;
    %assign/vec4 v0x5b347b40aac0_0, 0;
    %pushi/vec4 0, 0, 32;
    %assign/vec4 v0x5b347b40af00_0, 0;
    %pushi/vec4 0, 0, 2;
    %assign/vec4 v0x5b347b40b0a0_0, 0;
    %pushi/vec4 0, 0, 1;
    %assign/vec4 v0x5b347b40ac80_0, 0;
    %pushi/vec4 0, 0, 1;
    %assign/vec4 v0x5b347b40afe0_0, 0;
    %pushi/vec4 0, 0, 5;
    %assign/vec4 v0x5b347b40ae20_0, 0;
    %pushi/vec4 0, 0, 32;
    %assign/vec4 v0x5b347b40ad40_0, 0;
    %jmp T_14.1;
T_14.0 ;
    %load/vec4 v0x5b347b40a760_0;
    %assign/vec4 v0x5b347b40aac0_0, 0;
    %load/vec4 v0x5b347b40b580_0;
    %assign/vec4 v0x5b347b40af00_0, 0;
    %load/vec4 v0x5b347b40c960_0;
    %assign/vec4 v0x5b347b40b0a0_0, 0;
    %load/vec4 v0x5b347b40bcd0_0;
    %assign/vec4 v0x5b347b40ac80_0, 0;
    %load/vec4 v0x5b347b40c6e0_0;
    %assign/vec4 v0x5b347b40afe0_0, 0;
    %load/vec4 v0x5b347b40c440_0;
    %assign/vec4 v0x5b347b40ae20_0, 0;
    %load/vec4 v0x5b347b40c360_0;
    %assign/vec4 v0x5b347b40ad40_0, 0;
T_14.1 ;
    %jmp T_14;
    .thread T_14;
    .scope S_0x5b347b415d50;
T_15 ;
    %wait E_0x5b347b335550;
    %load/vec4 v0x5b347b416620_0;
    %nor/r;
    %flag_set/vec4 8;
    %jmp/0xz  T_15.0, 8;
    %pushi/vec4 0, 0, 32;
    %store/vec4 v0x5b347b416370_0, 0, 32;
T_15.2 ;
    %load/vec4 v0x5b347b416370_0;
    %cmpi/s 64, 0, 32;
    %jmp/0xz T_15.3, 5;
    %pushi/vec4 0, 0, 32;
    %ix/getv/s 3, v0x5b347b416370_0;
    %ix/load 4, 0, 0; Constant delay
    %assign/vec4/a/d v0x5b347b416480, 0, 4;
    %load/vec4 v0x5b347b416370_0;
    %addi 1, 0, 32;
    %store/vec4 v0x5b347b416370_0, 0, 32;
    %jmp T_15.2;
T_15.3 ;
    %jmp T_15.1;
T_15.0 ;
    %load/vec4 v0x5b347b4168a0_0;
    %flag_set/vec4 8;
    %jmp/0xz  T_15.4, 8;
    %load/vec4 v0x5b347b4161d0_0;
    %parti/s 2, 0, 2;
    %cmpi/e 0, 0, 2;
    %jmp/0xz  T_15.6, 4;
    %load/vec4 v0x5b347b416750_0;
    %load/vec4 v0x5b347b4161d0_0;
    %parti/s 30, 2, 3;
    %ix/vec4 3;
    %ix/load 4, 0, 0; Constant delay
    %assign/vec4/a/d v0x5b347b416480, 0, 4;
T_15.6 ;
T_15.4 ;
T_15.1 ;
    %jmp T_15;
    .thread T_15;
    .scope S_0x5b347b415a00;
T_16 ;
    %wait E_0x5b347b335550;
    %load/vec4 v0x5b347b417700_0;
    %nor/r;
    %flag_set/vec4 8;
    %jmp/0xz  T_16.0, 8;
    %pushi/vec4 0, 0, 32;
    %assign/vec4 v0x5b347b417280_0, 0;
    %pushi/vec4 0, 0, 32;
    %assign/vec4 v0x5b347b417340_0, 0;
    %pushi/vec4 0, 0, 2;
    %assign/vec4 v0x5b347b417660_0, 0;
    %pushi/vec4 0, 0, 1;
    %assign/vec4 v0x5b347b4175c0_0, 0;
    %pushi/vec4 0, 0, 5;
    %assign/vec4 v0x5b347b417500_0, 0;
    %pushi/vec4 0, 0, 32;
    %assign/vec4 v0x5b347b417420_0, 0;
    %jmp T_16.1;
T_16.0 ;
    %load/vec4 v0x5b347b416be0_0;
    %assign/vec4 v0x5b347b417280_0, 0;
    %load/vec4 v0x5b347b416af0_0;
    %assign/vec4 v0x5b347b417340_0, 0;
    %load/vec4 v0x5b347b417130_0;
    %assign/vec4 v0x5b347b417660_0, 0;
    %load/vec4 v0x5b347b417040_0;
    %assign/vec4 v0x5b347b4175c0_0, 0;
    %load/vec4 v0x5b347b416e40_0;
    %assign/vec4 v0x5b347b417500_0, 0;
    %load/vec4 v0x5b347b416d50_0;
    %assign/vec4 v0x5b347b417420_0, 0;
T_16.1 ;
    %jmp T_16;
    .thread T_16;
    .scope S_0x5b347b417980;
T_17 ;
    %wait E_0x5b347b4151a0;
    %load/vec4 v0x5b347b418140_0;
    %dup/vec4;
    %pushi/vec4 0, 0, 2;
    %cmp/u;
    %jmp/1 T_17.0, 6;
    %dup/vec4;
    %pushi/vec4 1, 0, 2;
    %cmp/u;
    %jmp/1 T_17.1, 6;
    %dup/vec4;
    %pushi/vec4 2, 0, 2;
    %cmp/u;
    %jmp/1 T_17.2, 6;
    %pushi/vec4 0, 0, 32;
    %store/vec4 v0x5b347b4182d0_0, 0, 32;
    %jmp T_17.4;
T_17.0 ;
    %load/vec4 v0x5b347b417c90_0;
    %store/vec4 v0x5b347b4182d0_0, 0, 32;
    %jmp T_17.4;
T_17.1 ;
    %load/vec4 v0x5b347b417d70_0;
    %store/vec4 v0x5b347b4182d0_0, 0, 32;
    %jmp T_17.4;
T_17.2 ;
    %load/vec4 v0x5b347b417e10_0;
    %store/vec4 v0x5b347b4182d0_0, 0, 32;
    %jmp T_17.4;
T_17.4 ;
    %pop/vec4 1;
    %jmp T_17;
    .thread T_17, $push;
    .scope S_0x5b347b3c2a10;
T_18 ;
    %delay 5000, 0;
    %load/vec4 v0x5b347b41b600_0;
    %inv;
    %store/vec4 v0x5b347b41b600_0, 0, 1;
    %jmp T_18;
    .thread T_18;
    .scope S_0x5b347b3c2a10;
T_19 ;
    %vpi_call 2 18 "$dumpfile", "../sim/cpu_top_wave.vcd" {0 0 0};
    %vpi_call 2 19 "$dumpvars", 32'sb00000000000000000000000000000000, S_0x5b347b3c2a10 {0 0 0};
    %pushi/vec4 0, 0, 1;
    %store/vec4 v0x5b347b41b600_0, 0, 1;
    %pushi/vec4 0, 0, 1;
    %store/vec4 v0x5b347b41b6a0_0, 0, 1;
    %delay 20000, 0;
    %pushi/vec4 1, 0, 1;
    %store/vec4 v0x5b347b41b6a0_0, 0, 1;
    %delay 500000, 0;
    %vpi_call 2 29 "$finish" {0 0 0};
    %end;
    .thread T_19;
# The file index is used to find the file name in the following table.
:file_names 18;
    "N/A";
    "<interactive>";
    "../tb/tb_cpu_top.v";
    "./../rtl/cpu_top.v";
    "./../rtl/branch_flush.v";
    "./../rtl/ex_stage.v";
    "./../rtl/alu.v";
    "./../rtl/forwarding_unit.v";
    "./../rtl/id_stage.v";
    "./../rtl/control.v";
    "./../rtl/reg_file.v";
    "./../rtl/sign_ext.v";
    "./../rtl/if_stage.v";
    "./../rtl/imem.v";
    "./../rtl/load_stall.v";
    "./../rtl/mem_stage.v";
    "./../rtl/dmem.v";
    "./../rtl/wb_stage.v";
