#! /usr/bin/vvp
:ivl_version "12.0 (stable)";
:ivl_delay_selection "TYPICAL";
:vpi_time_precision - 12;
:vpi_module "/usr/lib/x86_64-linux-gnu/ivl/system.vpi";
:vpi_module "/usr/lib/x86_64-linux-gnu/ivl/vhdl_sys.vpi";
:vpi_module "/usr/lib/x86_64-linux-gnu/ivl/vhdl_textio.vpi";
:vpi_module "/usr/lib/x86_64-linux-gnu/ivl/v2005_math.vpi";
:vpi_module "/usr/lib/x86_64-linux-gnu/ivl/va_math.vpi";
S_0x64e2d86fd1f0 .scope module, "tb_dmem" "tb_dmem" 2 4;
 .timescale -9 -12;
v0x64e2d87195c0_0 .var "address", 31 0;
v0x64e2d87196a0_0 .var "clk", 0 0;
v0x64e2d8719770_0 .net "read_data", 31 0, L_0x64e2d8719cf0;  1 drivers
v0x64e2d8719870_0 .var "rst_n", 0 0;
v0x64e2d8719940_0 .var "write_data", 31 0;
v0x64e2d87199e0_0 .var "write_enable", 0 0;
S_0x64e2d86fd380 .scope module, "dut" "dmem" 2 13, 3 1 0, S_0x64e2d86fd1f0;
 .timescale -9 -12;
    .port_info 0 /INPUT 1 "clk";
    .port_info 1 /INPUT 1 "rst_n";
    .port_info 2 /INPUT 32 "address";
    .port_info 3 /INPUT 32 "write_data";
    .port_info 4 /INPUT 1 "write_enable";
    .port_info 5 /OUTPUT 32 "read_data";
L_0x64e2d8719cf0 .functor BUFZ 32, L_0x64e2d8719ab0, C4<00000000000000000000000000000000>, C4<00000000000000000000000000000000>, C4<00000000000000000000000000000000>;
v0x64e2d86c1490_0 .net *"_ivl_0", 31 0, L_0x64e2d8719ab0;  1 drivers
v0x64e2d8718d70_0 .net *"_ivl_3", 29 0, L_0x64e2d8719bb0;  1 drivers
v0x64e2d8718e50_0 .net "address", 31 0, v0x64e2d87195c0_0;  1 drivers
v0x64e2d8718f10_0 .net "clk", 0 0, v0x64e2d87196a0_0;  1 drivers
v0x64e2d8718fd0_0 .var/i "i", 31 0;
v0x64e2d8719100 .array "mem", 63 0, 31 0;
v0x64e2d87191c0_0 .net "read_data", 31 0, L_0x64e2d8719cf0;  alias, 1 drivers
v0x64e2d87192a0_0 .net "rst_n", 0 0, v0x64e2d8719870_0;  1 drivers
v0x64e2d8719360_0 .net "write_data", 31 0, v0x64e2d8719940_0;  1 drivers
v0x64e2d8719440_0 .net "write_enable", 0 0, v0x64e2d87199e0_0;  1 drivers
E_0x64e2d86fa7f0 .event posedge, v0x64e2d8718f10_0;
L_0x64e2d8719ab0 .array/port v0x64e2d8719100, L_0x64e2d8719bb0;
L_0x64e2d8719bb0 .part v0x64e2d87195c0_0, 2, 30;
    .scope S_0x64e2d86fd380;
T_0 ;
    %wait E_0x64e2d86fa7f0;
    %load/vec4 v0x64e2d87192a0_0;
    %nor/r;
    %flag_set/vec4 8;
    %jmp/0xz  T_0.0, 8;
    %pushi/vec4 0, 0, 32;
    %store/vec4 v0x64e2d8718fd0_0, 0, 32;
T_0.2 ;
    %load/vec4 v0x64e2d8718fd0_0;
    %cmpi/s 64, 0, 32;
    %jmp/0xz T_0.3, 5;
    %pushi/vec4 0, 0, 32;
    %ix/getv/s 3, v0x64e2d8718fd0_0;
    %ix/load 4, 0, 0; Constant delay
    %assign/vec4/a/d v0x64e2d8719100, 0, 4;
    %load/vec4 v0x64e2d8718fd0_0;
    %addi 1, 0, 32;
    %store/vec4 v0x64e2d8718fd0_0, 0, 32;
    %jmp T_0.2;
T_0.3 ;
    %jmp T_0.1;
T_0.0 ;
    %load/vec4 v0x64e2d8719440_0;
    %flag_set/vec4 8;
    %jmp/0xz  T_0.4, 8;
    %load/vec4 v0x64e2d8718e50_0;
    %parti/s 2, 0, 2;
    %cmpi/e 0, 0, 2;
    %jmp/0xz  T_0.6, 4;
    %load/vec4 v0x64e2d8719360_0;
    %load/vec4 v0x64e2d8718e50_0;
    %parti/s 30, 2, 3;
    %ix/vec4 3;
    %ix/load 4, 0, 0; Constant delay
    %assign/vec4/a/d v0x64e2d8719100, 0, 4;
T_0.6 ;
T_0.4 ;
T_0.1 ;
    %jmp T_0;
    .thread T_0;
    .scope S_0x64e2d86fd1f0;
T_1 ;
    %delay 5000, 0;
    %load/vec4 v0x64e2d87196a0_0;
    %inv;
    %store/vec4 v0x64e2d87196a0_0, 0, 1;
    %jmp T_1;
    .thread T_1;
    .scope S_0x64e2d86fd1f0;
T_2 ;
    %vpi_call 2 25 "$dumpfile", "dmem_wave.vcd" {0 0 0};
    %vpi_call 2 26 "$dumpvars", 32'sb00000000000000000000000000000000, S_0x64e2d86fd1f0 {0 0 0};
    %pushi/vec4 0, 0, 1;
    %store/vec4 v0x64e2d87196a0_0, 0, 1;
    %pushi/vec4 0, 0, 1;
    %store/vec4 v0x64e2d8719870_0, 0, 1;
    %pushi/vec4 0, 0, 32;
    %store/vec4 v0x64e2d87195c0_0, 0, 32;
    %pushi/vec4 0, 0, 32;
    %store/vec4 v0x64e2d8719940_0, 0, 32;
    %pushi/vec4 0, 0, 1;
    %store/vec4 v0x64e2d87199e0_0, 0, 1;
    %delay 20000, 0;
    %pushi/vec4 1, 0, 1;
    %store/vec4 v0x64e2d8719870_0, 0, 1;
    %pushi/vec4 0, 0, 32;
    %store/vec4 v0x64e2d87195c0_0, 0, 32;
    %pushi/vec4 2863272209, 0, 32;
    %store/vec4 v0x64e2d8719940_0, 0, 32;
    %pushi/vec4 1, 0, 1;
    %store/vec4 v0x64e2d87199e0_0, 0, 1;
    %delay 10000, 0;
    %pushi/vec4 0, 0, 1;
    %store/vec4 v0x64e2d87199e0_0, 0, 1;
    %delay 10000, 0;
    %vpi_call 2 43 "$display", "WRITE/READ address=%0d data=%h", v0x64e2d87195c0_0, v0x64e2d8719770_0 {0 0 0};
    %pushi/vec4 4, 0, 32;
    %store/vec4 v0x64e2d87195c0_0, 0, 32;
    %pushi/vec4 3149603362, 0, 32;
    %store/vec4 v0x64e2d8719940_0, 0, 32;
    %pushi/vec4 1, 0, 1;
    %store/vec4 v0x64e2d87199e0_0, 0, 1;
    %delay 10000, 0;
    %pushi/vec4 0, 0, 1;
    %store/vec4 v0x64e2d87199e0_0, 0, 1;
    %delay 10000, 0;
    %vpi_call 2 51 "$display", "WRITE/READ address=%0d data=%h", v0x64e2d87195c0_0, v0x64e2d8719770_0 {0 0 0};
    %pushi/vec4 8, 0, 32;
    %store/vec4 v0x64e2d87195c0_0, 0, 32;
    %pushi/vec4 3435934515, 0, 32;
    %store/vec4 v0x64e2d8719940_0, 0, 32;
    %pushi/vec4 1, 0, 1;
    %store/vec4 v0x64e2d87199e0_0, 0, 1;
    %delay 10000, 0;
    %pushi/vec4 0, 0, 1;
    %store/vec4 v0x64e2d87199e0_0, 0, 1;
    %delay 10000, 0;
    %vpi_call 2 59 "$display", "WRITE/READ address=%0d data=%h", v0x64e2d87195c0_0, v0x64e2d8719770_0 {0 0 0};
    %pushi/vec4 0, 0, 32;
    %store/vec4 v0x64e2d87195c0_0, 0, 32;
    %delay 20000, 0;
    %vpi_call 2 63 "$display", "READ address=%0d data=%h", v0x64e2d87195c0_0, v0x64e2d8719770_0 {0 0 0};
    %pushi/vec4 4, 0, 32;
    %store/vec4 v0x64e2d87195c0_0, 0, 32;
    %delay 20000, 0;
    %vpi_call 2 67 "$display", "READ address=%0d data=%h", v0x64e2d87195c0_0, v0x64e2d8719770_0 {0 0 0};
    %pushi/vec4 8, 0, 32;
    %store/vec4 v0x64e2d87195c0_0, 0, 32;
    %delay 20000, 0;
    %vpi_call 2 71 "$display", "READ address=%0d data=%h", v0x64e2d87195c0_0, v0x64e2d8719770_0 {0 0 0};
    %delay 20000, 0;
    %vpi_call 2 74 "$finish" {0 0 0};
    %end;
    .thread T_2;
# The file index is used to find the file name in the following table.
:file_names 4;
    "N/A";
    "<interactive>";
    "../tb/tb_dmem.v";
    "./../rtl/dmem.v";
