#! /usr/bin/vvp
:ivl_version "12.0 (stable)";
:ivl_delay_selection "TYPICAL";
:vpi_time_precision - 12;
:vpi_module "/usr/lib/x86_64-linux-gnu/ivl/system.vpi";
:vpi_module "/usr/lib/x86_64-linux-gnu/ivl/vhdl_sys.vpi";
:vpi_module "/usr/lib/x86_64-linux-gnu/ivl/vhdl_textio.vpi";
:vpi_module "/usr/lib/x86_64-linux-gnu/ivl/v2005_math.vpi";
:vpi_module "/usr/lib/x86_64-linux-gnu/ivl/va_math.vpi";
S_0x5bb253391110 .scope module, "tb_ex_stage" "tb_ex_stage" 2 6;
 .timescale -9 -12;
v0x5bb2533c7760_0 .var "clk", 0 0;
v0x5bb2533c7850_0 .net "ex_mem_alu_result", 31 0, v0x5bb2533c5300_0;  1 drivers
v0x5bb2533c7920_0 .var "ex_mem_forward_data", 31 0;
v0x5bb2533c7a20_0 .net "ex_mem_mem_write", 0 0, v0x5bb2533c54c0_0;  1 drivers
v0x5bb2533c7af0_0 .net "ex_mem_pc4", 31 0, v0x5bb2533c5580_0;  1 drivers
v0x5bb2533c7b90_0 .net "ex_mem_rd", 4 0, v0x5bb2533c5660_0;  1 drivers
v0x5bb2533c7c60_0 .net "ex_mem_rdata2", 31 0, v0x5bb2533c5740_0;  1 drivers
v0x5bb2533c7d30_0 .net "ex_mem_reg_write", 0 0, v0x5bb2533c5820_0;  1 drivers
v0x5bb2533c7e00_0 .net "ex_mem_write_back_source", 1 0, v0x5bb2533c58e0_0;  1 drivers
v0x5bb2533c7ed0_0 .net "ex_pc_src", 0 0, L_0x5bb2533db380;  1 drivers
v0x5bb2533c7fa0_0 .net "ex_pc_target", 31 0, L_0x5bb2533dbb90;  1 drivers
v0x5bb2533c8070_0 .var "forward_a", 1 0;
v0x5bb2533c8140_0 .var "forward_b", 1 0;
v0x5bb2533c8210_0 .var "id_ex_alu_control", 3 0;
v0x5bb2533c82b0_0 .var "id_ex_alu_source", 0 0;
v0x5bb2533c8350_0 .var "id_ex_branch", 0 0;
v0x5bb2533c8420_0 .var "id_ex_f3", 2 0;
v0x5bb2533c84f0_0 .var "id_ex_f7", 6 0;
v0x5bb2533c85c0_0 .var "id_ex_imm", 31 0;
v0x5bb2533c8690_0 .var "id_ex_jalr", 0 0;
v0x5bb2533c8760_0 .var "id_ex_jump", 0 0;
v0x5bb2533c8830_0 .var "id_ex_mem_write", 0 0;
v0x5bb2533c8900_0 .var "id_ex_op", 6 0;
v0x5bb2533c89d0_0 .var "id_ex_pc", 31 0;
v0x5bb2533c8aa0_0 .var "id_ex_pc4", 31 0;
v0x5bb2533c8b70_0 .var "id_ex_rd", 4 0;
v0x5bb2533c8c40_0 .var "id_ex_rdata1", 31 0;
v0x5bb2533c8d10_0 .var "id_ex_rdata2", 31 0;
v0x5bb2533c8de0_0 .var "id_ex_reg_write", 0 0;
v0x5bb2533c8eb0_0 .var "id_ex_rs1", 4 0;
v0x5bb2533c8f80_0 .var "id_ex_rs2", 4 0;
v0x5bb2533c9050_0 .var "id_ex_write_back_source", 1 0;
v0x5bb2533c9120_0 .var "rst_n", 0 0;
v0x5bb2533c91f0_0 .var "wb_forward_data", 31 0;
S_0x5bb25338f190 .scope module, "dut" "ex_stage" 2 51, 3 1 0, S_0x5bb253391110;
 .timescale -9 -12;
    .port_info 0 /INPUT 1 "clk";
    .port_info 1 /INPUT 1 "rst_n";
    .port_info 2 /INPUT 32 "id_ex_pc";
    .port_info 3 /INPUT 32 "id_ex_pc4";
    .port_info 4 /INPUT 32 "id_ex_rdata1";
    .port_info 5 /INPUT 32 "id_ex_rdata2";
    .port_info 6 /INPUT 32 "id_ex_imm";
    .port_info 7 /INPUT 4 "id_ex_alu_control";
    .port_info 8 /INPUT 1 "id_ex_alu_source";
    .port_info 9 /INPUT 2 "id_ex_write_back_source";
    .port_info 10 /INPUT 1 "id_ex_mem_write";
    .port_info 11 /INPUT 1 "id_ex_reg_write";
    .port_info 12 /INPUT 1 "id_ex_branch";
    .port_info 13 /INPUT 1 "id_ex_jump";
    .port_info 14 /INPUT 1 "id_ex_jalr";
    .port_info 15 /INPUT 7 "id_ex_op";
    .port_info 16 /INPUT 3 "id_ex_f3";
    .port_info 17 /INPUT 7 "id_ex_f7";
    .port_info 18 /INPUT 5 "id_ex_rs1";
    .port_info 19 /INPUT 5 "id_ex_rs2";
    .port_info 20 /INPUT 5 "id_ex_rd";
    .port_info 21 /INPUT 2 "forward_a";
    .port_info 22 /INPUT 2 "forward_b";
    .port_info 23 /INPUT 32 "ex_mem_forward_data";
    .port_info 24 /INPUT 32 "wb_forward_data";
    .port_info 25 /OUTPUT 32 "ex_mem_alu_result";
    .port_info 26 /OUTPUT 32 "ex_mem_rdata2";
    .port_info 27 /OUTPUT 2 "ex_mem_write_back_source";
    .port_info 28 /OUTPUT 1 "ex_mem_mem_write";
    .port_info 29 /OUTPUT 1 "ex_mem_reg_write";
    .port_info 30 /OUTPUT 5 "ex_mem_rd";
    .port_info 31 /OUTPUT 32 "ex_mem_pc4";
    .port_info 32 /OUTPUT 1 "ex_pc_src";
    .port_info 33 /OUTPUT 32 "ex_pc_target";
L_0x5bb2533d9f70 .functor AND 1, L_0x5bb2533d9e40, L_0x5bb2533d9ad0, C4<1>, C4<1>;
L_0x5bb2533da1c0 .functor AND 1, L_0x5bb2533d9fe0, L_0x5bb2533da0d0, C4<1>, C4<1>;
L_0x5bb2533da280 .functor OR 1, L_0x5bb2533d9f70, L_0x5bb2533da1c0, C4<0>, C4<0>;
L_0x5bb2533da430 .functor AND 1, L_0x5bb2533da390, L_0x5bb2533d9c60, C4<1>, C4<1>;
L_0x5bb2533da4f0 .functor OR 1, L_0x5bb2533da280, L_0x5bb2533da430, C4<0>, C4<0>;
L_0x5bb2533da7f0 .functor AND 1, L_0x5bb2533da600, L_0x5bb2533da750, C4<1>, C4<1>;
L_0x5bb2533da8a0 .functor OR 1, L_0x5bb2533da4f0, L_0x5bb2533da7f0, C4<0>, C4<0>;
L_0x5bb2533daac0 .functor AND 1, L_0x5bb2533da9b0, L_0x5bb2533d9d50, C4<1>, C4<1>;
L_0x5bb2533dabd0 .functor OR 1, L_0x5bb2533da8a0, L_0x5bb2533daac0, C4<0>, C4<0>;
L_0x5bb2533daa50 .functor AND 1, L_0x5bb2533dace0, L_0x5bb2533dadd0, C4<1>, C4<1>;
L_0x5bb2533db030 .functor OR 1, L_0x5bb2533dabd0, L_0x5bb2533daa50, C4<0>, C4<0>;
L_0x5bb2533db0f0 .functor AND 1, v0x5bb2533c8350_0, L_0x5bb2533db030, C4<1>, C4<1>;
L_0x5bb2533db270 .functor OR 1, v0x5bb2533c8760_0, v0x5bb2533c8690_0, C4<0>, C4<0>;
L_0x5bb2533db380 .functor OR 1, L_0x5bb2533db270, L_0x5bb2533db0f0, C4<0>, C4<0>;
L_0x747ed9f572e8 .functor BUFT 1, C4<11111111111111111111111111111110>, C4<0>, C4<0>, C4<0>;
L_0x5bb2533db200 .functor AND 32, L_0x5bb2533db600, L_0x747ed9f572e8, C4<11111111111111111111111111111111>, C4<11111111111111111111111111111111>;
L_0x747ed9f57018 .functor BUFT 1, C4<0110111>, C4<0>, C4<0>, C4<0>;
v0x5bb2533c2ec0_0 .net/2u *"_ivl_0", 6 0, L_0x747ed9f57018;  1 drivers
v0x5bb2533c2fc0_0 .net *"_ivl_10", 31 0, L_0x5bb2533d95c0;  1 drivers
L_0x747ed9f57138 .functor BUFT 1, C4<000>, C4<0>, C4<0>, C4<0>;
v0x5bb2533c30a0_0 .net/2u *"_ivl_16", 2 0, L_0x747ed9f57138;  1 drivers
v0x5bb2533c3160_0 .net *"_ivl_18", 0 0, L_0x5bb2533d9e40;  1 drivers
v0x5bb2533c3220_0 .net *"_ivl_21", 0 0, L_0x5bb2533d9f70;  1 drivers
L_0x747ed9f57180 .functor BUFT 1, C4<001>, C4<0>, C4<0>, C4<0>;
v0x5bb2533c3330_0 .net/2u *"_ivl_22", 2 0, L_0x747ed9f57180;  1 drivers
v0x5bb2533c3410_0 .net *"_ivl_24", 0 0, L_0x5bb2533d9fe0;  1 drivers
v0x5bb2533c34d0_0 .net *"_ivl_27", 0 0, L_0x5bb2533da0d0;  1 drivers
v0x5bb2533c3590_0 .net *"_ivl_29", 0 0, L_0x5bb2533da1c0;  1 drivers
v0x5bb2533c3650_0 .net *"_ivl_30", 0 0, L_0x5bb2533da280;  1 drivers
L_0x747ed9f571c8 .functor BUFT 1, C4<100>, C4<0>, C4<0>, C4<0>;
v0x5bb2533c3730_0 .net/2u *"_ivl_32", 2 0, L_0x747ed9f571c8;  1 drivers
v0x5bb2533c3810_0 .net *"_ivl_34", 0 0, L_0x5bb2533da390;  1 drivers
v0x5bb2533c38d0_0 .net *"_ivl_37", 0 0, L_0x5bb2533da430;  1 drivers
v0x5bb2533c3990_0 .net *"_ivl_38", 0 0, L_0x5bb2533da4f0;  1 drivers
L_0x747ed9f57060 .functor BUFT 1, C4<0010111>, C4<0>, C4<0>, C4<0>;
v0x5bb2533c3a70_0 .net/2u *"_ivl_4", 6 0, L_0x747ed9f57060;  1 drivers
L_0x747ed9f57210 .functor BUFT 1, C4<101>, C4<0>, C4<0>, C4<0>;
v0x5bb2533c3b50_0 .net/2u *"_ivl_40", 2 0, L_0x747ed9f57210;  1 drivers
v0x5bb2533c3c30_0 .net *"_ivl_42", 0 0, L_0x5bb2533da600;  1 drivers
v0x5bb2533c3cf0_0 .net *"_ivl_45", 0 0, L_0x5bb2533da750;  1 drivers
v0x5bb2533c3db0_0 .net *"_ivl_47", 0 0, L_0x5bb2533da7f0;  1 drivers
v0x5bb2533c3e70_0 .net *"_ivl_48", 0 0, L_0x5bb2533da8a0;  1 drivers
L_0x747ed9f57258 .functor BUFT 1, C4<110>, C4<0>, C4<0>, C4<0>;
v0x5bb2533c3f50_0 .net/2u *"_ivl_50", 2 0, L_0x747ed9f57258;  1 drivers
v0x5bb2533c4030_0 .net *"_ivl_52", 0 0, L_0x5bb2533da9b0;  1 drivers
v0x5bb2533c40f0_0 .net *"_ivl_55", 0 0, L_0x5bb2533daac0;  1 drivers
v0x5bb2533c41b0_0 .net *"_ivl_56", 0 0, L_0x5bb2533dabd0;  1 drivers
L_0x747ed9f572a0 .functor BUFT 1, C4<111>, C4<0>, C4<0>, C4<0>;
v0x5bb2533c4290_0 .net/2u *"_ivl_58", 2 0, L_0x747ed9f572a0;  1 drivers
v0x5bb2533c4370_0 .net *"_ivl_60", 0 0, L_0x5bb2533dace0;  1 drivers
v0x5bb2533c4430_0 .net *"_ivl_63", 0 0, L_0x5bb2533dadd0;  1 drivers
v0x5bb2533c44f0_0 .net *"_ivl_65", 0 0, L_0x5bb2533daa50;  1 drivers
v0x5bb2533c45b0_0 .net *"_ivl_66", 0 0, L_0x5bb2533db030;  1 drivers
v0x5bb2533c4690_0 .net *"_ivl_70", 0 0, L_0x5bb2533db270;  1 drivers
v0x5bb2533c4770_0 .net *"_ivl_74", 31 0, L_0x5bb2533db560;  1 drivers
v0x5bb2533c4850_0 .net *"_ivl_76", 31 0, L_0x5bb2533db600;  1 drivers
v0x5bb2533c4930_0 .net/2u *"_ivl_78", 31 0, L_0x747ed9f572e8;  1 drivers
L_0x747ed9f570a8 .functor BUFT 1, C4<00000000000000000000000000000000>, C4<0>, C4<0>, C4<0>;
v0x5bb2533c4c20_0 .net/2u *"_ivl_8", 31 0, L_0x747ed9f570a8;  1 drivers
v0x5bb2533c4d00_0 .net *"_ivl_80", 31 0, L_0x5bb2533db200;  1 drivers
v0x5bb2533c4de0_0 .net *"_ivl_82", 31 0, L_0x5bb2533db860;  1 drivers
v0x5bb2533c4ec0_0 .net *"_ivl_84", 31 0, L_0x5bb2533dba00;  1 drivers
v0x5bb2533c4fa0_0 .net "alu_result", 31 0, v0x5bb2533c28d0_0;  1 drivers
v0x5bb2533c5060_0 .net "alu_src1", 31 0, L_0x5bb2533d9730;  1 drivers
v0x5bb2533c5100_0 .net "alu_src2", 31 0, L_0x5bb2533d9940;  1 drivers
v0x5bb2533c51a0_0 .net "branch_taken", 0 0, L_0x5bb2533db0f0;  1 drivers
v0x5bb2533c5240_0 .net "clk", 0 0, v0x5bb2533c7760_0;  1 drivers
v0x5bb2533c5300_0 .var "ex_mem_alu_result", 31 0;
v0x5bb2533c53e0_0 .net "ex_mem_forward_data", 31 0, v0x5bb2533c7920_0;  1 drivers
v0x5bb2533c54c0_0 .var "ex_mem_mem_write", 0 0;
v0x5bb2533c5580_0 .var "ex_mem_pc4", 31 0;
v0x5bb2533c5660_0 .var "ex_mem_rd", 4 0;
v0x5bb2533c5740_0 .var "ex_mem_rdata2", 31 0;
v0x5bb2533c5820_0 .var "ex_mem_reg_write", 0 0;
v0x5bb2533c58e0_0 .var "ex_mem_write_back_source", 1 0;
v0x5bb2533c59c0_0 .net "ex_pc_src", 0 0, L_0x5bb2533db380;  alias, 1 drivers
v0x5bb2533c5a80_0 .net "ex_pc_target", 31 0, L_0x5bb2533dbb90;  alias, 1 drivers
v0x5bb2533c5b60_0 .net "forward_a", 1 0, v0x5bb2533c8070_0;  1 drivers
v0x5bb2533c5c40_0 .net "forward_b", 1 0, v0x5bb2533c8140_0;  1 drivers
v0x5bb2533c5d20_0 .var "forwarded_rs1", 31 0;
v0x5bb2533c5e00_0 .var "forwarded_rs2", 31 0;
v0x5bb2533c5ee0_0 .net "id_ex_alu_control", 3 0, v0x5bb2533c8210_0;  1 drivers
v0x5bb2533c5fa0_0 .net "id_ex_alu_source", 0 0, v0x5bb2533c82b0_0;  1 drivers
v0x5bb2533c6040_0 .net "id_ex_branch", 0 0, v0x5bb2533c8350_0;  1 drivers
v0x5bb2533c6100_0 .net "id_ex_f3", 2 0, v0x5bb2533c8420_0;  1 drivers
v0x5bb2533c61e0_0 .net "id_ex_f7", 6 0, v0x5bb2533c84f0_0;  1 drivers
v0x5bb2533c62c0_0 .net "id_ex_imm", 31 0, v0x5bb2533c85c0_0;  1 drivers
v0x5bb2533c63a0_0 .net "id_ex_jalr", 0 0, v0x5bb2533c8690_0;  1 drivers
v0x5bb2533c6460_0 .net "id_ex_jump", 0 0, v0x5bb2533c8760_0;  1 drivers
v0x5bb2533c6520_0 .net "id_ex_mem_write", 0 0, v0x5bb2533c8830_0;  1 drivers
v0x5bb2533c65e0_0 .net "id_ex_op", 6 0, v0x5bb2533c8900_0;  1 drivers
v0x5bb2533c66c0_0 .net "id_ex_pc", 31 0, v0x5bb2533c89d0_0;  1 drivers
v0x5bb2533c67a0_0 .net "id_ex_pc4", 31 0, v0x5bb2533c8aa0_0;  1 drivers
v0x5bb2533c6880_0 .net "id_ex_rd", 4 0, v0x5bb2533c8b70_0;  1 drivers
v0x5bb2533c6960_0 .net "id_ex_rdata1", 31 0, v0x5bb2533c8c40_0;  1 drivers
v0x5bb2533c6a40_0 .net "id_ex_rdata2", 31 0, v0x5bb2533c8d10_0;  1 drivers
v0x5bb2533c6b20_0 .net "id_ex_reg_write", 0 0, v0x5bb2533c8de0_0;  1 drivers
v0x5bb2533c6be0_0 .net "id_ex_rs1", 4 0, v0x5bb2533c8eb0_0;  1 drivers
v0x5bb2533c6cc0_0 .net "id_ex_rs2", 4 0, v0x5bb2533c8f80_0;  1 drivers
v0x5bb2533c6da0_0 .net "id_ex_write_back_source", 1 0, v0x5bb2533c9050_0;  1 drivers
v0x5bb2533c6e80_0 .net "is_auipc", 0 0, L_0x5bb2533c9460;  1 drivers
v0x5bb2533c6f40_0 .net "is_lui", 0 0, L_0x5bb2533c92f0;  1 drivers
v0x5bb2533c7000_0 .net "less_than", 0 0, L_0x5bb2533d9c60;  1 drivers
v0x5bb2533c70a0_0 .net "less_than_u", 0 0, L_0x5bb2533d9d50;  1 drivers
v0x5bb2533c7140_0 .net "rst_n", 0 0, v0x5bb2533c9120_0;  1 drivers
v0x5bb2533c71e0_0 .net "wb_forward_data", 31 0, v0x5bb2533c91f0_0;  1 drivers
v0x5bb2533c72a0_0 .net "zero", 0 0, L_0x5bb2533d9ad0;  1 drivers
E_0x5bb253357c30 .event posedge, v0x5bb2533c5240_0;
E_0x5bb253358130 .event anyedge, v0x5bb2533c5c40_0, v0x5bb2533c6a40_0, v0x5bb2533c53e0_0, v0x5bb2533c71e0_0;
E_0x5bb253385f80 .event anyedge, v0x5bb2533c5b60_0, v0x5bb2533c6960_0, v0x5bb2533c53e0_0, v0x5bb2533c71e0_0;
L_0x5bb2533c92f0 .cmp/eq 7, v0x5bb2533c8900_0, L_0x747ed9f57018;
L_0x5bb2533c9460 .cmp/eq 7, v0x5bb2533c8900_0, L_0x747ed9f57060;
L_0x5bb2533d95c0 .functor MUXZ 32, v0x5bb2533c5d20_0, v0x5bb2533c89d0_0, L_0x5bb2533c9460, C4<>;
L_0x5bb2533d9730 .functor MUXZ 32, L_0x5bb2533d95c0, L_0x747ed9f570a8, L_0x5bb2533c92f0, C4<>;
L_0x5bb2533d9940 .functor MUXZ 32, v0x5bb2533c5e00_0, v0x5bb2533c85c0_0, v0x5bb2533c82b0_0, C4<>;
L_0x5bb2533d9e40 .cmp/eq 3, v0x5bb2533c8420_0, L_0x747ed9f57138;
L_0x5bb2533d9fe0 .cmp/eq 3, v0x5bb2533c8420_0, L_0x747ed9f57180;
L_0x5bb2533da0d0 .reduce/nor L_0x5bb2533d9ad0;
L_0x5bb2533da390 .cmp/eq 3, v0x5bb2533c8420_0, L_0x747ed9f571c8;
L_0x5bb2533da600 .cmp/eq 3, v0x5bb2533c8420_0, L_0x747ed9f57210;
L_0x5bb2533da750 .reduce/nor L_0x5bb2533d9c60;
L_0x5bb2533da9b0 .cmp/eq 3, v0x5bb2533c8420_0, L_0x747ed9f57258;
L_0x5bb2533dace0 .cmp/eq 3, v0x5bb2533c8420_0, L_0x747ed9f572a0;
L_0x5bb2533dadd0 .reduce/nor L_0x5bb2533d9d50;
L_0x5bb2533db560 .arith/sum 32, v0x5bb2533c89d0_0, v0x5bb2533c85c0_0;
L_0x5bb2533db600 .arith/sum 32, v0x5bb2533c5d20_0, v0x5bb2533c85c0_0;
L_0x5bb2533db860 .arith/sum 32, v0x5bb2533c89d0_0, v0x5bb2533c85c0_0;
L_0x5bb2533dba00 .functor MUXZ 32, L_0x5bb2533db860, L_0x5bb2533db200, v0x5bb2533c8690_0, C4<>;
L_0x5bb2533dbb90 .functor MUXZ 32, L_0x5bb2533dba00, L_0x5bb2533db560, v0x5bb2533c8760_0, C4<>;
S_0x5bb25338e8d0 .scope module, "ALU" "alu" 3 93, 4 1 0, S_0x5bb25338f190;
 .timescale -9 -12;
    .port_info 0 /INPUT 4 "alu_control";
    .port_info 1 /INPUT 32 "src1";
    .port_info 2 /INPUT 32 "src2";
    .port_info 3 /OUTPUT 32 "alu_result";
    .port_info 4 /OUTPUT 1 "zero";
    .port_info 5 /OUTPUT 1 "less_than";
    .port_info 6 /OUTPUT 1 "less_than_u";
L_0x747ed9f570f0 .functor BUFT 1, C4<00000000000000000000000000000000>, C4<0>, C4<0>, C4<0>;
v0x5bb25334dd70_0 .net/2u *"_ivl_0", 31 0, L_0x747ed9f570f0;  1 drivers
v0x5bb2533c27f0_0 .net "alu_control", 3 0, v0x5bb2533c8210_0;  alias, 1 drivers
v0x5bb2533c28d0_0 .var "alu_result", 31 0;
v0x5bb2533c2990_0 .net "less_than", 0 0, L_0x5bb2533d9c60;  alias, 1 drivers
v0x5bb2533c2a50_0 .net "less_than_u", 0 0, L_0x5bb2533d9d50;  alias, 1 drivers
v0x5bb2533c2b60_0 .net "src1", 31 0, L_0x5bb2533d9730;  alias, 1 drivers
v0x5bb2533c2c40_0 .net "src2", 31 0, L_0x5bb2533d9940;  alias, 1 drivers
v0x5bb2533c2d20_0 .net "zero", 0 0, L_0x5bb2533d9ad0;  alias, 1 drivers
E_0x5bb2533a4b70 .event anyedge, v0x5bb2533c27f0_0, v0x5bb2533c2b60_0, v0x5bb2533c2c40_0;
L_0x5bb2533d9ad0 .cmp/eq 32, v0x5bb2533c28d0_0, L_0x747ed9f570f0;
L_0x5bb2533d9c60 .cmp/gt.s 32, L_0x5bb2533d9940, L_0x5bb2533d9730;
L_0x5bb2533d9d50 .cmp/gt 32, L_0x5bb2533d9940, L_0x5bb2533d9730;
    .scope S_0x5bb25338e8d0;
T_0 ;
    %wait E_0x5bb2533a4b70;
    %load/vec4 v0x5bb2533c27f0_0;
    %dup/vec4;
    %pushi/vec4 0, 0, 4;
    %cmp/u;
    %jmp/1 T_0.0, 6;
    %dup/vec4;
    %pushi/vec4 2, 0, 4;
    %cmp/u;
    %jmp/1 T_0.1, 6;
    %dup/vec4;
    %pushi/vec4 3, 0, 4;
    %cmp/u;
    %jmp/1 T_0.2, 6;
    %dup/vec4;
    %pushi/vec4 1, 0, 4;
    %cmp/u;
    %jmp/1 T_0.3, 6;
    %dup/vec4;
    %pushi/vec4 5, 0, 4;
    %cmp/u;
    %jmp/1 T_0.4, 6;
    %dup/vec4;
    %pushi/vec4 7, 0, 4;
    %cmp/u;
    %jmp/1 T_0.5, 6;
    %dup/vec4;
    %pushi/vec4 8, 0, 4;
    %cmp/u;
    %jmp/1 T_0.6, 6;
    %dup/vec4;
    %pushi/vec4 9, 0, 4;
    %cmp/u;
    %jmp/1 T_0.7, 6;
    %dup/vec4;
    %pushi/vec4 10, 0, 4;
    %cmp/u;
    %jmp/1 T_0.8, 6;
    %dup/vec4;
    %pushi/vec4 11, 0, 4;
    %cmp/u;
    %jmp/1 T_0.9, 6;
    %pushi/vec4 0, 0, 32;
    %store/vec4 v0x5bb2533c28d0_0, 0, 32;
    %jmp T_0.11;
T_0.0 ;
    %load/vec4 v0x5bb2533c2b60_0;
    %load/vec4 v0x5bb2533c2c40_0;
    %add;
    %store/vec4 v0x5bb2533c28d0_0, 0, 32;
    %jmp T_0.11;
T_0.1 ;
    %load/vec4 v0x5bb2533c2b60_0;
    %load/vec4 v0x5bb2533c2c40_0;
    %and;
    %store/vec4 v0x5bb2533c28d0_0, 0, 32;
    %jmp T_0.11;
T_0.2 ;
    %load/vec4 v0x5bb2533c2b60_0;
    %load/vec4 v0x5bb2533c2c40_0;
    %or;
    %store/vec4 v0x5bb2533c28d0_0, 0, 32;
    %jmp T_0.11;
T_0.3 ;
    %load/vec4 v0x5bb2533c2b60_0;
    %load/vec4 v0x5bb2533c2c40_0;
    %inv;
    %addi 1, 0, 32;
    %add;
    %store/vec4 v0x5bb2533c28d0_0, 0, 32;
    %jmp T_0.11;
T_0.4 ;
    %pushi/vec4 0, 0, 31;
    %load/vec4 v0x5bb2533c2b60_0;
    %load/vec4 v0x5bb2533c2c40_0;
    %cmp/s;
    %flag_get/vec4 5;
    %concat/vec4; draw_concat_vec4
    %store/vec4 v0x5bb2533c28d0_0, 0, 32;
    %jmp T_0.11;
T_0.5 ;
    %pushi/vec4 0, 0, 31;
    %load/vec4 v0x5bb2533c2b60_0;
    %load/vec4 v0x5bb2533c2c40_0;
    %cmp/u;
    %flag_get/vec4 5;
    %concat/vec4; draw_concat_vec4
    %store/vec4 v0x5bb2533c28d0_0, 0, 32;
    %jmp T_0.11;
T_0.6 ;
    %load/vec4 v0x5bb2533c2b60_0;
    %load/vec4 v0x5bb2533c2c40_0;
    %xor;
    %store/vec4 v0x5bb2533c28d0_0, 0, 32;
    %jmp T_0.11;
T_0.7 ;
    %load/vec4 v0x5bb2533c2b60_0;
    %load/vec4 v0x5bb2533c2c40_0;
    %parti/s 5, 0, 2;
    %ix/vec4 4;
    %shiftl 4;
    %store/vec4 v0x5bb2533c28d0_0, 0, 32;
    %jmp T_0.11;
T_0.8 ;
    %load/vec4 v0x5bb2533c2b60_0;
    %load/vec4 v0x5bb2533c2c40_0;
    %parti/s 5, 0, 2;
    %ix/vec4 4;
    %shiftr 4;
    %store/vec4 v0x5bb2533c28d0_0, 0, 32;
    %jmp T_0.11;
T_0.9 ;
    %load/vec4 v0x5bb2533c2b60_0;
    %load/vec4 v0x5bb2533c2c40_0;
    %parti/s 5, 0, 2;
    %ix/vec4 4;
    %shiftr/s 4;
    %store/vec4 v0x5bb2533c28d0_0, 0, 32;
    %jmp T_0.11;
T_0.11 ;
    %pop/vec4 1;
    %jmp T_0;
    .thread T_0, $push;
    .scope S_0x5bb25338f190;
T_1 ;
    %wait E_0x5bb253385f80;
    %load/vec4 v0x5bb2533c5b60_0;
    %dup/vec4;
    %pushi/vec4 0, 0, 2;
    %cmp/u;
    %jmp/1 T_1.0, 6;
    %dup/vec4;
    %pushi/vec4 2, 0, 2;
    %cmp/u;
    %jmp/1 T_1.1, 6;
    %dup/vec4;
    %pushi/vec4 1, 0, 2;
    %cmp/u;
    %jmp/1 T_1.2, 6;
    %load/vec4 v0x5bb2533c6960_0;
    %store/vec4 v0x5bb2533c5d20_0, 0, 32;
    %jmp T_1.4;
T_1.0 ;
    %load/vec4 v0x5bb2533c6960_0;
    %store/vec4 v0x5bb2533c5d20_0, 0, 32;
    %jmp T_1.4;
T_1.1 ;
    %load/vec4 v0x5bb2533c53e0_0;
    %store/vec4 v0x5bb2533c5d20_0, 0, 32;
    %jmp T_1.4;
T_1.2 ;
    %load/vec4 v0x5bb2533c71e0_0;
    %store/vec4 v0x5bb2533c5d20_0, 0, 32;
    %jmp T_1.4;
T_1.4 ;
    %pop/vec4 1;
    %jmp T_1;
    .thread T_1, $push;
    .scope S_0x5bb25338f190;
T_2 ;
    %wait E_0x5bb253358130;
    %load/vec4 v0x5bb2533c5c40_0;
    %dup/vec4;
    %pushi/vec4 0, 0, 2;
    %cmp/u;
    %jmp/1 T_2.0, 6;
    %dup/vec4;
    %pushi/vec4 2, 0, 2;
    %cmp/u;
    %jmp/1 T_2.1, 6;
    %dup/vec4;
    %pushi/vec4 1, 0, 2;
    %cmp/u;
    %jmp/1 T_2.2, 6;
    %load/vec4 v0x5bb2533c6a40_0;
    %store/vec4 v0x5bb2533c5e00_0, 0, 32;
    %jmp T_2.4;
T_2.0 ;
    %load/vec4 v0x5bb2533c6a40_0;
    %store/vec4 v0x5bb2533c5e00_0, 0, 32;
    %jmp T_2.4;
T_2.1 ;
    %load/vec4 v0x5bb2533c53e0_0;
    %store/vec4 v0x5bb2533c5e00_0, 0, 32;
    %jmp T_2.4;
T_2.2 ;
    %load/vec4 v0x5bb2533c71e0_0;
    %store/vec4 v0x5bb2533c5e00_0, 0, 32;
    %jmp T_2.4;
T_2.4 ;
    %pop/vec4 1;
    %jmp T_2;
    .thread T_2, $push;
    .scope S_0x5bb25338f190;
T_3 ;
    %wait E_0x5bb253357c30;
    %load/vec4 v0x5bb2533c7140_0;
    %nor/r;
    %flag_set/vec4 8;
    %jmp/0xz  T_3.0, 8;
    %pushi/vec4 0, 0, 32;
    %assign/vec4 v0x5bb2533c5300_0, 0;
    %pushi/vec4 0, 0, 32;
    %assign/vec4 v0x5bb2533c5740_0, 0;
    %pushi/vec4 0, 0, 2;
    %assign/vec4 v0x5bb2533c58e0_0, 0;
    %pushi/vec4 0, 0, 1;
    %assign/vec4 v0x5bb2533c54c0_0, 0;
    %pushi/vec4 0, 0, 1;
    %assign/vec4 v0x5bb2533c5820_0, 0;
    %pushi/vec4 0, 0, 5;
    %assign/vec4 v0x5bb2533c5660_0, 0;
    %pushi/vec4 0, 0, 32;
    %assign/vec4 v0x5bb2533c5580_0, 0;
    %jmp T_3.1;
T_3.0 ;
    %load/vec4 v0x5bb2533c4fa0_0;
    %assign/vec4 v0x5bb2533c5300_0, 0;
    %load/vec4 v0x5bb2533c5e00_0;
    %assign/vec4 v0x5bb2533c5740_0, 0;
    %load/vec4 v0x5bb2533c6da0_0;
    %assign/vec4 v0x5bb2533c58e0_0, 0;
    %load/vec4 v0x5bb2533c6520_0;
    %assign/vec4 v0x5bb2533c54c0_0, 0;
    %load/vec4 v0x5bb2533c6b20_0;
    %assign/vec4 v0x5bb2533c5820_0, 0;
    %load/vec4 v0x5bb2533c6880_0;
    %assign/vec4 v0x5bb2533c5660_0, 0;
    %load/vec4 v0x5bb2533c67a0_0;
    %assign/vec4 v0x5bb2533c5580_0, 0;
T_3.1 ;
    %jmp T_3;
    .thread T_3;
    .scope S_0x5bb253391110;
T_4 ;
    %delay 5000, 0;
    %load/vec4 v0x5bb2533c7760_0;
    %inv;
    %store/vec4 v0x5bb2533c7760_0, 0, 1;
    %jmp T_4;
    .thread T_4;
    .scope S_0x5bb253391110;
T_5 ;
    %vpi_call 2 99 "$dumpfile", "../sim/ex_stage_wave.vcd" {0 0 0};
    %vpi_call 2 100 "$dumpvars", 32'sb00000000000000000000000000000000, S_0x5bb253391110 {0 0 0};
    %pushi/vec4 0, 0, 1;
    %store/vec4 v0x5bb2533c7760_0, 0, 1;
    %pushi/vec4 0, 0, 1;
    %store/vec4 v0x5bb2533c9120_0, 0, 1;
    %pushi/vec4 0, 0, 32;
    %store/vec4 v0x5bb2533c89d0_0, 0, 32;
    %pushi/vec4 0, 0, 32;
    %store/vec4 v0x5bb2533c8aa0_0, 0, 32;
    %pushi/vec4 0, 0, 32;
    %store/vec4 v0x5bb2533c8c40_0, 0, 32;
    %pushi/vec4 0, 0, 32;
    %store/vec4 v0x5bb2533c8d10_0, 0, 32;
    %pushi/vec4 0, 0, 32;
    %store/vec4 v0x5bb2533c85c0_0, 0, 32;
    %pushi/vec4 0, 0, 4;
    %store/vec4 v0x5bb2533c8210_0, 0, 4;
    %pushi/vec4 0, 0, 1;
    %store/vec4 v0x5bb2533c82b0_0, 0, 1;
    %pushi/vec4 0, 0, 2;
    %store/vec4 v0x5bb2533c9050_0, 0, 2;
    %pushi/vec4 0, 0, 1;
    %store/vec4 v0x5bb2533c8830_0, 0, 1;
    %pushi/vec4 0, 0, 1;
    %store/vec4 v0x5bb2533c8de0_0, 0, 1;
    %pushi/vec4 0, 0, 1;
    %store/vec4 v0x5bb2533c8350_0, 0, 1;
    %pushi/vec4 0, 0, 1;
    %store/vec4 v0x5bb2533c8760_0, 0, 1;
    %pushi/vec4 0, 0, 1;
    %store/vec4 v0x5bb2533c8690_0, 0, 1;
    %pushi/vec4 0, 0, 7;
    %store/vec4 v0x5bb2533c8900_0, 0, 7;
    %pushi/vec4 0, 0, 3;
    %store/vec4 v0x5bb2533c8420_0, 0, 3;
    %pushi/vec4 0, 0, 7;
    %store/vec4 v0x5bb2533c84f0_0, 0, 7;
    %pushi/vec4 0, 0, 5;
    %store/vec4 v0x5bb2533c8eb0_0, 0, 5;
    %pushi/vec4 0, 0, 5;
    %store/vec4 v0x5bb2533c8f80_0, 0, 5;
    %pushi/vec4 0, 0, 5;
    %store/vec4 v0x5bb2533c8b70_0, 0, 5;
    %pushi/vec4 0, 0, 2;
    %store/vec4 v0x5bb2533c8070_0, 0, 2;
    %pushi/vec4 0, 0, 2;
    %store/vec4 v0x5bb2533c8140_0, 0, 2;
    %pushi/vec4 0, 0, 32;
    %store/vec4 v0x5bb2533c7920_0, 0, 32;
    %pushi/vec4 0, 0, 32;
    %store/vec4 v0x5bb2533c91f0_0, 0, 32;
    %delay 20000, 0;
    %pushi/vec4 1, 0, 1;
    %store/vec4 v0x5bb2533c9120_0, 0, 1;
    %pushi/vec4 0, 0, 32;
    %store/vec4 v0x5bb2533c89d0_0, 0, 32;
    %pushi/vec4 4, 0, 32;
    %store/vec4 v0x5bb2533c8aa0_0, 0, 32;
    %pushi/vec4 10, 0, 32;
    %store/vec4 v0x5bb2533c8c40_0, 0, 32;
    %pushi/vec4 20, 0, 32;
    %store/vec4 v0x5bb2533c8d10_0, 0, 32;
    %pushi/vec4 0, 0, 32;
    %store/vec4 v0x5bb2533c85c0_0, 0, 32;
    %pushi/vec4 0, 0, 4;
    %store/vec4 v0x5bb2533c8210_0, 0, 4;
    %pushi/vec4 0, 0, 1;
    %store/vec4 v0x5bb2533c82b0_0, 0, 1;
    %pushi/vec4 0, 0, 2;
    %store/vec4 v0x5bb2533c9050_0, 0, 2;
    %pushi/vec4 0, 0, 1;
    %store/vec4 v0x5bb2533c8830_0, 0, 1;
    %pushi/vec4 1, 0, 1;
    %store/vec4 v0x5bb2533c8de0_0, 0, 1;
    %pushi/vec4 0, 0, 1;
    %store/vec4 v0x5bb2533c8350_0, 0, 1;
    %pushi/vec4 0, 0, 1;
    %store/vec4 v0x5bb2533c8760_0, 0, 1;
    %pushi/vec4 0, 0, 1;
    %store/vec4 v0x5bb2533c8690_0, 0, 1;
    %pushi/vec4 51, 0, 7;
    %store/vec4 v0x5bb2533c8900_0, 0, 7;
    %pushi/vec4 0, 0, 3;
    %store/vec4 v0x5bb2533c8420_0, 0, 3;
    %pushi/vec4 0, 0, 7;
    %store/vec4 v0x5bb2533c84f0_0, 0, 7;
    %pushi/vec4 1, 0, 5;
    %store/vec4 v0x5bb2533c8eb0_0, 0, 5;
    %pushi/vec4 2, 0, 5;
    %store/vec4 v0x5bb2533c8f80_0, 0, 5;
    %pushi/vec4 3, 0, 5;
    %store/vec4 v0x5bb2533c8b70_0, 0, 5;
    %pushi/vec4 0, 0, 2;
    %store/vec4 v0x5bb2533c8070_0, 0, 2;
    %pushi/vec4 0, 0, 2;
    %store/vec4 v0x5bb2533c8140_0, 0, 2;
    %delay 10000, 0;
    %vpi_call 2 159 "$display", "ADD      : alu_result=%0d rd=%0d reg_write=%b", v0x5bb2533c7850_0, v0x5bb2533c7b90_0, v0x5bb2533c7d30_0 {0 0 0};
    %pushi/vec4 4, 0, 32;
    %store/vec4 v0x5bb2533c89d0_0, 0, 32;
    %pushi/vec4 8, 0, 32;
    %store/vec4 v0x5bb2533c8aa0_0, 0, 32;
    %pushi/vec4 50, 0, 32;
    %store/vec4 v0x5bb2533c8c40_0, 0, 32;
    %pushi/vec4 15, 0, 32;
    %store/vec4 v0x5bb2533c8d10_0, 0, 32;
    %pushi/vec4 1, 0, 4;
    %store/vec4 v0x5bb2533c8210_0, 0, 4;
    %pushi/vec4 0, 0, 1;
    %store/vec4 v0x5bb2533c82b0_0, 0, 1;
    %pushi/vec4 4, 0, 5;
    %store/vec4 v0x5bb2533c8b70_0, 0, 5;
    %delay 10000, 0;
    %vpi_call 2 170 "$display", "SUB      : alu_result=%0d rd=%0d", v0x5bb2533c7850_0, v0x5bb2533c7b90_0 {0 0 0};
    %pushi/vec4 8, 0, 32;
    %store/vec4 v0x5bb2533c89d0_0, 0, 32;
    %pushi/vec4 12, 0, 32;
    %store/vec4 v0x5bb2533c8aa0_0, 0, 32;
    %pushi/vec4 10, 0, 32;
    %store/vec4 v0x5bb2533c8c40_0, 0, 32;
    %pushi/vec4 0, 0, 32;
    %store/vec4 v0x5bb2533c8d10_0, 0, 32;
    %pushi/vec4 5, 0, 32;
    %store/vec4 v0x5bb2533c85c0_0, 0, 32;
    %pushi/vec4 0, 0, 4;
    %store/vec4 v0x5bb2533c8210_0, 0, 4;
    %pushi/vec4 1, 0, 1;
    %store/vec4 v0x5bb2533c82b0_0, 0, 1;
    %pushi/vec4 5, 0, 5;
    %store/vec4 v0x5bb2533c8b70_0, 0, 5;
    %delay 10000, 0;
    %vpi_call 2 182 "$display", "ADDI     : alu_result=%0d rd=%0d", v0x5bb2533c7850_0, v0x5bb2533c7b90_0 {0 0 0};
    %pushi/vec4 12, 0, 32;
    %store/vec4 v0x5bb2533c89d0_0, 0, 32;
    %pushi/vec4 16, 0, 32;
    %store/vec4 v0x5bb2533c8aa0_0, 0, 32;
    %pushi/vec4 10, 0, 32;
    %store/vec4 v0x5bb2533c8c40_0, 0, 32;
    %pushi/vec4 20, 0, 32;
    %store/vec4 v0x5bb2533c8d10_0, 0, 32;
    %pushi/vec4 100, 0, 32;
    %store/vec4 v0x5bb2533c7920_0, 0, 32;
    %pushi/vec4 200, 0, 32;
    %store/vec4 v0x5bb2533c91f0_0, 0, 32;
    %pushi/vec4 2, 0, 2;
    %store/vec4 v0x5bb2533c8070_0, 0, 2;
    %pushi/vec4 0, 0, 2;
    %store/vec4 v0x5bb2533c8140_0, 0, 2;
    %pushi/vec4 0, 0, 4;
    %store/vec4 v0x5bb2533c8210_0, 0, 4;
    %pushi/vec4 0, 0, 1;
    %store/vec4 v0x5bb2533c82b0_0, 0, 1;
    %pushi/vec4 6, 0, 5;
    %store/vec4 v0x5bb2533c8b70_0, 0, 5;
    %delay 10000, 0;
    %vpi_call 2 197 "$display", "FWD A EX : alu_result=%0d expected=120", v0x5bb2533c7850_0 {0 0 0};
    %pushi/vec4 16, 0, 32;
    %store/vec4 v0x5bb2533c89d0_0, 0, 32;
    %pushi/vec4 20, 0, 32;
    %store/vec4 v0x5bb2533c8aa0_0, 0, 32;
    %pushi/vec4 10, 0, 32;
    %store/vec4 v0x5bb2533c8c40_0, 0, 32;
    %pushi/vec4 20, 0, 32;
    %store/vec4 v0x5bb2533c8d10_0, 0, 32;
    %pushi/vec4 100, 0, 32;
    %store/vec4 v0x5bb2533c7920_0, 0, 32;
    %pushi/vec4 200, 0, 32;
    %store/vec4 v0x5bb2533c91f0_0, 0, 32;
    %pushi/vec4 0, 0, 2;
    %store/vec4 v0x5bb2533c8070_0, 0, 2;
    %pushi/vec4 1, 0, 2;
    %store/vec4 v0x5bb2533c8140_0, 0, 2;
    %pushi/vec4 0, 0, 4;
    %store/vec4 v0x5bb2533c8210_0, 0, 4;
    %pushi/vec4 0, 0, 1;
    %store/vec4 v0x5bb2533c82b0_0, 0, 1;
    %pushi/vec4 7, 0, 5;
    %store/vec4 v0x5bb2533c8b70_0, 0, 5;
    %delay 10000, 0;
    %vpi_call 2 212 "$display", "FWD B WB : alu_result=%0d expected=210", v0x5bb2533c7850_0 {0 0 0};
    %pushi/vec4 20, 0, 32;
    %store/vec4 v0x5bb2533c89d0_0, 0, 32;
    %pushi/vec4 24, 0, 32;
    %store/vec4 v0x5bb2533c8aa0_0, 0, 32;
    %pushi/vec4 30, 0, 32;
    %store/vec4 v0x5bb2533c8c40_0, 0, 32;
    %pushi/vec4 30, 0, 32;
    %store/vec4 v0x5bb2533c8d10_0, 0, 32;
    %pushi/vec4 16, 0, 32;
    %store/vec4 v0x5bb2533c85c0_0, 0, 32;
    %pushi/vec4 1, 0, 4;
    %store/vec4 v0x5bb2533c8210_0, 0, 4;
    %pushi/vec4 0, 0, 1;
    %store/vec4 v0x5bb2533c82b0_0, 0, 1;
    %pushi/vec4 1, 0, 1;
    %store/vec4 v0x5bb2533c8350_0, 0, 1;
    %pushi/vec4 0, 0, 1;
    %store/vec4 v0x5bb2533c8760_0, 0, 1;
    %pushi/vec4 0, 0, 1;
    %store/vec4 v0x5bb2533c8690_0, 0, 1;
    %pushi/vec4 0, 0, 3;
    %store/vec4 v0x5bb2533c8420_0, 0, 3;
    %pushi/vec4 0, 0, 2;
    %store/vec4 v0x5bb2533c8070_0, 0, 2;
    %pushi/vec4 0, 0, 2;
    %store/vec4 v0x5bb2533c8140_0, 0, 2;
    %pushi/vec4 0, 0, 5;
    %store/vec4 v0x5bb2533c8b70_0, 0, 5;
    %pushi/vec4 0, 0, 1;
    %store/vec4 v0x5bb2533c8de0_0, 0, 1;
    %delay 10000, 0;
    %vpi_call 2 231 "$display", "BEQ TAKEN: ex_pc_src=%b target=%0d", v0x5bb2533c7ed0_0, v0x5bb2533c7fa0_0 {0 0 0};
    %pushi/vec4 24, 0, 32;
    %store/vec4 v0x5bb2533c89d0_0, 0, 32;
    %pushi/vec4 28, 0, 32;
    %store/vec4 v0x5bb2533c8aa0_0, 0, 32;
    %pushi/vec4 30, 0, 32;
    %store/vec4 v0x5bb2533c8c40_0, 0, 32;
    %pushi/vec4 40, 0, 32;
    %store/vec4 v0x5bb2533c8d10_0, 0, 32;
    %pushi/vec4 16, 0, 32;
    %store/vec4 v0x5bb2533c85c0_0, 0, 32;
    %pushi/vec4 1, 0, 4;
    %store/vec4 v0x5bb2533c8210_0, 0, 4;
    %pushi/vec4 1, 0, 1;
    %store/vec4 v0x5bb2533c8350_0, 0, 1;
    %pushi/vec4 0, 0, 3;
    %store/vec4 v0x5bb2533c8420_0, 0, 3;
    %delay 10000, 0;
    %vpi_call 2 243 "$display", "BEQ NOT  : ex_pc_src=%b target=%0d", v0x5bb2533c7ed0_0, v0x5bb2533c7fa0_0 {0 0 0};
    %pushi/vec4 28, 0, 32;
    %store/vec4 v0x5bb2533c89d0_0, 0, 32;
    %pushi/vec4 32, 0, 32;
    %store/vec4 v0x5bb2533c8aa0_0, 0, 32;
    %pushi/vec4 20, 0, 32;
    %store/vec4 v0x5bb2533c85c0_0, 0, 32;
    %pushi/vec4 0, 0, 1;
    %store/vec4 v0x5bb2533c8350_0, 0, 1;
    %pushi/vec4 1, 0, 1;
    %store/vec4 v0x5bb2533c8760_0, 0, 1;
    %pushi/vec4 0, 0, 1;
    %store/vec4 v0x5bb2533c8690_0, 0, 1;
    %pushi/vec4 1, 0, 1;
    %store/vec4 v0x5bb2533c8de0_0, 0, 1;
    %pushi/vec4 2, 0, 2;
    %store/vec4 v0x5bb2533c9050_0, 0, 2;
    %pushi/vec4 1, 0, 5;
    %store/vec4 v0x5bb2533c8b70_0, 0, 5;
    %delay 10000, 0;
    %vpi_call 2 256 "$display", "JAL      : ex_pc_src=%b target=%0d pc4=%0d rd=%0d wb_src=%b", v0x5bb2533c7ed0_0, v0x5bb2533c7fa0_0, v0x5bb2533c7af0_0, v0x5bb2533c7b90_0, v0x5bb2533c7e00_0 {0 0 0};
    %pushi/vec4 40, 0, 32;
    %store/vec4 v0x5bb2533c89d0_0, 0, 32;
    %pushi/vec4 44, 0, 32;
    %store/vec4 v0x5bb2533c8aa0_0, 0, 32;
    %pushi/vec4 100, 0, 32;
    %store/vec4 v0x5bb2533c8c40_0, 0, 32;
    %pushi/vec4 12, 0, 32;
    %store/vec4 v0x5bb2533c85c0_0, 0, 32;
    %pushi/vec4 0, 0, 1;
    %store/vec4 v0x5bb2533c8350_0, 0, 1;
    %pushi/vec4 0, 0, 1;
    %store/vec4 v0x5bb2533c8760_0, 0, 1;
    %pushi/vec4 1, 0, 1;
    %store/vec4 v0x5bb2533c8690_0, 0, 1;
    %pushi/vec4 1, 0, 1;
    %store/vec4 v0x5bb2533c8de0_0, 0, 1;
    %pushi/vec4 2, 0, 2;
    %store/vec4 v0x5bb2533c9050_0, 0, 2;
    %pushi/vec4 2, 0, 5;
    %store/vec4 v0x5bb2533c8b70_0, 0, 5;
    %pushi/vec4 0, 0, 2;
    %store/vec4 v0x5bb2533c8070_0, 0, 2;
    %delay 10000, 0;
    %vpi_call 2 272 "$display", "JALR     : ex_pc_src=%b target=%0d pc4=%0d rd=%0d wb_src=%b", v0x5bb2533c7ed0_0, v0x5bb2533c7fa0_0, v0x5bb2533c7af0_0, v0x5bb2533c7b90_0, v0x5bb2533c7e00_0 {0 0 0};
    %pushi/vec4 44, 0, 32;
    %store/vec4 v0x5bb2533c89d0_0, 0, 32;
    %pushi/vec4 48, 0, 32;
    %store/vec4 v0x5bb2533c8aa0_0, 0, 32;
    %pushi/vec4 0, 0, 32;
    %store/vec4 v0x5bb2533c8c40_0, 0, 32;
    %pushi/vec4 0, 0, 32;
    %store/vec4 v0x5bb2533c8d10_0, 0, 32;
    %pushi/vec4 305418240, 0, 32;
    %store/vec4 v0x5bb2533c85c0_0, 0, 32;
    %pushi/vec4 0, 0, 4;
    %store/vec4 v0x5bb2533c8210_0, 0, 4;
    %pushi/vec4 1, 0, 1;
    %store/vec4 v0x5bb2533c82b0_0, 0, 1;
    %pushi/vec4 55, 0, 7;
    %store/vec4 v0x5bb2533c8900_0, 0, 7;
    %pushi/vec4 0, 0, 1;
    %store/vec4 v0x5bb2533c8350_0, 0, 1;
    %pushi/vec4 0, 0, 1;
    %store/vec4 v0x5bb2533c8760_0, 0, 1;
    %pushi/vec4 0, 0, 1;
    %store/vec4 v0x5bb2533c8690_0, 0, 1;
    %pushi/vec4 1, 0, 1;
    %store/vec4 v0x5bb2533c8de0_0, 0, 1;
    %pushi/vec4 0, 0, 2;
    %store/vec4 v0x5bb2533c9050_0, 0, 2;
    %pushi/vec4 10, 0, 5;
    %store/vec4 v0x5bb2533c8b70_0, 0, 5;
    %delay 10000, 0;
    %vpi_call 2 291 "$display", "LUI      : alu_result=%h expected=12345000", v0x5bb2533c7850_0 {0 0 0};
    %pushi/vec4 100, 0, 32;
    %store/vec4 v0x5bb2533c89d0_0, 0, 32;
    %pushi/vec4 104, 0, 32;
    %store/vec4 v0x5bb2533c8aa0_0, 0, 32;
    %pushi/vec4 4096, 0, 32;
    %store/vec4 v0x5bb2533c85c0_0, 0, 32;
    %pushi/vec4 23, 0, 7;
    %store/vec4 v0x5bb2533c8900_0, 0, 7;
    %pushi/vec4 1, 0, 1;
    %store/vec4 v0x5bb2533c82b0_0, 0, 1;
    %pushi/vec4 0, 0, 4;
    %store/vec4 v0x5bb2533c8210_0, 0, 4;
    %pushi/vec4 11, 0, 5;
    %store/vec4 v0x5bb2533c8b70_0, 0, 5;
    %delay 10000, 0;
    %vpi_call 2 302 "$display", "AUIPC    : alu_result=%0d expected=%0d", v0x5bb2533c7850_0, 32'b00000000000000000001000001100100 {0 0 0};
    %delay 20000, 0;
    %vpi_call 2 306 "$finish" {0 0 0};
    %end;
    .thread T_5;
# The file index is used to find the file name in the following table.
:file_names 5;
    "N/A";
    "<interactive>";
    "../tb/tb_ex_stage.v";
    "./../rtl/ex_stage.v";
    "./../rtl/alu.v";
