#! /usr/bin/vvp
:ivl_version "12.0 (stable)";
:ivl_delay_selection "TYPICAL";
:vpi_time_precision - 12;
:vpi_module "/usr/lib/x86_64-linux-gnu/ivl/system.vpi";
:vpi_module "/usr/lib/x86_64-linux-gnu/ivl/vhdl_sys.vpi";
:vpi_module "/usr/lib/x86_64-linux-gnu/ivl/vhdl_textio.vpi";
:vpi_module "/usr/lib/x86_64-linux-gnu/ivl/v2005_math.vpi";
:vpi_module "/usr/lib/x86_64-linux-gnu/ivl/va_math.vpi";
S_0x5f9c7ac53300 .scope module, "tb_forwarding_unit" "tb_forwarding_unit" 2 4;
 .timescale -9 -12;
v0x5f9c7ac75b60_0 .var "ex_mem_rd", 4 0;
v0x5f9c7ac75c40_0 .var "ex_mem_reg_write", 0 0;
v0x5f9c7ac75d10_0 .net "forward_a", 1 0, v0x5f9c7ac754c0_0;  1 drivers
v0x5f9c7ac75e10_0 .net "forward_b", 1 0, v0x5f9c7ac75580_0;  1 drivers
v0x5f9c7ac75ee0_0 .var "id_ex_rs1", 4 0;
v0x5f9c7ac75f80_0 .var "id_ex_rs2", 4 0;
v0x5f9c7ac76050_0 .var "mem_wb_rd", 4 0;
v0x5f9c7ac76120_0 .var "mem_wb_reg_write", 0 0;
S_0x5f9c7ac53490 .scope module, "dut" "forwarding_unit" 2 18, 3 1 0, S_0x5f9c7ac53300;
 .timescale -9 -12;
    .port_info 0 /INPUT 5 "id_ex_rs1";
    .port_info 1 /INPUT 5 "id_ex_rs2";
    .port_info 2 /INPUT 5 "ex_mem_rd";
    .port_info 3 /INPUT 1 "ex_mem_reg_write";
    .port_info 4 /INPUT 5 "mem_wb_rd";
    .port_info 5 /INPUT 1 "mem_wb_reg_write";
    .port_info 6 /OUTPUT 2 "forward_a";
    .port_info 7 /OUTPUT 2 "forward_b";
v0x5f9c7ac45990_0 .net "ex_mem_rd", 4 0, v0x5f9c7ac75b60_0;  1 drivers
v0x5f9c7ac75400_0 .net "ex_mem_reg_write", 0 0, v0x5f9c7ac75c40_0;  1 drivers
v0x5f9c7ac754c0_0 .var "forward_a", 1 0;
v0x5f9c7ac75580_0 .var "forward_b", 1 0;
v0x5f9c7ac75660_0 .net "id_ex_rs1", 4 0, v0x5f9c7ac75ee0_0;  1 drivers
v0x5f9c7ac75790_0 .net "id_ex_rs2", 4 0, v0x5f9c7ac75f80_0;  1 drivers
v0x5f9c7ac75870_0 .net "mem_wb_rd", 4 0, v0x5f9c7ac76050_0;  1 drivers
v0x5f9c7ac75950_0 .net "mem_wb_reg_write", 0 0, v0x5f9c7ac76120_0;  1 drivers
E_0x5f9c7ac16fa0/0 .event anyedge, v0x5f9c7ac75400_0, v0x5f9c7ac45990_0, v0x5f9c7ac75660_0, v0x5f9c7ac75950_0;
E_0x5f9c7ac16fa0/1 .event anyedge, v0x5f9c7ac75870_0, v0x5f9c7ac75790_0;
E_0x5f9c7ac16fa0 .event/or E_0x5f9c7ac16fa0/0, E_0x5f9c7ac16fa0/1;
    .scope S_0x5f9c7ac53490;
T_0 ;
    %wait E_0x5f9c7ac16fa0;
    %pushi/vec4 0, 0, 2;
    %store/vec4 v0x5f9c7ac754c0_0, 0, 2;
    %pushi/vec4 0, 0, 2;
    %store/vec4 v0x5f9c7ac75580_0, 0, 2;
    %load/vec4 v0x5f9c7ac75400_0;
    %flag_set/vec4 10;
    %flag_get/vec4 10;
    %jmp/0 T_0.3, 10;
    %load/vec4 v0x5f9c7ac45990_0;
    %pushi/vec4 0, 0, 5;
    %cmp/ne;
    %flag_get/vec4 4;
    %and;
T_0.3;
    %flag_set/vec4 9;
    %flag_get/vec4 9;
    %jmp/0 T_0.2, 9;
    %load/vec4 v0x5f9c7ac45990_0;
    %load/vec4 v0x5f9c7ac75660_0;
    %cmp/e;
    %flag_get/vec4 4;
    %and;
T_0.2;
    %flag_set/vec4 8;
    %jmp/0xz  T_0.0, 8;
    %pushi/vec4 2, 0, 2;
    %store/vec4 v0x5f9c7ac754c0_0, 0, 2;
    %jmp T_0.1;
T_0.0 ;
    %load/vec4 v0x5f9c7ac75950_0;
    %flag_set/vec4 10;
    %flag_get/vec4 10;
    %jmp/0 T_0.7, 10;
    %load/vec4 v0x5f9c7ac75870_0;
    %pushi/vec4 0, 0, 5;
    %cmp/ne;
    %flag_get/vec4 4;
    %and;
T_0.7;
    %flag_set/vec4 9;
    %flag_get/vec4 9;
    %jmp/0 T_0.6, 9;
    %load/vec4 v0x5f9c7ac75870_0;
    %load/vec4 v0x5f9c7ac75660_0;
    %cmp/e;
    %flag_get/vec4 4;
    %and;
T_0.6;
    %flag_set/vec4 8;
    %jmp/0xz  T_0.4, 8;
    %pushi/vec4 1, 0, 2;
    %store/vec4 v0x5f9c7ac754c0_0, 0, 2;
T_0.4 ;
T_0.1 ;
    %load/vec4 v0x5f9c7ac75400_0;
    %flag_set/vec4 10;
    %flag_get/vec4 10;
    %jmp/0 T_0.11, 10;
    %load/vec4 v0x5f9c7ac45990_0;
    %pushi/vec4 0, 0, 5;
    %cmp/ne;
    %flag_get/vec4 4;
    %and;
T_0.11;
    %flag_set/vec4 9;
    %flag_get/vec4 9;
    %jmp/0 T_0.10, 9;
    %load/vec4 v0x5f9c7ac45990_0;
    %load/vec4 v0x5f9c7ac75790_0;
    %cmp/e;
    %flag_get/vec4 4;
    %and;
T_0.10;
    %flag_set/vec4 8;
    %jmp/0xz  T_0.8, 8;
    %pushi/vec4 2, 0, 2;
    %store/vec4 v0x5f9c7ac75580_0, 0, 2;
    %jmp T_0.9;
T_0.8 ;
    %load/vec4 v0x5f9c7ac75950_0;
    %flag_set/vec4 10;
    %flag_get/vec4 10;
    %jmp/0 T_0.15, 10;
    %load/vec4 v0x5f9c7ac75870_0;
    %pushi/vec4 0, 0, 5;
    %cmp/ne;
    %flag_get/vec4 4;
    %and;
T_0.15;
    %flag_set/vec4 9;
    %flag_get/vec4 9;
    %jmp/0 T_0.14, 9;
    %load/vec4 v0x5f9c7ac75870_0;
    %load/vec4 v0x5f9c7ac75790_0;
    %cmp/e;
    %flag_get/vec4 4;
    %and;
T_0.14;
    %flag_set/vec4 8;
    %jmp/0xz  T_0.12, 8;
    %pushi/vec4 1, 0, 2;
    %store/vec4 v0x5f9c7ac75580_0, 0, 2;
T_0.12 ;
T_0.9 ;
    %jmp T_0;
    .thread T_0, $push;
    .scope S_0x5f9c7ac53300;
T_1 ;
    %vpi_call 2 30 "$dumpfile", "../sim/forwarding_unit_wave.vcd" {0 0 0};
    %vpi_call 2 31 "$dumpvars", 32'sb00000000000000000000000000000000, S_0x5f9c7ac53300 {0 0 0};
    %pushi/vec4 1, 0, 5;
    %store/vec4 v0x5f9c7ac75ee0_0, 0, 5;
    %pushi/vec4 2, 0, 5;
    %store/vec4 v0x5f9c7ac75f80_0, 0, 5;
    %pushi/vec4 0, 0, 5;
    %store/vec4 v0x5f9c7ac75b60_0, 0, 5;
    %pushi/vec4 0, 0, 1;
    %store/vec4 v0x5f9c7ac75c40_0, 0, 1;
    %pushi/vec4 0, 0, 5;
    %store/vec4 v0x5f9c7ac76050_0, 0, 5;
    %pushi/vec4 0, 0, 1;
    %store/vec4 v0x5f9c7ac76120_0, 0, 1;
    %delay 20000, 0;
    %vpi_call 2 40 "$display", "NO HAZARD        : forward_a=%b forward_b=%b", v0x5f9c7ac75d10_0, v0x5f9c7ac75e10_0 {0 0 0};
    %pushi/vec4 1, 0, 5;
    %store/vec4 v0x5f9c7ac75ee0_0, 0, 5;
    %pushi/vec4 2, 0, 5;
    %store/vec4 v0x5f9c7ac75f80_0, 0, 5;
    %pushi/vec4 1, 0, 5;
    %store/vec4 v0x5f9c7ac75b60_0, 0, 5;
    %pushi/vec4 1, 0, 1;
    %store/vec4 v0x5f9c7ac75c40_0, 0, 1;
    %pushi/vec4 0, 0, 5;
    %store/vec4 v0x5f9c7ac76050_0, 0, 5;
    %pushi/vec4 0, 0, 1;
    %store/vec4 v0x5f9c7ac76120_0, 0, 1;
    %delay 20000, 0;
    %vpi_call 2 49 "$display", "EX/MEM -> RS1    : forward_a=%b forward_b=%b", v0x5f9c7ac75d10_0, v0x5f9c7ac75e10_0 {0 0 0};
    %pushi/vec4 1, 0, 5;
    %store/vec4 v0x5f9c7ac75ee0_0, 0, 5;
    %pushi/vec4 2, 0, 5;
    %store/vec4 v0x5f9c7ac75f80_0, 0, 5;
    %pushi/vec4 2, 0, 5;
    %store/vec4 v0x5f9c7ac75b60_0, 0, 5;
    %pushi/vec4 1, 0, 1;
    %store/vec4 v0x5f9c7ac75c40_0, 0, 1;
    %pushi/vec4 0, 0, 5;
    %store/vec4 v0x5f9c7ac76050_0, 0, 5;
    %pushi/vec4 0, 0, 1;
    %store/vec4 v0x5f9c7ac76120_0, 0, 1;
    %delay 20000, 0;
    %vpi_call 2 58 "$display", "EX/MEM -> RS2    : forward_a=%b forward_b=%b", v0x5f9c7ac75d10_0, v0x5f9c7ac75e10_0 {0 0 0};
    %pushi/vec4 3, 0, 5;
    %store/vec4 v0x5f9c7ac75ee0_0, 0, 5;
    %pushi/vec4 4, 0, 5;
    %store/vec4 v0x5f9c7ac75f80_0, 0, 5;
    %pushi/vec4 0, 0, 5;
    %store/vec4 v0x5f9c7ac75b60_0, 0, 5;
    %pushi/vec4 0, 0, 1;
    %store/vec4 v0x5f9c7ac75c40_0, 0, 1;
    %pushi/vec4 3, 0, 5;
    %store/vec4 v0x5f9c7ac76050_0, 0, 5;
    %pushi/vec4 1, 0, 1;
    %store/vec4 v0x5f9c7ac76120_0, 0, 1;
    %delay 20000, 0;
    %vpi_call 2 67 "$display", "MEM/WB -> RS1    : forward_a=%b forward_b=%b", v0x5f9c7ac75d10_0, v0x5f9c7ac75e10_0 {0 0 0};
    %pushi/vec4 3, 0, 5;
    %store/vec4 v0x5f9c7ac75ee0_0, 0, 5;
    %pushi/vec4 4, 0, 5;
    %store/vec4 v0x5f9c7ac75f80_0, 0, 5;
    %pushi/vec4 0, 0, 5;
    %store/vec4 v0x5f9c7ac75b60_0, 0, 5;
    %pushi/vec4 0, 0, 1;
    %store/vec4 v0x5f9c7ac75c40_0, 0, 1;
    %pushi/vec4 4, 0, 5;
    %store/vec4 v0x5f9c7ac76050_0, 0, 5;
    %pushi/vec4 1, 0, 1;
    %store/vec4 v0x5f9c7ac76120_0, 0, 1;
    %delay 20000, 0;
    %vpi_call 2 76 "$display", "MEM/WB -> RS2    : forward_a=%b forward_b=%b", v0x5f9c7ac75d10_0, v0x5f9c7ac75e10_0 {0 0 0};
    %pushi/vec4 5, 0, 5;
    %store/vec4 v0x5f9c7ac75ee0_0, 0, 5;
    %pushi/vec4 5, 0, 5;
    %store/vec4 v0x5f9c7ac75f80_0, 0, 5;
    %pushi/vec4 5, 0, 5;
    %store/vec4 v0x5f9c7ac75b60_0, 0, 5;
    %pushi/vec4 1, 0, 1;
    %store/vec4 v0x5f9c7ac75c40_0, 0, 1;
    %pushi/vec4 0, 0, 5;
    %store/vec4 v0x5f9c7ac76050_0, 0, 5;
    %pushi/vec4 0, 0, 1;
    %store/vec4 v0x5f9c7ac76120_0, 0, 1;
    %delay 20000, 0;
    %vpi_call 2 85 "$display", "EX/MEM -> BOTH   : forward_a=%b forward_b=%b", v0x5f9c7ac75d10_0, v0x5f9c7ac75e10_0 {0 0 0};
    %pushi/vec4 6, 0, 5;
    %store/vec4 v0x5f9c7ac75ee0_0, 0, 5;
    %pushi/vec4 7, 0, 5;
    %store/vec4 v0x5f9c7ac75f80_0, 0, 5;
    %pushi/vec4 6, 0, 5;
    %store/vec4 v0x5f9c7ac75b60_0, 0, 5;
    %pushi/vec4 1, 0, 1;
    %store/vec4 v0x5f9c7ac75c40_0, 0, 1;
    %pushi/vec4 6, 0, 5;
    %store/vec4 v0x5f9c7ac76050_0, 0, 5;
    %pushi/vec4 1, 0, 1;
    %store/vec4 v0x5f9c7ac76120_0, 0, 1;
    %delay 20000, 0;
    %vpi_call 2 94 "$display", "PRIORITY CHECK   : forward_a=%b forward_b=%b", v0x5f9c7ac75d10_0, v0x5f9c7ac75e10_0 {0 0 0};
    %pushi/vec4 8, 0, 5;
    %store/vec4 v0x5f9c7ac75ee0_0, 0, 5;
    %pushi/vec4 9, 0, 5;
    %store/vec4 v0x5f9c7ac75f80_0, 0, 5;
    %pushi/vec4 0, 0, 5;
    %store/vec4 v0x5f9c7ac75b60_0, 0, 5;
    %pushi/vec4 1, 0, 1;
    %store/vec4 v0x5f9c7ac75c40_0, 0, 1;
    %pushi/vec4 0, 0, 5;
    %store/vec4 v0x5f9c7ac76050_0, 0, 5;
    %pushi/vec4 1, 0, 1;
    %store/vec4 v0x5f9c7ac76120_0, 0, 1;
    %delay 20000, 0;
    %vpi_call 2 103 "$display", "x0 IGNORE CHECK  : forward_a=%b forward_b=%b", v0x5f9c7ac75d10_0, v0x5f9c7ac75e10_0 {0 0 0};
    %delay 20000, 0;
    %vpi_call 2 106 "$finish" {0 0 0};
    %end;
    .thread T_1;
# The file index is used to find the file name in the following table.
:file_names 4;
    "N/A";
    "<interactive>";
    "../tb/tb_forwarding_unit.v";
    "./../rtl/forwarding_unit.v";
