#! /usr/bin/vvp
:ivl_version "12.0 (stable)";
:ivl_delay_selection "TYPICAL";
:vpi_time_precision - 12;
:vpi_module "/usr/lib/x86_64-linux-gnu/ivl/system.vpi";
:vpi_module "/usr/lib/x86_64-linux-gnu/ivl/vhdl_sys.vpi";
:vpi_module "/usr/lib/x86_64-linux-gnu/ivl/vhdl_textio.vpi";
:vpi_module "/usr/lib/x86_64-linux-gnu/ivl/v2005_math.vpi";
:vpi_module "/usr/lib/x86_64-linux-gnu/ivl/va_math.vpi";
S_0x641008d6f460 .scope module, "tb_id_stage" "tb_id_stage" 2 8;
 .timescale -9 -12;
v0x641008dd11b0_0 .var "clk", 0 0;
v0x641008dd12c0_0 .var "control_mux_sel", 0 0;
v0x641008dd1380_0 .net "id_ex_alu_control", 3 0, v0x641008dced30_0;  1 drivers
v0x641008dd1480_0 .net "id_ex_alu_source", 0 0, v0x641008dcedd0_0;  1 drivers
v0x641008dd1550_0 .net "id_ex_branch", 0 0, v0x641008dcef00_0;  1 drivers
v0x641008dd1640_0 .net "id_ex_f3", 2 0, v0x641008dcefa0_0;  1 drivers
v0x641008dd1710_0 .net "id_ex_f7", 6 0, v0x641008dcf080_0;  1 drivers
v0x641008dd17e0_0 .var "id_ex_flush", 0 0;
v0x641008dd18b0_0 .net "id_ex_imm", 31 0, v0x641008dcf220_0;  1 drivers
v0x641008dd1980_0 .net "id_ex_jalr", 0 0, v0x641008dcf300_0;  1 drivers
v0x641008dd1a50_0 .net "id_ex_jump", 0 0, v0x641008dcf3c0_0;  1 drivers
v0x641008dd1b20_0 .net "id_ex_mem_write", 0 0, v0x641008dcf480_0;  1 drivers
v0x641008dd1bf0_0 .net "id_ex_op", 6 0, v0x641008dcf540_0;  1 drivers
v0x641008dd1cc0_0 .net "id_ex_pc", 31 0, v0x641008dcf620_0;  1 drivers
v0x641008dd1d90_0 .net "id_ex_pc4", 31 0, v0x641008dcf700_0;  1 drivers
v0x641008dd1e60_0 .net "id_ex_rd", 4 0, v0x641008dcf7e0_0;  1 drivers
v0x641008dd1f30_0 .net "id_ex_rdata1", 31 0, v0x641008dcf8c0_0;  1 drivers
v0x641008dd2000_0 .net "id_ex_rdata2", 31 0, v0x641008dcf9a0_0;  1 drivers
v0x641008dd20d0_0 .net "id_ex_reg_write", 0 0, v0x641008dcfa80_0;  1 drivers
v0x641008dd21a0_0 .net "id_ex_rs1", 4 0, v0x641008dcfb40_0;  1 drivers
v0x641008dd2270_0 .net "id_ex_rs2", 4 0, v0x641008dcfc20_0;  1 drivers
v0x641008dd2340_0 .net "id_ex_write_back_source", 1 0, v0x641008dcfd00_0;  1 drivers
v0x641008dd2410_0 .var "if_id_instr", 31 0;
v0x641008dd24b0_0 .var "if_id_pc", 31 0;
v0x641008dd2550_0 .var "if_id_pc4", 31 0;
v0x641008dd2620_0 .var "rst_n", 0 0;
v0x641008dd26f0_0 .var "wb_rd", 4 0;
v0x641008dd27e0_0 .var "wb_wdata", 31 0;
v0x641008dd28d0_0 .var "wb_write_enable", 0 0;
S_0x641008d6f5f0 .scope module, "dut" "id_stage" 2 47, 3 1 0, S_0x641008d6f460;
 .timescale -9 -12;
    .port_info 0 /INPUT 1 "clk";
    .port_info 1 /INPUT 1 "rst_n";
    .port_info 2 /INPUT 1 "control_mux_sel";
    .port_info 3 /INPUT 1 "id_ex_flush";
    .port_info 4 /INPUT 32 "if_id_pc";
    .port_info 5 /INPUT 32 "if_id_pc4";
    .port_info 6 /INPUT 32 "if_id_instr";
    .port_info 7 /INPUT 1 "wb_write_enable";
    .port_info 8 /INPUT 5 "wb_rd";
    .port_info 9 /INPUT 32 "wb_wdata";
    .port_info 10 /OUTPUT 32 "id_ex_pc";
    .port_info 11 /OUTPUT 32 "id_ex_pc4";
    .port_info 12 /OUTPUT 32 "id_ex_rdata1";
    .port_info 13 /OUTPUT 32 "id_ex_rdata2";
    .port_info 14 /OUTPUT 32 "id_ex_imm";
    .port_info 15 /OUTPUT 4 "id_ex_alu_control";
    .port_info 16 /OUTPUT 1 "id_ex_alu_source";
    .port_info 17 /OUTPUT 2 "id_ex_write_back_source";
    .port_info 18 /OUTPUT 1 "id_ex_mem_write";
    .port_info 19 /OUTPUT 1 "id_ex_reg_write";
    .port_info 20 /OUTPUT 1 "id_ex_branch";
    .port_info 21 /OUTPUT 1 "id_ex_jump";
    .port_info 22 /OUTPUT 1 "id_ex_jalr";
    .port_info 23 /OUTPUT 7 "id_ex_op";
    .port_info 24 /OUTPUT 3 "id_ex_f3";
    .port_info 25 /OUTPUT 7 "id_ex_f7";
    .port_info 26 /OUTPUT 5 "id_ex_rs1";
    .port_info 27 /OUTPUT 5 "id_ex_rs2";
    .port_info 28 /OUTPUT 5 "id_ex_rd";
v0x641008dce800_0 .net "alu_control", 3 0, v0x641008da4640_0;  1 drivers
v0x641008dce8c0_0 .net "alu_source", 0 0, v0x641008dcc5d0_0;  1 drivers
v0x641008dce960_0 .net "branch", 0 0, v0x641008dcc670_0;  1 drivers
v0x641008dcea00_0 .net "clk", 0 0, v0x641008dd11b0_0;  1 drivers
v0x641008dcead0_0 .net "control_mux_sel", 0 0, v0x641008dd12c0_0;  1 drivers
v0x641008dcebc0_0 .net "func3", 2 0, L_0x641008dd2ab0;  1 drivers
v0x641008dcec60_0 .net "func7", 6 0, L_0x641008dd2ba0;  1 drivers
v0x641008dced30_0 .var "id_ex_alu_control", 3 0;
v0x641008dcedd0_0 .var "id_ex_alu_source", 0 0;
v0x641008dcef00_0 .var "id_ex_branch", 0 0;
v0x641008dcefa0_0 .var "id_ex_f3", 2 0;
v0x641008dcf080_0 .var "id_ex_f7", 6 0;
v0x641008dcf160_0 .net "id_ex_flush", 0 0, v0x641008dd17e0_0;  1 drivers
v0x641008dcf220_0 .var "id_ex_imm", 31 0;
v0x641008dcf300_0 .var "id_ex_jalr", 0 0;
v0x641008dcf3c0_0 .var "id_ex_jump", 0 0;
v0x641008dcf480_0 .var "id_ex_mem_write", 0 0;
v0x641008dcf540_0 .var "id_ex_op", 6 0;
v0x641008dcf620_0 .var "id_ex_pc", 31 0;
v0x641008dcf700_0 .var "id_ex_pc4", 31 0;
v0x641008dcf7e0_0 .var "id_ex_rd", 4 0;
v0x641008dcf8c0_0 .var "id_ex_rdata1", 31 0;
v0x641008dcf9a0_0 .var "id_ex_rdata2", 31 0;
v0x641008dcfa80_0 .var "id_ex_reg_write", 0 0;
v0x641008dcfb40_0 .var "id_ex_rs1", 4 0;
v0x641008dcfc20_0 .var "id_ex_rs2", 4 0;
v0x641008dcfd00_0 .var "id_ex_write_back_source", 1 0;
v0x641008dcfde0_0 .net "if_id_instr", 31 0, v0x641008dd2410_0;  1 drivers
v0x641008dcfed0_0 .net "if_id_pc", 31 0, v0x641008dd24b0_0;  1 drivers
v0x641008dcff90_0 .net "if_id_pc4", 31 0, v0x641008dd2550_0;  1 drivers
v0x641008dd0070_0 .net "imm", 31 0, L_0x641008da4520;  1 drivers
v0x641008dd0160_0 .net "imm_source", 2 0, v0x641008dcc940_0;  1 drivers
v0x641008dd0200_0 .net "jalr", 0 0, v0x641008dcca20_0;  1 drivers
v0x641008dd02a0_0 .net "jump", 0 0, v0x641008dccae0_0;  1 drivers
v0x641008dd0370_0 .net "mem_write", 0 0, v0x641008dccba0_0;  1 drivers
v0x641008dd0440_0 .net "op", 6 0, L_0x641008dd29c0;  1 drivers
v0x641008dd0510_0 .net "rd", 4 0, L_0x641008dd2e50;  1 drivers
v0x641008dd05b0_0 .net "reg_write", 0 0, v0x641008dccd40_0;  1 drivers
v0x641008dd0680_0 .net "rf_rdata1", 31 0, v0x641008dcd8b0_0;  1 drivers
v0x641008dd0750_0 .net "rf_rdata2", 31 0, v0x641008dcd9e0_0;  1 drivers
v0x641008dd0820_0 .net "rs1", 4 0, L_0x641008dd2c40;  1 drivers
v0x641008dd08f0_0 .net "rs2", 4 0, L_0x641008dd2d60;  1 drivers
v0x641008dd09c0_0 .net "rst_n", 0 0, v0x641008dd2620_0;  1 drivers
v0x641008dd0a60_0 .net "second_add_source", 0 0, v0x641008dcce00_0;  1 drivers
v0x641008dd0b30_0 .net "wb_rd", 4 0, v0x641008dd26f0_0;  1 drivers
v0x641008dd0c00_0 .net "wb_wdata", 31 0, v0x641008dd27e0_0;  1 drivers
v0x641008dd0cd0_0 .net "wb_write_enable", 0 0, v0x641008dd28d0_0;  1 drivers
v0x641008dd0da0_0 .net "write_back_source", 1 0, v0x641008dccec0_0;  1 drivers
L_0x641008dd29c0 .part v0x641008dd2410_0, 0, 7;
L_0x641008dd2ab0 .part v0x641008dd2410_0, 12, 3;
L_0x641008dd2ba0 .part v0x641008dd2410_0, 25, 7;
L_0x641008dd2c40 .part v0x641008dd2410_0, 15, 5;
L_0x641008dd2d60 .part v0x641008dd2410_0, 20, 5;
L_0x641008dd2e50 .part v0x641008dd2410_0, 7, 5;
S_0x641008d6b540 .scope module, "CTRL" "control" 3 66, 4 1 0, S_0x641008d6f5f0;
 .timescale -9 -12;
    .port_info 0 /INPUT 7 "op";
    .port_info 1 /INPUT 3 "func3";
    .port_info 2 /INPUT 7 "func7";
    .port_info 3 /OUTPUT 4 "alu_control";
    .port_info 4 /OUTPUT 3 "imm_source";
    .port_info 5 /OUTPUT 1 "mem_write";
    .port_info 6 /OUTPUT 1 "reg_write";
    .port_info 7 /OUTPUT 1 "alu_source";
    .port_info 8 /OUTPUT 2 "write_back_source";
    .port_info 9 /OUTPUT 1 "second_add_source";
    .port_info 10 /OUTPUT 1 "branch";
    .port_info 11 /OUTPUT 1 "jump";
    .port_info 12 /OUTPUT 1 "jalr";
v0x641008da4640_0 .var "alu_control", 3 0;
v0x641008dcc4f0_0 .var "alu_op", 1 0;
v0x641008dcc5d0_0 .var "alu_source", 0 0;
v0x641008dcc670_0 .var "branch", 0 0;
v0x641008dcc730_0 .net "func3", 2 0, L_0x641008dd2ab0;  alias, 1 drivers
v0x641008dcc860_0 .net "func7", 6 0, L_0x641008dd2ba0;  alias, 1 drivers
v0x641008dcc940_0 .var "imm_source", 2 0;
v0x641008dcca20_0 .var "jalr", 0 0;
v0x641008dccae0_0 .var "jump", 0 0;
v0x641008dccba0_0 .var "mem_write", 0 0;
v0x641008dccc60_0 .net "op", 6 0, L_0x641008dd29c0;  alias, 1 drivers
v0x641008dccd40_0 .var "reg_write", 0 0;
v0x641008dcce00_0 .var "second_add_source", 0 0;
v0x641008dccec0_0 .var "write_back_source", 1 0;
E_0x641008d55400 .event anyedge, v0x641008dcc4f0_0, v0x641008dcc730_0, v0x641008dccc60_0, v0x641008dcc860_0;
E_0x641008d55df0 .event anyedge, v0x641008dccc60_0;
S_0x641008dcd140 .scope module, "RF" "reg_file" 3 83, 5 1 0, S_0x641008d6f5f0;
 .timescale -9 -12;
    .port_info 0 /INPUT 1 "clk";
    .port_info 1 /INPUT 5 "address1";
    .port_info 2 /INPUT 5 "address2";
    .port_info 3 /OUTPUT 32 "read_data1";
    .port_info 4 /OUTPUT 32 "read_data2";
    .port_info 5 /INPUT 1 "write_enable";
    .port_info 6 /INPUT 5 "address3";
    .port_info 7 /INPUT 32 "write_data";
v0x641008dcd550_0 .net "address1", 4 0, L_0x641008dd2c40;  alias, 1 drivers
v0x641008dcd650_0 .net "address2", 4 0, L_0x641008dd2d60;  alias, 1 drivers
v0x641008dcd730_0 .net "address3", 4 0, v0x641008dd26f0_0;  alias, 1 drivers
v0x641008dcd7f0_0 .net "clk", 0 0, v0x641008dd11b0_0;  alias, 1 drivers
v0x641008dcd8b0_0 .var "read_data1", 31 0;
v0x641008dcd9e0_0 .var "read_data2", 31 0;
v0x641008dcdac0 .array "register", 0 31, 31 0;
v0x641008dcdf80_0 .net "write_data", 31 0, v0x641008dd27e0_0;  alias, 1 drivers
v0x641008dce060_0 .net "write_enable", 0 0, v0x641008dd28d0_0;  alias, 1 drivers
v0x641008dcdac0_0 .array/port v0x641008dcdac0, 0;
v0x641008dcdac0_1 .array/port v0x641008dcdac0, 1;
v0x641008dcdac0_2 .array/port v0x641008dcdac0, 2;
E_0x641008d55ad0/0 .event anyedge, v0x641008dcd550_0, v0x641008dcdac0_0, v0x641008dcdac0_1, v0x641008dcdac0_2;
v0x641008dcdac0_3 .array/port v0x641008dcdac0, 3;
v0x641008dcdac0_4 .array/port v0x641008dcdac0, 4;
v0x641008dcdac0_5 .array/port v0x641008dcdac0, 5;
v0x641008dcdac0_6 .array/port v0x641008dcdac0, 6;
E_0x641008d55ad0/1 .event anyedge, v0x641008dcdac0_3, v0x641008dcdac0_4, v0x641008dcdac0_5, v0x641008dcdac0_6;
v0x641008dcdac0_7 .array/port v0x641008dcdac0, 7;
v0x641008dcdac0_8 .array/port v0x641008dcdac0, 8;
v0x641008dcdac0_9 .array/port v0x641008dcdac0, 9;
v0x641008dcdac0_10 .array/port v0x641008dcdac0, 10;
E_0x641008d55ad0/2 .event anyedge, v0x641008dcdac0_7, v0x641008dcdac0_8, v0x641008dcdac0_9, v0x641008dcdac0_10;
v0x641008dcdac0_11 .array/port v0x641008dcdac0, 11;
v0x641008dcdac0_12 .array/port v0x641008dcdac0, 12;
v0x641008dcdac0_13 .array/port v0x641008dcdac0, 13;
v0x641008dcdac0_14 .array/port v0x641008dcdac0, 14;
E_0x641008d55ad0/3 .event anyedge, v0x641008dcdac0_11, v0x641008dcdac0_12, v0x641008dcdac0_13, v0x641008dcdac0_14;
v0x641008dcdac0_15 .array/port v0x641008dcdac0, 15;
v0x641008dcdac0_16 .array/port v0x641008dcdac0, 16;
v0x641008dcdac0_17 .array/port v0x641008dcdac0, 17;
v0x641008dcdac0_18 .array/port v0x641008dcdac0, 18;
E_0x641008d55ad0/4 .event anyedge, v0x641008dcdac0_15, v0x641008dcdac0_16, v0x641008dcdac0_17, v0x641008dcdac0_18;
v0x641008dcdac0_19 .array/port v0x641008dcdac0, 19;
v0x641008dcdac0_20 .array/port v0x641008dcdac0, 20;
v0x641008dcdac0_21 .array/port v0x641008dcdac0, 21;
v0x641008dcdac0_22 .array/port v0x641008dcdac0, 22;
E_0x641008d55ad0/5 .event anyedge, v0x641008dcdac0_19, v0x641008dcdac0_20, v0x641008dcdac0_21, v0x641008dcdac0_22;
v0x641008dcdac0_23 .array/port v0x641008dcdac0, 23;
v0x641008dcdac0_24 .array/port v0x641008dcdac0, 24;
v0x641008dcdac0_25 .array/port v0x641008dcdac0, 25;
v0x641008dcdac0_26 .array/port v0x641008dcdac0, 26;
E_0x641008d55ad0/6 .event anyedge, v0x641008dcdac0_23, v0x641008dcdac0_24, v0x641008dcdac0_25, v0x641008dcdac0_26;
v0x641008dcdac0_27 .array/port v0x641008dcdac0, 27;
v0x641008dcdac0_28 .array/port v0x641008dcdac0, 28;
v0x641008dcdac0_29 .array/port v0x641008dcdac0, 29;
v0x641008dcdac0_30 .array/port v0x641008dcdac0, 30;
E_0x641008d55ad0/7 .event anyedge, v0x641008dcdac0_27, v0x641008dcdac0_28, v0x641008dcdac0_29, v0x641008dcdac0_30;
v0x641008dcdac0_31 .array/port v0x641008dcdac0, 31;
E_0x641008d55ad0/8 .event anyedge, v0x641008dcdac0_31, v0x641008dcd650_0;
E_0x641008d55ad0 .event/or E_0x641008d55ad0/0, E_0x641008d55ad0/1, E_0x641008d55ad0/2, E_0x641008d55ad0/3, E_0x641008d55ad0/4, E_0x641008d55ad0/5, E_0x641008d55ad0/6, E_0x641008d55ad0/7, E_0x641008d55ad0/8;
E_0x641008d3f1d0 .event posedge, v0x641008dcd7f0_0;
S_0x641008dce220 .scope module, "SE" "sign_ext" 3 96, 6 1 0, S_0x641008d6f5f0;
 .timescale -9 -12;
    .port_info 0 /INPUT 32 "raw_src";
    .port_info 1 /INPUT 3 "imm_source";
    .port_info 2 /OUTPUT 32 "immediate";
L_0x641008da4520 .functor BUFZ 32, v0x641008dce440_0, C4<00000000000000000000000000000000>, C4<00000000000000000000000000000000>, C4<00000000000000000000000000000000>;
v0x641008dce440_0 .var "gathered_imm", 31 0;
v0x641008dce540_0 .net "imm_source", 2 0, v0x641008dcc940_0;  alias, 1 drivers
v0x641008dce600_0 .net "immediate", 31 0, L_0x641008da4520;  alias, 1 drivers
v0x641008dce6a0_0 .net "raw_src", 31 0, v0x641008dd2410_0;  alias, 1 drivers
E_0x641008dac190 .event anyedge, v0x641008dcc940_0, v0x641008dce6a0_0;
    .scope S_0x641008d6b540;
T_0 ;
    %wait E_0x641008d55df0;
    %pushi/vec4 0, 0, 1;
    %store/vec4 v0x641008dccd40_0, 0, 1;
    %pushi/vec4 0, 0, 3;
    %store/vec4 v0x641008dcc940_0, 0, 3;
    %pushi/vec4 0, 0, 1;
    %store/vec4 v0x641008dccba0_0, 0, 1;
    %pushi/vec4 0, 0, 2;
    %store/vec4 v0x641008dcc4f0_0, 0, 2;
    %pushi/vec4 0, 0, 1;
    %store/vec4 v0x641008dcc5d0_0, 0, 1;
    %pushi/vec4 0, 0, 2;
    %store/vec4 v0x641008dccec0_0, 0, 2;
    %pushi/vec4 0, 0, 1;
    %store/vec4 v0x641008dcce00_0, 0, 1;
    %pushi/vec4 0, 0, 1;
    %store/vec4 v0x641008dcc670_0, 0, 1;
    %pushi/vec4 0, 0, 1;
    %store/vec4 v0x641008dccae0_0, 0, 1;
    %pushi/vec4 0, 0, 1;
    %store/vec4 v0x641008dcca20_0, 0, 1;
    %load/vec4 v0x641008dccc60_0;
    %dup/vec4;
    %pushi/vec4 3, 0, 7;
    %cmp/u;
    %jmp/1 T_0.0, 6;
    %dup/vec4;
    %pushi/vec4 35, 0, 7;
    %cmp/u;
    %jmp/1 T_0.1, 6;
    %dup/vec4;
    %pushi/vec4 51, 0, 7;
    %cmp/u;
    %jmp/1 T_0.2, 6;
    %dup/vec4;
    %pushi/vec4 99, 0, 7;
    %cmp/u;
    %jmp/1 T_0.3, 6;
    %dup/vec4;
    %pushi/vec4 111, 0, 7;
    %cmp/u;
    %jmp/1 T_0.4, 6;
    %dup/vec4;
    %pushi/vec4 19, 0, 7;
    %cmp/u;
    %jmp/1 T_0.5, 6;
    %dup/vec4;
    %pushi/vec4 55, 0, 7;
    %cmp/u;
    %jmp/1 T_0.6, 6;
    %dup/vec4;
    %pushi/vec4 23, 0, 7;
    %cmp/u;
    %jmp/1 T_0.7, 6;
    %dup/vec4;
    %pushi/vec4 103, 0, 7;
    %cmp/u;
    %jmp/1 T_0.8, 6;
    %pushi/vec4 0, 0, 1;
    %store/vec4 v0x641008dccd40_0, 0, 1;
    %pushi/vec4 0, 0, 3;
    %store/vec4 v0x641008dcc940_0, 0, 3;
    %pushi/vec4 0, 0, 1;
    %store/vec4 v0x641008dccba0_0, 0, 1;
    %pushi/vec4 0, 0, 2;
    %store/vec4 v0x641008dcc4f0_0, 0, 2;
    %pushi/vec4 0, 0, 1;
    %store/vec4 v0x641008dcc5d0_0, 0, 1;
    %pushi/vec4 0, 0, 1;
    %store/vec4 v0x641008dcc670_0, 0, 1;
    %pushi/vec4 0, 0, 1;
    %store/vec4 v0x641008dccae0_0, 0, 1;
    %jmp T_0.10;
T_0.0 ;
    %pushi/vec4 1, 0, 1;
    %store/vec4 v0x641008dccd40_0, 0, 1;
    %pushi/vec4 0, 0, 3;
    %store/vec4 v0x641008dcc940_0, 0, 3;
    %pushi/vec4 0, 0, 1;
    %store/vec4 v0x641008dccba0_0, 0, 1;
    %pushi/vec4 0, 0, 2;
    %store/vec4 v0x641008dcc4f0_0, 0, 2;
    %pushi/vec4 1, 0, 1;
    %store/vec4 v0x641008dcc5d0_0, 0, 1;
    %pushi/vec4 1, 0, 2;
    %store/vec4 v0x641008dccec0_0, 0, 2;
    %pushi/vec4 0, 0, 1;
    %store/vec4 v0x641008dcc670_0, 0, 1;
    %pushi/vec4 0, 0, 1;
    %store/vec4 v0x641008dccae0_0, 0, 1;
    %jmp T_0.10;
T_0.1 ;
    %pushi/vec4 0, 0, 1;
    %store/vec4 v0x641008dccd40_0, 0, 1;
    %pushi/vec4 1, 0, 3;
    %store/vec4 v0x641008dcc940_0, 0, 3;
    %pushi/vec4 1, 0, 1;
    %store/vec4 v0x641008dccba0_0, 0, 1;
    %pushi/vec4 0, 0, 2;
    %store/vec4 v0x641008dcc4f0_0, 0, 2;
    %pushi/vec4 1, 0, 1;
    %store/vec4 v0x641008dcc5d0_0, 0, 1;
    %pushi/vec4 0, 0, 1;
    %store/vec4 v0x641008dcc670_0, 0, 1;
    %pushi/vec4 0, 0, 1;
    %store/vec4 v0x641008dccae0_0, 0, 1;
    %jmp T_0.10;
T_0.2 ;
    %pushi/vec4 1, 0, 1;
    %store/vec4 v0x641008dccd40_0, 0, 1;
    %pushi/vec4 0, 0, 1;
    %store/vec4 v0x641008dccba0_0, 0, 1;
    %pushi/vec4 2, 0, 2;
    %store/vec4 v0x641008dcc4f0_0, 0, 2;
    %pushi/vec4 0, 0, 1;
    %store/vec4 v0x641008dcc5d0_0, 0, 1;
    %pushi/vec4 0, 0, 2;
    %store/vec4 v0x641008dccec0_0, 0, 2;
    %pushi/vec4 0, 0, 1;
    %store/vec4 v0x641008dcc670_0, 0, 1;
    %pushi/vec4 0, 0, 1;
    %store/vec4 v0x641008dccae0_0, 0, 1;
    %jmp T_0.10;
T_0.3 ;
    %pushi/vec4 0, 0, 1;
    %store/vec4 v0x641008dccd40_0, 0, 1;
    %pushi/vec4 2, 0, 3;
    %store/vec4 v0x641008dcc940_0, 0, 3;
    %pushi/vec4 0, 0, 1;
    %store/vec4 v0x641008dcc5d0_0, 0, 1;
    %pushi/vec4 0, 0, 1;
    %store/vec4 v0x641008dccba0_0, 0, 1;
    %pushi/vec4 1, 0, 2;
    %store/vec4 v0x641008dcc4f0_0, 0, 2;
    %pushi/vec4 1, 0, 1;
    %store/vec4 v0x641008dcc670_0, 0, 1;
    %pushi/vec4 0, 0, 1;
    %store/vec4 v0x641008dccae0_0, 0, 1;
    %pushi/vec4 0, 0, 1;
    %store/vec4 v0x641008dcce00_0, 0, 1;
    %jmp T_0.10;
T_0.4 ;
    %pushi/vec4 1, 0, 1;
    %store/vec4 v0x641008dccd40_0, 0, 1;
    %pushi/vec4 3, 0, 3;
    %store/vec4 v0x641008dcc940_0, 0, 3;
    %pushi/vec4 0, 0, 1;
    %store/vec4 v0x641008dccba0_0, 0, 1;
    %pushi/vec4 2, 0, 2;
    %store/vec4 v0x641008dccec0_0, 0, 2;
    %pushi/vec4 0, 0, 1;
    %store/vec4 v0x641008dcc670_0, 0, 1;
    %pushi/vec4 1, 0, 1;
    %store/vec4 v0x641008dccae0_0, 0, 1;
    %pushi/vec4 0, 0, 1;
    %store/vec4 v0x641008dcce00_0, 0, 1;
    %jmp T_0.10;
T_0.5 ;
    %pushi/vec4 1, 0, 1;
    %store/vec4 v0x641008dccd40_0, 0, 1;
    %pushi/vec4 0, 0, 3;
    %store/vec4 v0x641008dcc940_0, 0, 3;
    %pushi/vec4 1, 0, 1;
    %store/vec4 v0x641008dcc5d0_0, 0, 1;
    %pushi/vec4 0, 0, 1;
    %store/vec4 v0x641008dccba0_0, 0, 1;
    %pushi/vec4 2, 0, 2;
    %store/vec4 v0x641008dcc4f0_0, 0, 2;
    %pushi/vec4 0, 0, 2;
    %store/vec4 v0x641008dccec0_0, 0, 2;
    %pushi/vec4 0, 0, 1;
    %store/vec4 v0x641008dcc670_0, 0, 1;
    %pushi/vec4 0, 0, 1;
    %store/vec4 v0x641008dccae0_0, 0, 1;
    %jmp T_0.10;
T_0.6 ;
    %pushi/vec4 4, 0, 3;
    %store/vec4 v0x641008dcc940_0, 0, 3;
    %pushi/vec4 0, 0, 1;
    %store/vec4 v0x641008dccba0_0, 0, 1;
    %pushi/vec4 1, 0, 1;
    %store/vec4 v0x641008dccd40_0, 0, 1;
    %pushi/vec4 0, 0, 2;
    %store/vec4 v0x641008dccec0_0, 0, 2;
    %pushi/vec4 0, 0, 1;
    %store/vec4 v0x641008dcc670_0, 0, 1;
    %pushi/vec4 0, 0, 1;
    %store/vec4 v0x641008dccae0_0, 0, 1;
    %pushi/vec4 1, 0, 1;
    %store/vec4 v0x641008dcc5d0_0, 0, 1;
    %pushi/vec4 0, 0, 2;
    %store/vec4 v0x641008dcc4f0_0, 0, 2;
    %load/vec4 v0x641008dccc60_0;
    %cmpi/e 55, 0, 7;
    %jmp/0xz  T_0.11, 4;
    %pushi/vec4 1, 0, 1;
    %store/vec4 v0x641008dcce00_0, 0, 1;
    %jmp T_0.12;
T_0.11 ;
    %pushi/vec4 0, 0, 1;
    %store/vec4 v0x641008dcce00_0, 0, 1;
T_0.12 ;
    %jmp T_0.10;
T_0.7 ;
    %pushi/vec4 4, 0, 3;
    %store/vec4 v0x641008dcc940_0, 0, 3;
    %pushi/vec4 0, 0, 1;
    %store/vec4 v0x641008dccba0_0, 0, 1;
    %pushi/vec4 1, 0, 1;
    %store/vec4 v0x641008dccd40_0, 0, 1;
    %pushi/vec4 0, 0, 2;
    %store/vec4 v0x641008dccec0_0, 0, 2;
    %pushi/vec4 0, 0, 1;
    %store/vec4 v0x641008dcc670_0, 0, 1;
    %pushi/vec4 0, 0, 1;
    %store/vec4 v0x641008dccae0_0, 0, 1;
    %pushi/vec4 1, 0, 1;
    %store/vec4 v0x641008dcc5d0_0, 0, 1;
    %pushi/vec4 0, 0, 2;
    %store/vec4 v0x641008dcc4f0_0, 0, 2;
    %load/vec4 v0x641008dccc60_0;
    %cmpi/e 55, 0, 7;
    %jmp/0xz  T_0.13, 4;
    %pushi/vec4 1, 0, 1;
    %store/vec4 v0x641008dcce00_0, 0, 1;
    %jmp T_0.14;
T_0.13 ;
    %pushi/vec4 0, 0, 1;
    %store/vec4 v0x641008dcce00_0, 0, 1;
T_0.14 ;
    %jmp T_0.10;
T_0.8 ;
    %pushi/vec4 1, 0, 1;
    %store/vec4 v0x641008dccd40_0, 0, 1;
    %pushi/vec4 0, 0, 3;
    %store/vec4 v0x641008dcc940_0, 0, 3;
    %pushi/vec4 0, 0, 1;
    %store/vec4 v0x641008dccba0_0, 0, 1;
    %pushi/vec4 2, 0, 2;
    %store/vec4 v0x641008dccec0_0, 0, 2;
    %pushi/vec4 0, 0, 1;
    %store/vec4 v0x641008dcc670_0, 0, 1;
    %pushi/vec4 0, 0, 1;
    %store/vec4 v0x641008dccae0_0, 0, 1;
    %pushi/vec4 1, 0, 1;
    %store/vec4 v0x641008dcca20_0, 0, 1;
    %pushi/vec4 0, 0, 2;
    %store/vec4 v0x641008dcc4f0_0, 0, 2;
    %pushi/vec4 1, 0, 1;
    %store/vec4 v0x641008dcc5d0_0, 0, 1;
    %pushi/vec4 0, 0, 1;
    %store/vec4 v0x641008dcce00_0, 0, 1;
    %jmp T_0.10;
T_0.10 ;
    %pop/vec4 1;
    %jmp T_0;
    .thread T_0, $push;
    .scope S_0x641008d6b540;
T_1 ;
    %wait E_0x641008d55400;
    %load/vec4 v0x641008dcc4f0_0;
    %dup/vec4;
    %pushi/vec4 0, 0, 2;
    %cmp/u;
    %jmp/1 T_1.0, 6;
    %dup/vec4;
    %pushi/vec4 2, 0, 2;
    %cmp/u;
    %jmp/1 T_1.1, 6;
    %dup/vec4;
    %pushi/vec4 1, 0, 2;
    %cmp/u;
    %jmp/1 T_1.2, 6;
    %pushi/vec4 7, 0, 4;
    %store/vec4 v0x641008da4640_0, 0, 4;
    %jmp T_1.4;
T_1.0 ;
    %pushi/vec4 0, 0, 4;
    %store/vec4 v0x641008da4640_0, 0, 4;
    %jmp T_1.4;
T_1.1 ;
    %load/vec4 v0x641008dcc730_0;
    %dup/vec4;
    %pushi/vec4 0, 0, 3;
    %cmp/u;
    %jmp/1 T_1.5, 6;
    %dup/vec4;
    %pushi/vec4 7, 0, 3;
    %cmp/u;
    %jmp/1 T_1.6, 6;
    %dup/vec4;
    %pushi/vec4 6, 0, 3;
    %cmp/u;
    %jmp/1 T_1.7, 6;
    %dup/vec4;
    %pushi/vec4 2, 0, 3;
    %cmp/u;
    %jmp/1 T_1.8, 6;
    %dup/vec4;
    %pushi/vec4 3, 0, 3;
    %cmp/u;
    %jmp/1 T_1.9, 6;
    %dup/vec4;
    %pushi/vec4 4, 0, 3;
    %cmp/u;
    %jmp/1 T_1.10, 6;
    %dup/vec4;
    %pushi/vec4 1, 0, 3;
    %cmp/u;
    %jmp/1 T_1.11, 6;
    %dup/vec4;
    %pushi/vec4 5, 0, 3;
    %cmp/u;
    %jmp/1 T_1.12, 6;
    %pushi/vec4 0, 0, 4;
    %store/vec4 v0x641008da4640_0, 0, 4;
    %jmp T_1.14;
T_1.5 ;
    %load/vec4 v0x641008dccc60_0;
    %cmpi/e 51, 0, 7;
    %flag_get/vec4 4;
    %jmp/0 T_1.17, 4;
    %load/vec4 v0x641008dcc860_0;
    %pushi/vec4 32, 0, 7;
    %cmp/e;
    %flag_get/vec4 4;
    %and;
T_1.17;
    %flag_set/vec4 8;
    %jmp/0xz  T_1.15, 8;
    %pushi/vec4 1, 0, 4;
    %store/vec4 v0x641008da4640_0, 0, 4;
    %jmp T_1.16;
T_1.15 ;
    %pushi/vec4 0, 0, 4;
    %store/vec4 v0x641008da4640_0, 0, 4;
T_1.16 ;
    %jmp T_1.14;
T_1.6 ;
    %pushi/vec4 2, 0, 4;
    %store/vec4 v0x641008da4640_0, 0, 4;
    %jmp T_1.14;
T_1.7 ;
    %pushi/vec4 3, 0, 4;
    %store/vec4 v0x641008da4640_0, 0, 4;
    %jmp T_1.14;
T_1.8 ;
    %pushi/vec4 5, 0, 4;
    %store/vec4 v0x641008da4640_0, 0, 4;
    %jmp T_1.14;
T_1.9 ;
    %pushi/vec4 7, 0, 4;
    %store/vec4 v0x641008da4640_0, 0, 4;
    %jmp T_1.14;
T_1.10 ;
    %pushi/vec4 8, 0, 4;
    %store/vec4 v0x641008da4640_0, 0, 4;
    %jmp T_1.14;
T_1.11 ;
    %pushi/vec4 9, 0, 4;
    %store/vec4 v0x641008da4640_0, 0, 4;
    %jmp T_1.14;
T_1.12 ;
    %load/vec4 v0x641008dcc860_0;
    %cmpi/e 32, 0, 7;
    %jmp/0xz  T_1.18, 4;
    %pushi/vec4 11, 0, 4;
    %store/vec4 v0x641008da4640_0, 0, 4;
    %jmp T_1.19;
T_1.18 ;
    %pushi/vec4 10, 0, 4;
    %store/vec4 v0x641008da4640_0, 0, 4;
T_1.19 ;
    %jmp T_1.14;
T_1.14 ;
    %pop/vec4 1;
    %jmp T_1.4;
T_1.2 ;
    %load/vec4 v0x641008dcc730_0;
    %dup/vec4;
    %pushi/vec4 0, 0, 3;
    %cmp/u;
    %jmp/1 T_1.20, 6;
    %dup/vec4;
    %pushi/vec4 1, 0, 3;
    %cmp/u;
    %jmp/1 T_1.21, 6;
    %dup/vec4;
    %pushi/vec4 4, 0, 3;
    %cmp/u;
    %jmp/1 T_1.22, 6;
    %dup/vec4;
    %pushi/vec4 5, 0, 3;
    %cmp/u;
    %jmp/1 T_1.23, 6;
    %dup/vec4;
    %pushi/vec4 6, 0, 3;
    %cmp/u;
    %jmp/1 T_1.24, 6;
    %dup/vec4;
    %pushi/vec4 7, 0, 3;
    %cmp/u;
    %jmp/1 T_1.25, 6;
    %pushi/vec4 1, 0, 4;
    %store/vec4 v0x641008da4640_0, 0, 4;
    %jmp T_1.27;
T_1.20 ;
    %pushi/vec4 1, 0, 4;
    %store/vec4 v0x641008da4640_0, 0, 4;
    %jmp T_1.27;
T_1.21 ;
    %pushi/vec4 1, 0, 4;
    %store/vec4 v0x641008da4640_0, 0, 4;
    %jmp T_1.27;
T_1.22 ;
    %pushi/vec4 5, 0, 4;
    %store/vec4 v0x641008da4640_0, 0, 4;
    %jmp T_1.27;
T_1.23 ;
    %pushi/vec4 5, 0, 4;
    %store/vec4 v0x641008da4640_0, 0, 4;
    %jmp T_1.27;
T_1.24 ;
    %pushi/vec4 7, 0, 4;
    %store/vec4 v0x641008da4640_0, 0, 4;
    %jmp T_1.27;
T_1.25 ;
    %pushi/vec4 7, 0, 4;
    %store/vec4 v0x641008da4640_0, 0, 4;
    %jmp T_1.27;
T_1.27 ;
    %pop/vec4 1;
    %jmp T_1.4;
T_1.4 ;
    %pop/vec4 1;
    %jmp T_1;
    .thread T_1, $push;
    .scope S_0x641008dcd140;
T_2 ;
    %wait E_0x641008d3f1d0;
    %load/vec4 v0x641008dce060_0;
    %flag_set/vec4 9;
    %flag_get/vec4 9;
    %jmp/0 T_2.2, 9;
    %load/vec4 v0x641008dcd730_0;
    %pushi/vec4 0, 0, 5;
    %cmp/ne;
    %flag_get/vec4 4;
    %and;
T_2.2;
    %flag_set/vec4 8;
    %jmp/0xz  T_2.0, 8;
    %load/vec4 v0x641008dcdf80_0;
    %load/vec4 v0x641008dcd730_0;
    %pad/u 7;
    %ix/vec4 3;
    %ix/load 4, 0, 0; Constant delay
    %assign/vec4/a/d v0x641008dcdac0, 0, 4;
T_2.0 ;
    %jmp T_2;
    .thread T_2;
    .scope S_0x641008dcd140;
T_3 ;
    %wait E_0x641008d55ad0;
    %load/vec4 v0x641008dcd550_0;
    %cmpi/e 0, 0, 5;
    %flag_mov 8, 4;
    %jmp/0 T_3.0, 8;
    %pushi/vec4 0, 0, 32;
    %jmp/1 T_3.1, 8;
T_3.0 ; End of true expr.
    %load/vec4 v0x641008dcd550_0;
    %pad/u 7;
    %ix/vec4 4;
    %load/vec4a v0x641008dcdac0, 4;
    %jmp/0 T_3.1, 8;
 ; End of false expr.
    %blend;
T_3.1;
    %store/vec4 v0x641008dcd8b0_0, 0, 32;
    %load/vec4 v0x641008dcd650_0;
    %cmpi/e 0, 0, 5;
    %flag_mov 8, 4;
    %jmp/0 T_3.2, 8;
    %pushi/vec4 0, 0, 32;
    %jmp/1 T_3.3, 8;
T_3.2 ; End of true expr.
    %load/vec4 v0x641008dcd650_0;
    %pad/u 7;
    %ix/vec4 4;
    %load/vec4a v0x641008dcdac0, 4;
    %jmp/0 T_3.3, 8;
 ; End of false expr.
    %blend;
T_3.3;
    %store/vec4 v0x641008dcd9e0_0, 0, 32;
    %jmp T_3;
    .thread T_3, $push;
    .scope S_0x641008dce220;
T_4 ;
    %wait E_0x641008dac190;
    %load/vec4 v0x641008dce540_0;
    %dup/vec4;
    %pushi/vec4 0, 0, 3;
    %cmp/u;
    %jmp/1 T_4.0, 6;
    %dup/vec4;
    %pushi/vec4 1, 0, 3;
    %cmp/u;
    %jmp/1 T_4.1, 6;
    %dup/vec4;
    %pushi/vec4 2, 0, 3;
    %cmp/u;
    %jmp/1 T_4.2, 6;
    %dup/vec4;
    %pushi/vec4 3, 0, 3;
    %cmp/u;
    %jmp/1 T_4.3, 6;
    %dup/vec4;
    %pushi/vec4 4, 0, 3;
    %cmp/u;
    %jmp/1 T_4.4, 6;
    %pushi/vec4 0, 0, 32;
    %store/vec4 v0x641008dce440_0, 0, 32;
    %jmp T_4.6;
T_4.0 ;
    %load/vec4 v0x641008dce6a0_0;
    %parti/s 1, 31, 6;
    %replicate 20;
    %load/vec4 v0x641008dce6a0_0;
    %parti/s 12, 20, 6;
    %concat/vec4; draw_concat_vec4
    %store/vec4 v0x641008dce440_0, 0, 32;
    %jmp T_4.6;
T_4.1 ;
    %load/vec4 v0x641008dce6a0_0;
    %parti/s 1, 31, 6;
    %replicate 20;
    %load/vec4 v0x641008dce6a0_0;
    %parti/s 7, 25, 6;
    %concat/vec4; draw_concat_vec4
    %load/vec4 v0x641008dce6a0_0;
    %parti/s 5, 7, 4;
    %concat/vec4; draw_concat_vec4
    %store/vec4 v0x641008dce440_0, 0, 32;
    %jmp T_4.6;
T_4.2 ;
    %load/vec4 v0x641008dce6a0_0;
    %parti/s 1, 31, 6;
    %replicate 20;
    %load/vec4 v0x641008dce6a0_0;
    %parti/s 1, 7, 4;
    %concat/vec4; draw_concat_vec4
    %load/vec4 v0x641008dce6a0_0;
    %parti/s 6, 25, 6;
    %concat/vec4; draw_concat_vec4
    %load/vec4 v0x641008dce6a0_0;
    %parti/s 4, 8, 5;
    %concat/vec4; draw_concat_vec4
    %concati/vec4 0, 0, 1;
    %store/vec4 v0x641008dce440_0, 0, 32;
    %jmp T_4.6;
T_4.3 ;
    %load/vec4 v0x641008dce6a0_0;
    %parti/s 1, 31, 6;
    %replicate 12;
    %load/vec4 v0x641008dce6a0_0;
    %parti/s 8, 12, 5;
    %concat/vec4; draw_concat_vec4
    %load/vec4 v0x641008dce6a0_0;
    %parti/s 1, 20, 6;
    %concat/vec4; draw_concat_vec4
    %load/vec4 v0x641008dce6a0_0;
    %parti/s 10, 21, 6;
    %concat/vec4; draw_concat_vec4
    %concati/vec4 0, 0, 1;
    %store/vec4 v0x641008dce440_0, 0, 32;
    %jmp T_4.6;
T_4.4 ;
    %load/vec4 v0x641008dce6a0_0;
    %parti/s 20, 12, 5;
    %concati/vec4 0, 0, 12;
    %store/vec4 v0x641008dce440_0, 0, 32;
    %jmp T_4.6;
T_4.6 ;
    %pop/vec4 1;
    %jmp T_4;
    .thread T_4, $push;
    .scope S_0x641008d6f5f0;
T_5 ;
    %wait E_0x641008d3f1d0;
    %load/vec4 v0x641008dd09c0_0;
    %nor/r;
    %flag_set/vec4 8;
    %jmp/0xz  T_5.0, 8;
    %pushi/vec4 0, 0, 32;
    %assign/vec4 v0x641008dcf620_0, 0;
    %pushi/vec4 0, 0, 32;
    %assign/vec4 v0x641008dcf700_0, 0;
    %pushi/vec4 0, 0, 32;
    %assign/vec4 v0x641008dcf8c0_0, 0;
    %pushi/vec4 0, 0, 32;
    %assign/vec4 v0x641008dcf9a0_0, 0;
    %pushi/vec4 0, 0, 32;
    %assign/vec4 v0x641008dcf220_0, 0;
    %pushi/vec4 0, 0, 4;
    %assign/vec4 v0x641008dced30_0, 0;
    %pushi/vec4 0, 0, 1;
    %assign/vec4 v0x641008dcedd0_0, 0;
    %pushi/vec4 0, 0, 2;
    %assign/vec4 v0x641008dcfd00_0, 0;
    %pushi/vec4 0, 0, 1;
    %assign/vec4 v0x641008dcf480_0, 0;
    %pushi/vec4 0, 0, 1;
    %assign/vec4 v0x641008dcfa80_0, 0;
    %pushi/vec4 0, 0, 1;
    %assign/vec4 v0x641008dcef00_0, 0;
    %pushi/vec4 0, 0, 1;
    %assign/vec4 v0x641008dcf3c0_0, 0;
    %pushi/vec4 0, 0, 1;
    %assign/vec4 v0x641008dcf300_0, 0;
    %pushi/vec4 0, 0, 7;
    %assign/vec4 v0x641008dcf540_0, 0;
    %pushi/vec4 0, 0, 3;
    %assign/vec4 v0x641008dcefa0_0, 0;
    %pushi/vec4 0, 0, 7;
    %assign/vec4 v0x641008dcf080_0, 0;
    %pushi/vec4 0, 0, 5;
    %assign/vec4 v0x641008dcfb40_0, 0;
    %pushi/vec4 0, 0, 5;
    %assign/vec4 v0x641008dcfc20_0, 0;
    %pushi/vec4 0, 0, 5;
    %assign/vec4 v0x641008dcf7e0_0, 0;
    %jmp T_5.1;
T_5.0 ;
    %load/vec4 v0x641008dcf160_0;
    %flag_set/vec4 8;
    %jmp/1 T_5.4, 8;
    %load/vec4 v0x641008dcead0_0;
    %flag_set/vec4 9;
    %flag_or 8, 9;
T_5.4;
    %jmp/0xz  T_5.2, 8;
    %pushi/vec4 0, 0, 32;
    %assign/vec4 v0x641008dcf620_0, 0;
    %pushi/vec4 0, 0, 32;
    %assign/vec4 v0x641008dcf700_0, 0;
    %pushi/vec4 0, 0, 32;
    %assign/vec4 v0x641008dcf8c0_0, 0;
    %pushi/vec4 0, 0, 32;
    %assign/vec4 v0x641008dcf9a0_0, 0;
    %pushi/vec4 0, 0, 32;
    %assign/vec4 v0x641008dcf220_0, 0;
    %pushi/vec4 0, 0, 4;
    %assign/vec4 v0x641008dced30_0, 0;
    %pushi/vec4 0, 0, 1;
    %assign/vec4 v0x641008dcedd0_0, 0;
    %pushi/vec4 0, 0, 2;
    %assign/vec4 v0x641008dcfd00_0, 0;
    %pushi/vec4 0, 0, 1;
    %assign/vec4 v0x641008dcf480_0, 0;
    %pushi/vec4 0, 0, 1;
    %assign/vec4 v0x641008dcfa80_0, 0;
    %pushi/vec4 0, 0, 1;
    %assign/vec4 v0x641008dcef00_0, 0;
    %pushi/vec4 0, 0, 1;
    %assign/vec4 v0x641008dcf3c0_0, 0;
    %pushi/vec4 0, 0, 1;
    %assign/vec4 v0x641008dcf300_0, 0;
    %pushi/vec4 0, 0, 7;
    %assign/vec4 v0x641008dcf540_0, 0;
    %pushi/vec4 0, 0, 3;
    %assign/vec4 v0x641008dcefa0_0, 0;
    %pushi/vec4 0, 0, 7;
    %assign/vec4 v0x641008dcf080_0, 0;
    %pushi/vec4 0, 0, 5;
    %assign/vec4 v0x641008dcfb40_0, 0;
    %pushi/vec4 0, 0, 5;
    %assign/vec4 v0x641008dcfc20_0, 0;
    %pushi/vec4 0, 0, 5;
    %assign/vec4 v0x641008dcf7e0_0, 0;
    %jmp T_5.3;
T_5.2 ;
    %load/vec4 v0x641008dcfed0_0;
    %assign/vec4 v0x641008dcf620_0, 0;
    %load/vec4 v0x641008dcff90_0;
    %assign/vec4 v0x641008dcf700_0, 0;
    %load/vec4 v0x641008dd0680_0;
    %assign/vec4 v0x641008dcf8c0_0, 0;
    %load/vec4 v0x641008dd0750_0;
    %assign/vec4 v0x641008dcf9a0_0, 0;
    %load/vec4 v0x641008dd0070_0;
    %assign/vec4 v0x641008dcf220_0, 0;
    %load/vec4 v0x641008dce800_0;
    %assign/vec4 v0x641008dced30_0, 0;
    %load/vec4 v0x641008dce8c0_0;
    %assign/vec4 v0x641008dcedd0_0, 0;
    %load/vec4 v0x641008dd0da0_0;
    %assign/vec4 v0x641008dcfd00_0, 0;
    %load/vec4 v0x641008dd0370_0;
    %assign/vec4 v0x641008dcf480_0, 0;
    %load/vec4 v0x641008dd05b0_0;
    %assign/vec4 v0x641008dcfa80_0, 0;
    %load/vec4 v0x641008dce960_0;
    %assign/vec4 v0x641008dcef00_0, 0;
    %load/vec4 v0x641008dd02a0_0;
    %assign/vec4 v0x641008dcf3c0_0, 0;
    %load/vec4 v0x641008dd0200_0;
    %assign/vec4 v0x641008dcf300_0, 0;
    %load/vec4 v0x641008dd0440_0;
    %assign/vec4 v0x641008dcf540_0, 0;
    %load/vec4 v0x641008dcebc0_0;
    %assign/vec4 v0x641008dcefa0_0, 0;
    %load/vec4 v0x641008dcec60_0;
    %assign/vec4 v0x641008dcf080_0, 0;
    %load/vec4 v0x641008dd0820_0;
    %assign/vec4 v0x641008dcfb40_0, 0;
    %load/vec4 v0x641008dd08f0_0;
    %assign/vec4 v0x641008dcfc20_0, 0;
    %load/vec4 v0x641008dd0510_0;
    %assign/vec4 v0x641008dcf7e0_0, 0;
T_5.3 ;
T_5.1 ;
    %jmp T_5;
    .thread T_5;
    .scope S_0x641008d6f460;
T_6 ;
    %delay 5000, 0;
    %load/vec4 v0x641008dd11b0_0;
    %inv;
    %store/vec4 v0x641008dd11b0_0, 0, 1;
    %jmp T_6;
    .thread T_6;
    .scope S_0x641008d6f460;
T_7 ;
    %vpi_call 2 89 "$dumpfile", "../sim/id_stage_wave.vcd" {0 0 0};
    %vpi_call 2 90 "$dumpvars", 32'sb00000000000000000000000000000000, S_0x641008d6f460 {0 0 0};
    %pushi/vec4 0, 0, 1;
    %store/vec4 v0x641008dd11b0_0, 0, 1;
    %pushi/vec4 0, 0, 1;
    %store/vec4 v0x641008dd2620_0, 0, 1;
    %pushi/vec4 0, 0, 1;
    %store/vec4 v0x641008dd12c0_0, 0, 1;
    %pushi/vec4 0, 0, 1;
    %store/vec4 v0x641008dd17e0_0, 0, 1;
    %pushi/vec4 0, 0, 32;
    %store/vec4 v0x641008dd24b0_0, 0, 32;
    %pushi/vec4 4, 0, 32;
    %store/vec4 v0x641008dd2550_0, 0, 32;
    %pushi/vec4 0, 0, 32;
    %store/vec4 v0x641008dd2410_0, 0, 32;
    %pushi/vec4 0, 0, 1;
    %store/vec4 v0x641008dd28d0_0, 0, 1;
    %pushi/vec4 0, 0, 5;
    %store/vec4 v0x641008dd26f0_0, 0, 5;
    %pushi/vec4 0, 0, 32;
    %store/vec4 v0x641008dd27e0_0, 0, 32;
    %delay 20000, 0;
    %pushi/vec4 1, 0, 1;
    %store/vec4 v0x641008dd2620_0, 0, 1;
    %pushi/vec4 1, 0, 5;
    %store/vec4 v0x641008dd26f0_0, 0, 5;
    %pushi/vec4 10, 0, 32;
    %store/vec4 v0x641008dd27e0_0, 0, 32;
    %pushi/vec4 1, 0, 1;
    %store/vec4 v0x641008dd28d0_0, 0, 1;
    %delay 10000, 0;
    %pushi/vec4 0, 0, 1;
    %store/vec4 v0x641008dd28d0_0, 0, 1;
    %pushi/vec4 2, 0, 5;
    %store/vec4 v0x641008dd26f0_0, 0, 5;
    %pushi/vec4 20, 0, 32;
    %store/vec4 v0x641008dd27e0_0, 0, 32;
    %pushi/vec4 1, 0, 1;
    %store/vec4 v0x641008dd28d0_0, 0, 1;
    %delay 10000, 0;
    %pushi/vec4 0, 0, 1;
    %store/vec4 v0x641008dd28d0_0, 0, 1;
    %pushi/vec4 0, 0, 32;
    %store/vec4 v0x641008dd24b0_0, 0, 32;
    %pushi/vec4 4, 0, 32;
    %store/vec4 v0x641008dd2550_0, 0, 32;
    %pushi/vec4 2130355, 0, 32;
    %store/vec4 v0x641008dd2410_0, 0, 32;
    %delay 10000, 0;
    %vpi_call 2 125 "$display", "ADD  : rs1=%0d rs2=%0d rd=%0d rdata1=%0d rdata2=%0d alu_ctrl=%b reg_write=%b", v0x641008dd21a0_0, v0x641008dd2270_0, v0x641008dd1e60_0, v0x641008dd1f30_0, v0x641008dd2000_0, v0x641008dd1380_0, v0x641008dd20d0_0 {0 0 0};
    %pushi/vec4 4, 0, 32;
    %store/vec4 v0x641008dd24b0_0, 0, 32;
    %pushi/vec4 8, 0, 32;
    %store/vec4 v0x641008dd2550_0, 0, 32;
    %pushi/vec4 5341715, 0, 32;
    %store/vec4 v0x641008dd2410_0, 0, 32;
    %delay 10000, 0;
    %vpi_call 2 134 "$display", "ADDI : rs1=%0d rd=%0d rdata1=%0d imm=%0d alu_src=%b reg_write=%b", v0x641008dd21a0_0, v0x641008dd1e60_0, v0x641008dd1f30_0, v0x641008dd18b0_0, v0x641008dd1480_0, v0x641008dd20d0_0 {0 0 0};
    %pushi/vec4 8, 0, 32;
    %store/vec4 v0x641008dd24b0_0, 0, 32;
    %pushi/vec4 12, 0, 32;
    %store/vec4 v0x641008dd2550_0, 0, 32;
    %pushi/vec4 4301443, 0, 32;
    %store/vec4 v0x641008dd2410_0, 0, 32;
    %delay 10000, 0;
    %vpi_call 2 143 "$display", "LW   : rs1=%0d rd=%0d imm=%0d alu_src=%b wb_src=%b reg_write=%b mem_write=%b", v0x641008dd21a0_0, v0x641008dd1e60_0, v0x641008dd18b0_0, v0x641008dd1480_0, v0x641008dd2340_0, v0x641008dd20d0_0, v0x641008dd1b20_0 {0 0 0};
    %pushi/vec4 12, 0, 32;
    %store/vec4 v0x641008dd24b0_0, 0, 32;
    %pushi/vec4 16, 0, 32;
    %store/vec4 v0x641008dd2550_0, 0, 32;
    %pushi/vec4 5349923, 0, 32;
    %store/vec4 v0x641008dd2410_0, 0, 32;
    %delay 10000, 0;
    %vpi_call 2 152 "$display", "SW   : rs1=%0d rs2=%0d imm=%0d alu_src=%b reg_write=%b mem_write=%b", v0x641008dd21a0_0, v0x641008dd2270_0, v0x641008dd18b0_0, v0x641008dd1480_0, v0x641008dd20d0_0, v0x641008dd1b20_0 {0 0 0};
    %pushi/vec4 16, 0, 32;
    %store/vec4 v0x641008dd24b0_0, 0, 32;
    %pushi/vec4 20, 0, 32;
    %store/vec4 v0x641008dd2550_0, 0, 32;
    %pushi/vec4 2131043, 0, 32;
    %store/vec4 v0x641008dd2410_0, 0, 32;
    %delay 10000, 0;
    %vpi_call 2 160 "$display", "BEQ  : rs1=%0d rs2=%0d imm=%0d branch=%b reg_write=%b mem_write=%b", v0x641008dd21a0_0, v0x641008dd2270_0, v0x641008dd18b0_0, v0x641008dd1550_0, v0x641008dd20d0_0, v0x641008dd1b20_0 {0 0 0};
    %pushi/vec4 1, 0, 1;
    %store/vec4 v0x641008dd12c0_0, 0, 1;
    %pushi/vec4 2130355, 0, 32;
    %store/vec4 v0x641008dd2410_0, 0, 32;
    %delay 10000, 0;
    %vpi_call 2 167 "$display", "STALL BUBBLE : reg_write=%b mem_write=%b branch=%b jump=%b jalr=%b rd=%0d", v0x641008dd20d0_0, v0x641008dd1b20_0, v0x641008dd1550_0, v0x641008dd1a50_0, v0x641008dd1980_0, v0x641008dd1e60_0 {0 0 0};
    %pushi/vec4 0, 0, 1;
    %store/vec4 v0x641008dd12c0_0, 0, 1;
    %pushi/vec4 1, 0, 1;
    %store/vec4 v0x641008dd17e0_0, 0, 1;
    %pushi/vec4 5341715, 0, 32;
    %store/vec4 v0x641008dd2410_0, 0, 32;
    %delay 10000, 0;
    %vpi_call 2 176 "$display", "BRANCH FLUSH : reg_write=%b mem_write=%b branch=%b jump=%b jalr=%b rd=%0d", v0x641008dd20d0_0, v0x641008dd1b20_0, v0x641008dd1550_0, v0x641008dd1a50_0, v0x641008dd1980_0, v0x641008dd1e60_0 {0 0 0};
    %pushi/vec4 0, 0, 1;
    %store/vec4 v0x641008dd17e0_0, 0, 1;
    %pushi/vec4 24, 0, 32;
    %store/vec4 v0x641008dd24b0_0, 0, 32;
    %pushi/vec4 28, 0, 32;
    %store/vec4 v0x641008dd2550_0, 0, 32;
    %pushi/vec4 8388847, 0, 32;
    %store/vec4 v0x641008dd2410_0, 0, 32;
    %delay 10000, 0;
    %vpi_call 2 186 "$display", "JAL  : rd=%0d imm=%0d jump=%b wb_src=%b reg_write=%b", v0x641008dd1e60_0, v0x641008dd18b0_0, v0x641008dd1a50_0, v0x641008dd2340_0, v0x641008dd20d0_0 {0 0 0};
    %pushi/vec4 28, 0, 32;
    %store/vec4 v0x641008dd24b0_0, 0, 32;
    %pushi/vec4 32, 0, 32;
    %store/vec4 v0x641008dd2550_0, 0, 32;
    %pushi/vec4 32999, 0, 32;
    %store/vec4 v0x641008dd2410_0, 0, 32;
    %delay 10000, 0;
    %vpi_call 2 194 "$display", "JALR : rs1=%0d rd=%0d imm=%0d jalr=%b wb_src=%b reg_write=%b", v0x641008dd21a0_0, v0x641008dd1e60_0, v0x641008dd18b0_0, v0x641008dd1980_0, v0x641008dd2340_0, v0x641008dd20d0_0 {0 0 0};
    %delay 20000, 0;
    %vpi_call 2 199 "$finish" {0 0 0};
    %end;
    .thread T_7;
# The file index is used to find the file name in the following table.
:file_names 7;
    "N/A";
    "<interactive>";
    "../tb/tb_id_stage.v";
    "./../rtl/id_stage.v";
    "./../rtl/control.v";
    "./../rtl/reg_file.v";
    "./../rtl/sign_ext.v";
