#! /usr/bin/vvp
:ivl_version "12.0 (stable)";
:ivl_delay_selection "TYPICAL";
:vpi_time_precision - 12;
:vpi_module "/usr/lib/x86_64-linux-gnu/ivl/system.vpi";
:vpi_module "/usr/lib/x86_64-linux-gnu/ivl/vhdl_sys.vpi";
:vpi_module "/usr/lib/x86_64-linux-gnu/ivl/vhdl_textio.vpi";
:vpi_module "/usr/lib/x86_64-linux-gnu/ivl/v2005_math.vpi";
:vpi_module "/usr/lib/x86_64-linux-gnu/ivl/va_math.vpi";
S_0x60b5ce4cf200 .scope module, "tb_if_stage" "tb_if_stage" 2 5;
 .timescale -9 -12;
v0x60b5ce4f2c60_0 .var "clk", 0 0;
v0x60b5ce4f2d20_0 .var "ex_pc_src", 0 0;
v0x60b5ce4f2de0_0 .var "ex_pc_target", 31 0;
v0x60b5ce4f2ee0_0 .var "if_id_flush", 0 0;
v0x60b5ce4f2fb0_0 .net "if_id_instr", 31 0, v0x60b5ce4f2400_0;  1 drivers
v0x60b5ce4f30a0_0 .net "if_id_pc", 31 0, v0x60b5ce4f24e0_0;  1 drivers
v0x60b5ce4f3170_0 .net "if_id_pc4", 31 0, v0x60b5ce4f25c0_0;  1 drivers
v0x60b5ce4f3240_0 .var "if_id_write", 0 0;
v0x60b5ce4f3310_0 .var "pc_write", 0 0;
v0x60b5ce4f33e0_0 .var "rst_n", 0 0;
S_0x60b5ce4cf390 .scope module, "dut" "if_stage" 2 21, 3 1 0, S_0x60b5ce4cf200;
 .timescale -9 -12;
    .port_info 0 /INPUT 1 "clk";
    .port_info 1 /INPUT 1 "rst_n";
    .port_info 2 /INPUT 1 "pc_write";
    .port_info 3 /INPUT 1 "if_id_write";
    .port_info 4 /INPUT 1 "if_id_flush";
    .port_info 5 /INPUT 1 "ex_pc_src";
    .port_info 6 /INPUT 32 "ex_pc_target";
    .port_info 7 /OUTPUT 32 "if_id_pc";
    .port_info 8 /OUTPUT 32 "if_id_pc4";
    .port_info 9 /OUTPUT 32 "if_id_instr";
L_0x7ef19d1b7018 .functor BUFT 1, C4<00000000000000000000000000000100>, C4<0>, C4<0>, C4<0>;
v0x60b5ce4f1f10_0 .net/2u *"_ivl_0", 31 0, L_0x7ef19d1b7018;  1 drivers
v0x60b5ce4f2010_0 .net *"_ivl_2", 31 0, L_0x60b5ce5034c0;  1 drivers
v0x60b5ce4f20f0_0 .net "clk", 0 0, v0x60b5ce4f2c60_0;  1 drivers
v0x60b5ce4f2190_0 .net "ex_pc_src", 0 0, v0x60b5ce4f2d20_0;  1 drivers
v0x60b5ce4f2230_0 .net "ex_pc_target", 31 0, v0x60b5ce4f2de0_0;  1 drivers
v0x60b5ce4f2340_0 .net "if_id_flush", 0 0, v0x60b5ce4f2ee0_0;  1 drivers
v0x60b5ce4f2400_0 .var "if_id_instr", 31 0;
v0x60b5ce4f24e0_0 .var "if_id_pc", 31 0;
v0x60b5ce4f25c0_0 .var "if_id_pc4", 31 0;
v0x60b5ce4f26a0_0 .net "if_id_write", 0 0, v0x60b5ce4f3240_0;  1 drivers
v0x60b5ce4f2760_0 .net "instr", 31 0, L_0x60b5ce4b9810;  1 drivers
v0x60b5ce4f2820_0 .var "pc", 31 0;
v0x60b5ce4f28c0_0 .net "pc_next", 31 0, L_0x60b5ce503630;  1 drivers
v0x60b5ce4f2980_0 .net "pc_write", 0 0, v0x60b5ce4f3310_0;  1 drivers
v0x60b5ce4f2a40_0 .net "rst_n", 0 0, v0x60b5ce4f33e0_0;  1 drivers
L_0x60b5ce5034c0 .arith/sum 32, v0x60b5ce4f2820_0, L_0x7ef19d1b7018;
L_0x60b5ce503630 .functor MUXZ 32, L_0x60b5ce5034c0, v0x60b5ce4f2de0_0, v0x60b5ce4f2d20_0, C4<>;
S_0x60b5ce4c8080 .scope module, "IMEM" "imem" 3 49, 4 1 0, S_0x60b5ce4cf390;
 .timescale -9 -12;
    .port_info 0 /INPUT 1 "clk";
    .port_info 1 /INPUT 1 "rst_n";
    .port_info 2 /INPUT 32 "address";
    .port_info 3 /OUTPUT 32 "read_data";
L_0x60b5ce4b9810 .functor BUFZ 32, L_0x60b5ce5037c0, C4<00000000000000000000000000000000>, C4<00000000000000000000000000000000>, C4<00000000000000000000000000000000>;
v0x60b5ce4b83a0_0 .net *"_ivl_0", 31 0, L_0x60b5ce5037c0;  1 drivers
v0x60b5ce4b9930_0 .net *"_ivl_3", 29 0, L_0x60b5ce503860;  1 drivers
v0x60b5ce4f1980_0 .net "address", 31 0, v0x60b5ce4f2820_0;  1 drivers
v0x60b5ce4f1a40_0 .net "clk", 0 0, v0x60b5ce4f2c60_0;  alias, 1 drivers
v0x60b5ce4f1b00_0 .var/i "i", 31 0;
v0x60b5ce4f1c30 .array "mem", 63 0, 31 0;
v0x60b5ce4f1cf0_0 .net "read_data", 31 0, L_0x60b5ce4b9810;  alias, 1 drivers
v0x60b5ce4f1dd0_0 .net "rst_n", 0 0, v0x60b5ce4f33e0_0;  alias, 1 drivers
E_0x60b5ce4caf70 .event posedge, v0x60b5ce4f1a40_0;
L_0x60b5ce5037c0 .array/port v0x60b5ce4f1c30, L_0x60b5ce503860;
L_0x60b5ce503860 .part v0x60b5ce4f2820_0, 2, 30;
    .scope S_0x60b5ce4c8080;
T_0 ;
    %wait E_0x60b5ce4caf70;
    %load/vec4 v0x60b5ce4f1dd0_0;
    %nor/r;
    %flag_set/vec4 8;
    %jmp/0xz  T_0.0, 8;
    %pushi/vec4 0, 0, 32;
    %store/vec4 v0x60b5ce4f1b00_0, 0, 32;
T_0.2 ;
    %load/vec4 v0x60b5ce4f1b00_0;
    %cmpi/s 64, 0, 32;
    %jmp/0xz T_0.3, 5;
    %pushi/vec4 0, 0, 32;
    %ix/getv/s 3, v0x60b5ce4f1b00_0;
    %ix/load 4, 0, 0; Constant delay
    %assign/vec4/a/d v0x60b5ce4f1c30, 0, 4;
    %load/vec4 v0x60b5ce4f1b00_0;
    %addi 1, 0, 32;
    %store/vec4 v0x60b5ce4f1b00_0, 0, 32;
    %jmp T_0.2;
T_0.3 ;
T_0.0 ;
    %jmp T_0;
    .thread T_0;
    .scope S_0x60b5ce4cf390;
T_1 ;
    %wait E_0x60b5ce4caf70;
    %load/vec4 v0x60b5ce4f2a40_0;
    %nor/r;
    %flag_set/vec4 8;
    %jmp/0xz  T_1.0, 8;
    %pushi/vec4 0, 0, 32;
    %assign/vec4 v0x60b5ce4f2820_0, 0;
    %jmp T_1.1;
T_1.0 ;
    %load/vec4 v0x60b5ce4f2980_0;
    %flag_set/vec4 8;
    %jmp/0xz  T_1.2, 8;
    %load/vec4 v0x60b5ce4f28c0_0;
    %assign/vec4 v0x60b5ce4f2820_0, 0;
T_1.2 ;
T_1.1 ;
    %jmp T_1;
    .thread T_1;
    .scope S_0x60b5ce4cf390;
T_2 ;
    %wait E_0x60b5ce4caf70;
    %load/vec4 v0x60b5ce4f2a40_0;
    %nor/r;
    %flag_set/vec4 8;
    %jmp/0xz  T_2.0, 8;
    %pushi/vec4 0, 0, 32;
    %assign/vec4 v0x60b5ce4f24e0_0, 0;
    %pushi/vec4 0, 0, 32;
    %assign/vec4 v0x60b5ce4f25c0_0, 0;
    %pushi/vec4 0, 0, 32;
    %assign/vec4 v0x60b5ce4f2400_0, 0;
    %jmp T_2.1;
T_2.0 ;
    %load/vec4 v0x60b5ce4f2340_0;
    %flag_set/vec4 8;
    %jmp/0xz  T_2.2, 8;
    %pushi/vec4 0, 0, 32;
    %assign/vec4 v0x60b5ce4f24e0_0, 0;
    %pushi/vec4 0, 0, 32;
    %assign/vec4 v0x60b5ce4f25c0_0, 0;
    %pushi/vec4 0, 0, 32;
    %assign/vec4 v0x60b5ce4f2400_0, 0;
    %jmp T_2.3;
T_2.2 ;
    %load/vec4 v0x60b5ce4f26a0_0;
    %flag_set/vec4 8;
    %jmp/0xz  T_2.4, 8;
    %load/vec4 v0x60b5ce4f2820_0;
    %assign/vec4 v0x60b5ce4f24e0_0, 0;
    %load/vec4 v0x60b5ce4f2820_0;
    %addi 4, 0, 32;
    %assign/vec4 v0x60b5ce4f25c0_0, 0;
    %load/vec4 v0x60b5ce4f2760_0;
    %assign/vec4 v0x60b5ce4f2400_0, 0;
    %jmp T_2.5;
T_2.4 ;
    %load/vec4 v0x60b5ce4f24e0_0;
    %assign/vec4 v0x60b5ce4f24e0_0, 0;
    %load/vec4 v0x60b5ce4f25c0_0;
    %assign/vec4 v0x60b5ce4f25c0_0, 0;
    %load/vec4 v0x60b5ce4f2400_0;
    %assign/vec4 v0x60b5ce4f2400_0, 0;
T_2.5 ;
T_2.3 ;
T_2.1 ;
    %jmp T_2;
    .thread T_2;
    .scope S_0x60b5ce4cf200;
T_3 ;
    %delay 5000, 0;
    %load/vec4 v0x60b5ce4f2c60_0;
    %inv;
    %store/vec4 v0x60b5ce4f2c60_0, 0, 1;
    %jmp T_3;
    .thread T_3;
    .scope S_0x60b5ce4cf200;
T_4 ;
    %vpi_call 2 37 "$dumpfile", "../sim/if_stage_wave.vcd" {0 0 0};
    %vpi_call 2 38 "$dumpvars", 32'sb00000000000000000000000000000000, S_0x60b5ce4cf200 {0 0 0};
    %pushi/vec4 0, 0, 1;
    %store/vec4 v0x60b5ce4f2c60_0, 0, 1;
    %pushi/vec4 0, 0, 1;
    %store/vec4 v0x60b5ce4f33e0_0, 0, 1;
    %pushi/vec4 1, 0, 1;
    %store/vec4 v0x60b5ce4f3310_0, 0, 1;
    %pushi/vec4 1, 0, 1;
    %store/vec4 v0x60b5ce4f3240_0, 0, 1;
    %pushi/vec4 0, 0, 1;
    %store/vec4 v0x60b5ce4f2ee0_0, 0, 1;
    %pushi/vec4 0, 0, 1;
    %store/vec4 v0x60b5ce4f2d20_0, 0, 1;
    %pushi/vec4 0, 0, 32;
    %store/vec4 v0x60b5ce4f2de0_0, 0, 32;
    %delay 20000, 0;
    %pushi/vec4 1, 0, 1;
    %store/vec4 v0x60b5ce4f33e0_0, 0, 1;
    %pushi/vec4 5243027, 0, 32;
    %ix/load 4, 0, 0;
    %flag_set/imm 4, 0;
    %store/vec4a v0x60b5ce4f1c30, 4, 0;
    %pushi/vec4 10486035, 0, 32;
    %ix/load 4, 1, 0;
    %flag_set/imm 4, 0;
    %store/vec4a v0x60b5ce4f1c30, 4, 0;
    %pushi/vec4 2130355, 0, 32;
    %ix/load 4, 2, 0;
    %flag_set/imm 4, 0;
    %store/vec4a v0x60b5ce4f1c30, 4, 0;
    %pushi/vec4 3277363, 0, 32;
    %ix/load 4, 3, 0;
    %flag_set/imm 4, 0;
    %store/vec4a v0x60b5ce4f1c30, 4, 0;
    %pushi/vec4 4358835, 0, 32;
    %ix/load 4, 4, 0;
    %flag_set/imm 4, 0;
    %store/vec4a v0x60b5ce4f1c30, 4, 0;
    %pushi/vec4 286331153, 0, 32;
    %ix/load 4, 8, 0;
    %flag_set/imm 4, 0;
    %store/vec4a v0x60b5ce4f1c30, 4, 0;
    %delay 10000, 0;
    %vpi_call 2 61 "$display", "NORMAL 1 : pc=%0d pc4=%0d instr=%h", v0x60b5ce4f30a0_0, v0x60b5ce4f3170_0, v0x60b5ce4f2fb0_0 {0 0 0};
    %delay 10000, 0;
    %vpi_call 2 65 "$display", "NORMAL 2 : pc=%0d pc4=%0d instr=%h", v0x60b5ce4f30a0_0, v0x60b5ce4f3170_0, v0x60b5ce4f2fb0_0 {0 0 0};
    %delay 10000, 0;
    %vpi_call 2 69 "$display", "NORMAL 3 : pc=%0d pc4=%0d instr=%h", v0x60b5ce4f30a0_0, v0x60b5ce4f3170_0, v0x60b5ce4f2fb0_0 {0 0 0};
    %pushi/vec4 0, 0, 1;
    %store/vec4 v0x60b5ce4f3310_0, 0, 1;
    %pushi/vec4 0, 0, 1;
    %store/vec4 v0x60b5ce4f3240_0, 0, 1;
    %delay 10000, 0;
    %vpi_call 2 75 "$display", "STALL    : pc=%0d pc4=%0d instr=%h", v0x60b5ce4f30a0_0, v0x60b5ce4f3170_0, v0x60b5ce4f2fb0_0 {0 0 0};
    %pushi/vec4 1, 0, 1;
    %store/vec4 v0x60b5ce4f3310_0, 0, 1;
    %pushi/vec4 1, 0, 1;
    %store/vec4 v0x60b5ce4f3240_0, 0, 1;
    %delay 10000, 0;
    %vpi_call 2 81 "$display", "AFTER STALL : pc=%0d pc4=%0d instr=%h", v0x60b5ce4f30a0_0, v0x60b5ce4f3170_0, v0x60b5ce4f2fb0_0 {0 0 0};
    %pushi/vec4 1, 0, 1;
    %store/vec4 v0x60b5ce4f2d20_0, 0, 1;
    %pushi/vec4 32, 0, 32;
    %store/vec4 v0x60b5ce4f2de0_0, 0, 32;
    %pushi/vec4 1, 0, 1;
    %store/vec4 v0x60b5ce4f2ee0_0, 0, 1;
    %delay 10000, 0;
    %vpi_call 2 88 "$display", "FLUSH    : pc=%0d pc4=%0d instr=%h", v0x60b5ce4f30a0_0, v0x60b5ce4f3170_0, v0x60b5ce4f2fb0_0 {0 0 0};
    %pushi/vec4 0, 0, 1;
    %store/vec4 v0x60b5ce4f2d20_0, 0, 1;
    %pushi/vec4 0, 0, 1;
    %store/vec4 v0x60b5ce4f2ee0_0, 0, 1;
    %delay 10000, 0;
    %vpi_call 2 94 "$display", "BRANCH TARGET : pc=%0d pc4=%0d instr=%h", v0x60b5ce4f30a0_0, v0x60b5ce4f3170_0, v0x60b5ce4f2fb0_0 {0 0 0};
    %delay 20000, 0;
    %vpi_call 2 98 "$finish" {0 0 0};
    %end;
    .thread T_4;
# The file index is used to find the file name in the following table.
:file_names 5;
    "N/A";
    "<interactive>";
    "../tb/tb_if_stage.v";
    "./../rtl/if_stage.v";
    "./../rtl/imem.v";
