#! /usr/bin/vvp
:ivl_version "12.0 (stable)";
:ivl_delay_selection "TYPICAL";
:vpi_time_precision - 12;
:vpi_module "/usr/lib/x86_64-linux-gnu/ivl/system.vpi";
:vpi_module "/usr/lib/x86_64-linux-gnu/ivl/vhdl_sys.vpi";
:vpi_module "/usr/lib/x86_64-linux-gnu/ivl/vhdl_textio.vpi";
:vpi_module "/usr/lib/x86_64-linux-gnu/ivl/v2005_math.vpi";
:vpi_module "/usr/lib/x86_64-linux-gnu/ivl/va_math.vpi";
S_0x59f16e835040 .scope module, "tb_imem" "tb_imem" 2 4;
 .timescale -9 -12;
v0x59f16e84d4d0_0 .var "address", 31 0;
v0x59f16e84d5b0_0 .var "clk", 0 0;
v0x59f16e84d680_0 .net "read_data", 31 0, L_0x59f16e84da90;  1 drivers
v0x59f16e84d780_0 .var "rst_n", 0 0;
S_0x59f16e8351d0 .scope module, "dut" "imem" 2 11, 3 1 0, S_0x59f16e835040;
 .timescale -9 -12;
    .port_info 0 /INPUT 1 "clk";
    .port_info 1 /INPUT 1 "rst_n";
    .port_info 2 /INPUT 32 "address";
    .port_info 3 /OUTPUT 32 "read_data";
L_0x59f16e84da90 .functor BUFZ 32, L_0x59f16e84d850, C4<00000000000000000000000000000000>, C4<00000000000000000000000000000000>, C4<00000000000000000000000000000000>;
v0x59f16e7fa490_0 .net *"_ivl_0", 31 0, L_0x59f16e84d850;  1 drivers
v0x59f16e84ce60_0 .net *"_ivl_3", 29 0, L_0x59f16e84d950;  1 drivers
v0x59f16e84cf40_0 .net "address", 31 0, v0x59f16e84d4d0_0;  1 drivers
v0x59f16e84d000_0 .net "clk", 0 0, v0x59f16e84d5b0_0;  1 drivers
v0x59f16e84d0c0_0 .var/i "i", 31 0;
v0x59f16e84d1f0 .array "mem", 63 0, 31 0;
v0x59f16e84d2b0_0 .net "read_data", 31 0, L_0x59f16e84da90;  alias, 1 drivers
v0x59f16e84d390_0 .net "rst_n", 0 0, v0x59f16e84d780_0;  1 drivers
E_0x59f16e833c70 .event posedge, v0x59f16e84d000_0;
L_0x59f16e84d850 .array/port v0x59f16e84d1f0, L_0x59f16e84d950;
L_0x59f16e84d950 .part v0x59f16e84d4d0_0, 2, 30;
    .scope S_0x59f16e8351d0;
T_0 ;
    %wait E_0x59f16e833c70;
    %load/vec4 v0x59f16e84d390_0;
    %nor/r;
    %flag_set/vec4 8;
    %jmp/0xz  T_0.0, 8;
    %pushi/vec4 0, 0, 32;
    %store/vec4 v0x59f16e84d0c0_0, 0, 32;
T_0.2 ;
    %load/vec4 v0x59f16e84d0c0_0;
    %cmpi/s 64, 0, 32;
    %jmp/0xz T_0.3, 5;
    %pushi/vec4 0, 0, 32;
    %ix/getv/s 3, v0x59f16e84d0c0_0;
    %ix/load 4, 0, 0; Constant delay
    %assign/vec4/a/d v0x59f16e84d1f0, 0, 4;
    %load/vec4 v0x59f16e84d0c0_0;
    %addi 1, 0, 32;
    %store/vec4 v0x59f16e84d0c0_0, 0, 32;
    %jmp T_0.2;
T_0.3 ;
T_0.0 ;
    %jmp T_0;
    .thread T_0;
    .scope S_0x59f16e835040;
T_1 ;
    %delay 5000, 0;
    %load/vec4 v0x59f16e84d5b0_0;
    %inv;
    %store/vec4 v0x59f16e84d5b0_0, 0, 1;
    %jmp T_1;
    .thread T_1;
    .scope S_0x59f16e835040;
T_2 ;
    %vpi_call 2 21 "$dumpfile", "imem_wave.vcd" {0 0 0};
    %vpi_call 2 22 "$dumpvars", 32'sb00000000000000000000000000000000, S_0x59f16e835040 {0 0 0};
    %pushi/vec4 0, 0, 1;
    %store/vec4 v0x59f16e84d5b0_0, 0, 1;
    %pushi/vec4 0, 0, 1;
    %store/vec4 v0x59f16e84d780_0, 0, 1;
    %pushi/vec4 0, 0, 32;
    %store/vec4 v0x59f16e84d4d0_0, 0, 32;
    %delay 20000, 0;
    %pushi/vec4 1, 0, 1;
    %store/vec4 v0x59f16e84d780_0, 0, 1;
    %pushi/vec4 5243027, 0, 32;
    %ix/load 4, 0, 0;
    %flag_set/imm 4, 0;
    %store/vec4a v0x59f16e84d1f0, 4, 0;
    %pushi/vec4 10486035, 0, 32;
    %ix/load 4, 1, 0;
    %flag_set/imm 4, 0;
    %store/vec4a v0x59f16e84d1f0, 4, 0;
    %pushi/vec4 2130355, 0, 32;
    %ix/load 4, 2, 0;
    %flag_set/imm 4, 0;
    %store/vec4a v0x59f16e84d1f0, 4, 0;
    %pushi/vec4 1074889267, 0, 32;
    %ix/load 4, 3, 0;
    %flag_set/imm 4, 0;
    %store/vec4a v0x59f16e84d1f0, 4, 0;
    %pushi/vec4 0, 0, 32;
    %store/vec4 v0x59f16e84d4d0_0, 0, 32;
    %delay 20000, 0;
    %vpi_call 2 37 "$display", "IMEM[0] address=%0d read_data=%h", v0x59f16e84d4d0_0, v0x59f16e84d680_0 {0 0 0};
    %pushi/vec4 4, 0, 32;
    %store/vec4 v0x59f16e84d4d0_0, 0, 32;
    %delay 20000, 0;
    %vpi_call 2 40 "$display", "IMEM[1] address=%0d read_data=%h", v0x59f16e84d4d0_0, v0x59f16e84d680_0 {0 0 0};
    %pushi/vec4 8, 0, 32;
    %store/vec4 v0x59f16e84d4d0_0, 0, 32;
    %delay 20000, 0;
    %vpi_call 2 43 "$display", "IMEM[2] address=%0d read_data=%h", v0x59f16e84d4d0_0, v0x59f16e84d680_0 {0 0 0};
    %pushi/vec4 12, 0, 32;
    %store/vec4 v0x59f16e84d4d0_0, 0, 32;
    %delay 20000, 0;
    %vpi_call 2 46 "$display", "IMEM[3] address=%0d read_data=%h", v0x59f16e84d4d0_0, v0x59f16e84d680_0 {0 0 0};
    %delay 20000, 0;
    %vpi_call 2 49 "$finish" {0 0 0};
    %end;
    .thread T_2;
# The file index is used to find the file name in the following table.
:file_names 4;
    "N/A";
    "<interactive>";
    "../tb/tb_imem.v";
    "./../rtl/imem.v";
