#! /usr/bin/vvp
:ivl_version "12.0 (stable)";
:ivl_delay_selection "TYPICAL";
:vpi_time_precision - 12;
:vpi_module "/usr/lib/x86_64-linux-gnu/ivl/system.vpi";
:vpi_module "/usr/lib/x86_64-linux-gnu/ivl/vhdl_sys.vpi";
:vpi_module "/usr/lib/x86_64-linux-gnu/ivl/vhdl_textio.vpi";
:vpi_module "/usr/lib/x86_64-linux-gnu/ivl/v2005_math.vpi";
:vpi_module "/usr/lib/x86_64-linux-gnu/ivl/va_math.vpi";
S_0x5f0a3a552750 .scope module, "tb_load_stall" "tb_load_stall" 2 4;
 .timescale -9 -12;
v0x5f0a3a56ef00_0 .net "control_mux_sel", 0 0, v0x5f0a3a517490_0;  1 drivers
v0x5f0a3a56efc0_0 .var "id_ex_mem_read", 0 0;
v0x5f0a3a56f090_0 .var "id_ex_rd", 4 0;
v0x5f0a3a56f190_0 .var "if_id_rs1", 4 0;
v0x5f0a3a56f260_0 .var "if_id_rs2", 4 0;
v0x5f0a3a56f350_0 .net "if_id_write", 0 0, v0x5f0a3a56eca0_0;  1 drivers
v0x5f0a3a56f420_0 .net "pc_write", 0 0, v0x5f0a3a56ed60_0;  1 drivers
S_0x5f0a3a5528e0 .scope module, "dut" "load_stall" 2 15, 3 1 0, S_0x5f0a3a552750;
 .timescale -9 -12;
    .port_info 0 /INPUT 5 "if_id_rs1";
    .port_info 1 /INPUT 5 "if_id_rs2";
    .port_info 2 /INPUT 5 "id_ex_rd";
    .port_info 3 /INPUT 1 "id_ex_mem_read";
    .port_info 4 /OUTPUT 1 "pc_write";
    .port_info 5 /OUTPUT 1 "if_id_write";
    .port_info 6 /OUTPUT 1 "control_mux_sel";
v0x5f0a3a517490_0 .var "control_mux_sel", 0 0;
v0x5f0a3a56e910_0 .net "id_ex_mem_read", 0 0, v0x5f0a3a56efc0_0;  1 drivers
v0x5f0a3a56e9d0_0 .net "id_ex_rd", 4 0, v0x5f0a3a56f090_0;  1 drivers
v0x5f0a3a56ea90_0 .net "if_id_rs1", 4 0, v0x5f0a3a56f190_0;  1 drivers
v0x5f0a3a56eb70_0 .net "if_id_rs2", 4 0, v0x5f0a3a56f260_0;  1 drivers
v0x5f0a3a56eca0_0 .var "if_id_write", 0 0;
v0x5f0a3a56ed60_0 .var "pc_write", 0 0;
E_0x5f0a3a550ab0 .event anyedge, v0x5f0a3a56e910_0, v0x5f0a3a56e9d0_0, v0x5f0a3a56ea90_0, v0x5f0a3a56eb70_0;
    .scope S_0x5f0a3a5528e0;
T_0 ;
    %wait E_0x5f0a3a550ab0;
    %pushi/vec4 1, 0, 1;
    %store/vec4 v0x5f0a3a56ed60_0, 0, 1;
    %pushi/vec4 1, 0, 1;
    %store/vec4 v0x5f0a3a56eca0_0, 0, 1;
    %pushi/vec4 0, 0, 1;
    %store/vec4 v0x5f0a3a517490_0, 0, 1;
    %load/vec4 v0x5f0a3a56e910_0;
    %flag_set/vec4 10;
    %flag_get/vec4 10;
    %jmp/0 T_0.3, 10;
    %load/vec4 v0x5f0a3a56e9d0_0;
    %pushi/vec4 0, 0, 5;
    %cmp/ne;
    %flag_get/vec4 4;
    %and;
T_0.3;
    %flag_set/vec4 9;
    %flag_get/vec4 9;
    %jmp/0 T_0.2, 9;
    %load/vec4 v0x5f0a3a56e9d0_0;
    %load/vec4 v0x5f0a3a56ea90_0;
    %cmp/e;
    %flag_get/vec4 4;
    %jmp/1 T_0.4, 4;
    %load/vec4 v0x5f0a3a56e9d0_0;
    %load/vec4 v0x5f0a3a56eb70_0;
    %cmp/e;
    %flag_get/vec4 4;
    %or;
T_0.4;
    %and;
T_0.2;
    %flag_set/vec4 8;
    %jmp/0xz  T_0.0, 8;
    %pushi/vec4 0, 0, 1;
    %store/vec4 v0x5f0a3a56ed60_0, 0, 1;
    %pushi/vec4 0, 0, 1;
    %store/vec4 v0x5f0a3a56eca0_0, 0, 1;
    %pushi/vec4 1, 0, 1;
    %store/vec4 v0x5f0a3a517490_0, 0, 1;
T_0.0 ;
    %jmp T_0;
    .thread T_0, $push;
    .scope S_0x5f0a3a552750;
T_1 ;
    %vpi_call 2 26 "$dumpfile", "../sim/load_stall_wave.vcd" {0 0 0};
    %vpi_call 2 27 "$dumpvars", 32'sb00000000000000000000000000000000, S_0x5f0a3a552750 {0 0 0};
    %pushi/vec4 1, 0, 5;
    %store/vec4 v0x5f0a3a56f190_0, 0, 5;
    %pushi/vec4 2, 0, 5;
    %store/vec4 v0x5f0a3a56f260_0, 0, 5;
    %pushi/vec4 3, 0, 5;
    %store/vec4 v0x5f0a3a56f090_0, 0, 5;
    %pushi/vec4 0, 0, 1;
    %store/vec4 v0x5f0a3a56efc0_0, 0, 1;
    %delay 20000, 0;
    %vpi_call 2 34 "$display", "NO LOAD        : pc_write=%b if_id_write=%b control_mux_sel=%b", v0x5f0a3a56f420_0, v0x5f0a3a56f350_0, v0x5f0a3a56ef00_0 {0 0 0};
    %pushi/vec4 1, 0, 5;
    %store/vec4 v0x5f0a3a56f190_0, 0, 5;
    %pushi/vec4 2, 0, 5;
    %store/vec4 v0x5f0a3a56f260_0, 0, 5;
    %pushi/vec4 3, 0, 5;
    %store/vec4 v0x5f0a3a56f090_0, 0, 5;
    %pushi/vec4 1, 0, 1;
    %store/vec4 v0x5f0a3a56efc0_0, 0, 1;
    %delay 20000, 0;
    %vpi_call 2 42 "$display", "LOAD NO MATCH  : pc_write=%b if_id_write=%b control_mux_sel=%b", v0x5f0a3a56f420_0, v0x5f0a3a56f350_0, v0x5f0a3a56ef00_0 {0 0 0};
    %pushi/vec4 1, 0, 5;
    %store/vec4 v0x5f0a3a56f190_0, 0, 5;
    %pushi/vec4 2, 0, 5;
    %store/vec4 v0x5f0a3a56f260_0, 0, 5;
    %pushi/vec4 1, 0, 5;
    %store/vec4 v0x5f0a3a56f090_0, 0, 5;
    %pushi/vec4 1, 0, 1;
    %store/vec4 v0x5f0a3a56efc0_0, 0, 1;
    %delay 20000, 0;
    %vpi_call 2 50 "$display", "LOAD MATCH RS1 : pc_write=%b if_id_write=%b control_mux_sel=%b", v0x5f0a3a56f420_0, v0x5f0a3a56f350_0, v0x5f0a3a56ef00_0 {0 0 0};
    %pushi/vec4 1, 0, 5;
    %store/vec4 v0x5f0a3a56f190_0, 0, 5;
    %pushi/vec4 2, 0, 5;
    %store/vec4 v0x5f0a3a56f260_0, 0, 5;
    %pushi/vec4 2, 0, 5;
    %store/vec4 v0x5f0a3a56f090_0, 0, 5;
    %pushi/vec4 1, 0, 1;
    %store/vec4 v0x5f0a3a56efc0_0, 0, 1;
    %delay 20000, 0;
    %vpi_call 2 58 "$display", "LOAD MATCH RS2 : pc_write=%b if_id_write=%b control_mux_sel=%b", v0x5f0a3a56f420_0, v0x5f0a3a56f350_0, v0x5f0a3a56ef00_0 {0 0 0};
    %pushi/vec4 5, 0, 5;
    %store/vec4 v0x5f0a3a56f190_0, 0, 5;
    %pushi/vec4 5, 0, 5;
    %store/vec4 v0x5f0a3a56f260_0, 0, 5;
    %pushi/vec4 5, 0, 5;
    %store/vec4 v0x5f0a3a56f090_0, 0, 5;
    %pushi/vec4 1, 0, 1;
    %store/vec4 v0x5f0a3a56efc0_0, 0, 1;
    %delay 20000, 0;
    %vpi_call 2 66 "$display", "LOAD BOTH MATCH: pc_write=%b if_id_write=%b control_mux_sel=%b", v0x5f0a3a56f420_0, v0x5f0a3a56f350_0, v0x5f0a3a56ef00_0 {0 0 0};
    %pushi/vec4 0, 0, 5;
    %store/vec4 v0x5f0a3a56f190_0, 0, 5;
    %pushi/vec4 1, 0, 5;
    %store/vec4 v0x5f0a3a56f260_0, 0, 5;
    %pushi/vec4 0, 0, 5;
    %store/vec4 v0x5f0a3a56f090_0, 0, 5;
    %pushi/vec4 1, 0, 1;
    %store/vec4 v0x5f0a3a56efc0_0, 0, 1;
    %delay 20000, 0;
    %vpi_call 2 74 "$display", "LOAD x0 CHECK  : pc_write=%b if_id_write=%b control_mux_sel=%b", v0x5f0a3a56f420_0, v0x5f0a3a56f350_0, v0x5f0a3a56ef00_0 {0 0 0};
    %delay 20000, 0;
    %vpi_call 2 78 "$finish" {0 0 0};
    %end;
    .thread T_1;
# The file index is used to find the file name in the following table.
:file_names 4;
    "N/A";
    "<interactive>";
    "../tb/tb_load_stall.v";
    "./../rtl/load_stall.v";
