#! /usr/bin/vvp
:ivl_version "12.0 (stable)";
:ivl_delay_selection "TYPICAL";
:vpi_time_precision - 12;
:vpi_module "/usr/lib/x86_64-linux-gnu/ivl/system.vpi";
:vpi_module "/usr/lib/x86_64-linux-gnu/ivl/vhdl_sys.vpi";
:vpi_module "/usr/lib/x86_64-linux-gnu/ivl/vhdl_textio.vpi";
:vpi_module "/usr/lib/x86_64-linux-gnu/ivl/v2005_math.vpi";
:vpi_module "/usr/lib/x86_64-linux-gnu/ivl/va_math.vpi";
S_0x5cd8208e4d70 .scope module, "tb_mem_stage" "tb_mem_stage" 2 6;
 .timescale -9 -12;
v0x5cd82090f200_0 .var "clk", 0 0;
v0x5cd82090f2c0_0 .var "ex_mem_alu_result", 31 0;
v0x5cd82090f3d0_0 .var "ex_mem_mem_write", 0 0;
v0x5cd82090f4c0_0 .var "ex_mem_pc4", 31 0;
v0x5cd82090f560_0 .var "ex_mem_rd", 4 0;
v0x5cd82090f650_0 .var "ex_mem_rdata2", 31 0;
v0x5cd82090f740_0 .var "ex_mem_reg_write", 0 0;
v0x5cd82090f7e0_0 .var "ex_mem_write_back_source", 1 0;
v0x5cd82090f880_0 .net "mem_wb_alu_result", 31 0, v0x5cd82090ea50_0;  1 drivers
v0x5cd82090f9e0_0 .net "mem_wb_mem_data", 31 0, v0x5cd82090eb30_0;  1 drivers
v0x5cd82090fab0_0 .net "mem_wb_pc4", 31 0, v0x5cd82090ec10_0;  1 drivers
v0x5cd82090fb80_0 .net "mem_wb_rd", 4 0, v0x5cd82090ecf0_0;  1 drivers
v0x5cd82090fc50_0 .net "mem_wb_reg_write", 0 0, v0x5cd82090edd0_0;  1 drivers
v0x5cd82090fd20_0 .net "mem_wb_write_back_source", 1 0, v0x5cd82090ee90_0;  1 drivers
v0x5cd82090fdf0_0 .var "rst_n", 0 0;
S_0x5cd8208e4f00 .scope module, "dut" "mem_stage" 2 26, 3 1 0, S_0x5cd8208e4d70;
 .timescale -9 -12;
    .port_info 0 /INPUT 1 "clk";
    .port_info 1 /INPUT 1 "rst_n";
    .port_info 2 /INPUT 32 "ex_mem_alu_result";
    .port_info 3 /INPUT 32 "ex_mem_rdata2";
    .port_info 4 /INPUT 2 "ex_mem_write_back_source";
    .port_info 5 /INPUT 1 "ex_mem_mem_write";
    .port_info 6 /INPUT 1 "ex_mem_reg_write";
    .port_info 7 /INPUT 5 "ex_mem_rd";
    .port_info 8 /INPUT 32 "ex_mem_pc4";
    .port_info 9 /OUTPUT 32 "mem_wb_alu_result";
    .port_info 10 /OUTPUT 32 "mem_wb_mem_data";
    .port_info 11 /OUTPUT 2 "mem_wb_write_back_source";
    .port_info 12 /OUTPUT 1 "mem_wb_reg_write";
    .port_info 13 /OUTPUT 5 "mem_wb_rd";
    .port_info 14 /OUTPUT 32 "mem_wb_pc4";
v0x5cd82090e350_0 .net "clk", 0 0, v0x5cd82090f200_0;  1 drivers
v0x5cd82090e410_0 .net "dmem_read_data", 31 0, L_0x5cd8208ce970;  1 drivers
v0x5cd82090e4e0_0 .net "ex_mem_alu_result", 31 0, v0x5cd82090f2c0_0;  1 drivers
v0x5cd82090e5e0_0 .net "ex_mem_mem_write", 0 0, v0x5cd82090f3d0_0;  1 drivers
v0x5cd82090e6b0_0 .net "ex_mem_pc4", 31 0, v0x5cd82090f4c0_0;  1 drivers
v0x5cd82090e750_0 .net "ex_mem_rd", 4 0, v0x5cd82090f560_0;  1 drivers
v0x5cd82090e810_0 .net "ex_mem_rdata2", 31 0, v0x5cd82090f650_0;  1 drivers
v0x5cd82090e8d0_0 .net "ex_mem_reg_write", 0 0, v0x5cd82090f740_0;  1 drivers
v0x5cd82090e970_0 .net "ex_mem_write_back_source", 1 0, v0x5cd82090f7e0_0;  1 drivers
v0x5cd82090ea50_0 .var "mem_wb_alu_result", 31 0;
v0x5cd82090eb30_0 .var "mem_wb_mem_data", 31 0;
v0x5cd82090ec10_0 .var "mem_wb_pc4", 31 0;
v0x5cd82090ecf0_0 .var "mem_wb_rd", 4 0;
v0x5cd82090edd0_0 .var "mem_wb_reg_write", 0 0;
v0x5cd82090ee90_0 .var "mem_wb_write_back_source", 1 0;
v0x5cd82090ef70_0 .net "rst_n", 0 0, v0x5cd82090fdf0_0;  1 drivers
S_0x5cd8208de3a0 .scope module, "DMEM" "dmem" 3 24, 4 1 0, S_0x5cd8208e4f00;
 .timescale -9 -12;
    .port_info 0 /INPUT 1 "clk";
    .port_info 1 /INPUT 1 "rst_n";
    .port_info 2 /INPUT 32 "address";
    .port_info 3 /INPUT 32 "write_data";
    .port_info 4 /INPUT 1 "write_enable";
    .port_info 5 /OUTPUT 32 "read_data";
L_0x5cd8208ce970 .functor BUFZ 32, L_0x5cd82090fe90, C4<00000000000000000000000000000000>, C4<00000000000000000000000000000000>, C4<00000000000000000000000000000000>;
v0x5cd8208de5a0_0 .net *"_ivl_0", 31 0, L_0x5cd82090fe90;  1 drivers
v0x5cd82090db00_0 .net *"_ivl_3", 29 0, L_0x5cd82090ff60;  1 drivers
v0x5cd82090dbe0_0 .net "address", 31 0, v0x5cd82090f2c0_0;  alias, 1 drivers
v0x5cd82090dca0_0 .net "clk", 0 0, v0x5cd82090f200_0;  alias, 1 drivers
v0x5cd82090dd60_0 .var/i "i", 31 0;
v0x5cd82090de90 .array "mem", 63 0, 31 0;
v0x5cd82090df50_0 .net "read_data", 31 0, L_0x5cd8208ce970;  alias, 1 drivers
v0x5cd82090e030_0 .net "rst_n", 0 0, v0x5cd82090fdf0_0;  alias, 1 drivers
v0x5cd82090e0f0_0 .net "write_data", 31 0, v0x5cd82090f650_0;  alias, 1 drivers
v0x5cd82090e1d0_0 .net "write_enable", 0 0, v0x5cd82090f3d0_0;  alias, 1 drivers
E_0x5cd8208db7f0 .event posedge, v0x5cd82090dca0_0;
L_0x5cd82090fe90 .array/port v0x5cd82090de90, L_0x5cd82090ff60;
L_0x5cd82090ff60 .part v0x5cd82090f2c0_0, 2, 30;
    .scope S_0x5cd8208de3a0;
T_0 ;
    %wait E_0x5cd8208db7f0;
    %load/vec4 v0x5cd82090e030_0;
    %nor/r;
    %flag_set/vec4 8;
    %jmp/0xz  T_0.0, 8;
    %pushi/vec4 0, 0, 32;
    %store/vec4 v0x5cd82090dd60_0, 0, 32;
T_0.2 ;
    %load/vec4 v0x5cd82090dd60_0;
    %cmpi/s 64, 0, 32;
    %jmp/0xz T_0.3, 5;
    %pushi/vec4 0, 0, 32;
    %ix/getv/s 3, v0x5cd82090dd60_0;
    %ix/load 4, 0, 0; Constant delay
    %assign/vec4/a/d v0x5cd82090de90, 0, 4;
    %load/vec4 v0x5cd82090dd60_0;
    %addi 1, 0, 32;
    %store/vec4 v0x5cd82090dd60_0, 0, 32;
    %jmp T_0.2;
T_0.3 ;
    %jmp T_0.1;
T_0.0 ;
    %load/vec4 v0x5cd82090e1d0_0;
    %flag_set/vec4 8;
    %jmp/0xz  T_0.4, 8;
    %load/vec4 v0x5cd82090dbe0_0;
    %parti/s 2, 0, 2;
    %cmpi/e 0, 0, 2;
    %jmp/0xz  T_0.6, 4;
    %load/vec4 v0x5cd82090e0f0_0;
    %load/vec4 v0x5cd82090dbe0_0;
    %parti/s 30, 2, 3;
    %ix/vec4 3;
    %ix/load 4, 0, 0; Constant delay
    %assign/vec4/a/d v0x5cd82090de90, 0, 4;
T_0.6 ;
T_0.4 ;
T_0.1 ;
    %jmp T_0;
    .thread T_0;
    .scope S_0x5cd8208e4f00;
T_1 ;
    %wait E_0x5cd8208db7f0;
    %load/vec4 v0x5cd82090ef70_0;
    %nor/r;
    %flag_set/vec4 8;
    %jmp/0xz  T_1.0, 8;
    %pushi/vec4 0, 0, 32;
    %assign/vec4 v0x5cd82090ea50_0, 0;
    %pushi/vec4 0, 0, 32;
    %assign/vec4 v0x5cd82090eb30_0, 0;
    %pushi/vec4 0, 0, 2;
    %assign/vec4 v0x5cd82090ee90_0, 0;
    %pushi/vec4 0, 0, 1;
    %assign/vec4 v0x5cd82090edd0_0, 0;
    %pushi/vec4 0, 0, 5;
    %assign/vec4 v0x5cd82090ecf0_0, 0;
    %pushi/vec4 0, 0, 32;
    %assign/vec4 v0x5cd82090ec10_0, 0;
    %jmp T_1.1;
T_1.0 ;
    %load/vec4 v0x5cd82090e4e0_0;
    %assign/vec4 v0x5cd82090ea50_0, 0;
    %load/vec4 v0x5cd82090e410_0;
    %assign/vec4 v0x5cd82090eb30_0, 0;
    %load/vec4 v0x5cd82090e970_0;
    %assign/vec4 v0x5cd82090ee90_0, 0;
    %load/vec4 v0x5cd82090e8d0_0;
    %assign/vec4 v0x5cd82090edd0_0, 0;
    %load/vec4 v0x5cd82090e750_0;
    %assign/vec4 v0x5cd82090ecf0_0, 0;
    %load/vec4 v0x5cd82090e6b0_0;
    %assign/vec4 v0x5cd82090ec10_0, 0;
T_1.1 ;
    %jmp T_1;
    .thread T_1;
    .scope S_0x5cd8208e4d70;
T_2 ;
    %delay 5000, 0;
    %load/vec4 v0x5cd82090f200_0;
    %inv;
    %store/vec4 v0x5cd82090f200_0, 0, 1;
    %jmp T_2;
    .thread T_2;
    .scope S_0x5cd8208e4d70;
T_3 ;
    %vpi_call 2 49 "$dumpfile", "../sim/mem_stage_wave.vcd" {0 0 0};
    %vpi_call 2 50 "$dumpvars", 32'sb00000000000000000000000000000000, S_0x5cd8208e4d70 {0 0 0};
    %pushi/vec4 0, 0, 1;
    %store/vec4 v0x5cd82090f200_0, 0, 1;
    %pushi/vec4 0, 0, 1;
    %store/vec4 v0x5cd82090fdf0_0, 0, 1;
    %pushi/vec4 0, 0, 32;
    %store/vec4 v0x5cd82090f2c0_0, 0, 32;
    %pushi/vec4 0, 0, 32;
    %store/vec4 v0x5cd82090f650_0, 0, 32;
    %pushi/vec4 0, 0, 2;
    %store/vec4 v0x5cd82090f7e0_0, 0, 2;
    %pushi/vec4 0, 0, 1;
    %store/vec4 v0x5cd82090f3d0_0, 0, 1;
    %pushi/vec4 0, 0, 1;
    %store/vec4 v0x5cd82090f740_0, 0, 1;
    %pushi/vec4 0, 0, 5;
    %store/vec4 v0x5cd82090f560_0, 0, 5;
    %pushi/vec4 0, 0, 32;
    %store/vec4 v0x5cd82090f4c0_0, 0, 32;
    %delay 20000, 0;
    %pushi/vec4 1, 0, 1;
    %store/vec4 v0x5cd82090fdf0_0, 0, 1;
    %pushi/vec4 0, 0, 32;
    %store/vec4 v0x5cd82090f2c0_0, 0, 32;
    %pushi/vec4 2863272209, 0, 32;
    %store/vec4 v0x5cd82090f650_0, 0, 32;
    %pushi/vec4 0, 0, 2;
    %store/vec4 v0x5cd82090f7e0_0, 0, 2;
    %pushi/vec4 1, 0, 1;
    %store/vec4 v0x5cd82090f3d0_0, 0, 1;
    %pushi/vec4 0, 0, 1;
    %store/vec4 v0x5cd82090f740_0, 0, 1;
    %pushi/vec4 0, 0, 5;
    %store/vec4 v0x5cd82090f560_0, 0, 5;
    %pushi/vec4 4, 0, 32;
    %store/vec4 v0x5cd82090f4c0_0, 0, 32;
    %delay 10000, 0;
    %vpi_call 2 74 "$display", "STORE addr=0  write_data=%h mem_data=%h", v0x5cd82090f650_0, &A<v0x5cd82090de90, 0> {0 0 0};
    %pushi/vec4 0, 0, 1;
    %store/vec4 v0x5cd82090f3d0_0, 0, 1;
    %pushi/vec4 0, 0, 32;
    %store/vec4 v0x5cd82090f2c0_0, 0, 32;
    %pushi/vec4 1, 0, 2;
    %store/vec4 v0x5cd82090f7e0_0, 0, 2;
    %pushi/vec4 1, 0, 1;
    %store/vec4 v0x5cd82090f740_0, 0, 1;
    %pushi/vec4 5, 0, 5;
    %store/vec4 v0x5cd82090f560_0, 0, 5;
    %pushi/vec4 8, 0, 32;
    %store/vec4 v0x5cd82090f4c0_0, 0, 32;
    %delay 10000, 0;
    %vpi_call 2 84 "$display", "LOAD  addr=0  mem_wb_mem_data=%h rd=%0d wb_src=%b reg_write=%b", v0x5cd82090f9e0_0, v0x5cd82090fb80_0, v0x5cd82090fd20_0, v0x5cd82090fc50_0 {0 0 0};
    %pushi/vec4 4, 0, 32;
    %store/vec4 v0x5cd82090f2c0_0, 0, 32;
    %pushi/vec4 3149603362, 0, 32;
    %store/vec4 v0x5cd82090f650_0, 0, 32;
    %pushi/vec4 0, 0, 2;
    %store/vec4 v0x5cd82090f7e0_0, 0, 2;
    %pushi/vec4 1, 0, 1;
    %store/vec4 v0x5cd82090f3d0_0, 0, 1;
    %pushi/vec4 0, 0, 1;
    %store/vec4 v0x5cd82090f740_0, 0, 1;
    %pushi/vec4 0, 0, 5;
    %store/vec4 v0x5cd82090f560_0, 0, 5;
    %pushi/vec4 12, 0, 32;
    %store/vec4 v0x5cd82090f4c0_0, 0, 32;
    %delay 10000, 0;
    %vpi_call 2 96 "$display", "STORE addr=4  write_data=%h mem_data=%h", v0x5cd82090f650_0, &A<v0x5cd82090de90, 1> {0 0 0};
    %pushi/vec4 0, 0, 1;
    %store/vec4 v0x5cd82090f3d0_0, 0, 1;
    %pushi/vec4 4, 0, 32;
    %store/vec4 v0x5cd82090f2c0_0, 0, 32;
    %pushi/vec4 1, 0, 2;
    %store/vec4 v0x5cd82090f7e0_0, 0, 2;
    %pushi/vec4 1, 0, 1;
    %store/vec4 v0x5cd82090f740_0, 0, 1;
    %pushi/vec4 6, 0, 5;
    %store/vec4 v0x5cd82090f560_0, 0, 5;
    %pushi/vec4 16, 0, 32;
    %store/vec4 v0x5cd82090f4c0_0, 0, 32;
    %delay 10000, 0;
    %vpi_call 2 106 "$display", "LOAD  addr=4  mem_wb_mem_data=%h rd=%0d wb_src=%b reg_write=%b", v0x5cd82090f9e0_0, v0x5cd82090fb80_0, v0x5cd82090fd20_0, v0x5cd82090fc50_0 {0 0 0};
    %pushi/vec4 100, 0, 32;
    %store/vec4 v0x5cd82090f2c0_0, 0, 32;
    %pushi/vec4 0, 0, 32;
    %store/vec4 v0x5cd82090f650_0, 0, 32;
    %pushi/vec4 0, 0, 2;
    %store/vec4 v0x5cd82090f7e0_0, 0, 2;
    %pushi/vec4 0, 0, 1;
    %store/vec4 v0x5cd82090f3d0_0, 0, 1;
    %pushi/vec4 1, 0, 1;
    %store/vec4 v0x5cd82090f740_0, 0, 1;
    %pushi/vec4 7, 0, 5;
    %store/vec4 v0x5cd82090f560_0, 0, 5;
    %pushi/vec4 20, 0, 32;
    %store/vec4 v0x5cd82090f4c0_0, 0, 32;
    %delay 10000, 0;
    %vpi_call 2 118 "$display", "ALU PASS      alu_result=%0d rd=%0d wb_src=%b reg_write=%b", v0x5cd82090f880_0, v0x5cd82090fb80_0, v0x5cd82090fd20_0, v0x5cd82090fc50_0 {0 0 0};
    %pushi/vec4 0, 0, 32;
    %store/vec4 v0x5cd82090f2c0_0, 0, 32;
    %pushi/vec4 0, 0, 32;
    %store/vec4 v0x5cd82090f650_0, 0, 32;
    %pushi/vec4 2, 0, 2;
    %store/vec4 v0x5cd82090f7e0_0, 0, 2;
    %pushi/vec4 0, 0, 1;
    %store/vec4 v0x5cd82090f3d0_0, 0, 1;
    %pushi/vec4 1, 0, 1;
    %store/vec4 v0x5cd82090f740_0, 0, 1;
    %pushi/vec4 1, 0, 5;
    %store/vec4 v0x5cd82090f560_0, 0, 5;
    %pushi/vec4 104, 0, 32;
    %store/vec4 v0x5cd82090f4c0_0, 0, 32;
    %delay 10000, 0;
    %vpi_call 2 130 "$display", "PC4 PASS      pc4=%0d rd=%0d wb_src=%b reg_write=%b", v0x5cd82090fab0_0, v0x5cd82090fb80_0, v0x5cd82090fd20_0, v0x5cd82090fc50_0 {0 0 0};
    %delay 20000, 0;
    %vpi_call 2 135 "$finish" {0 0 0};
    %end;
    .thread T_3;
# The file index is used to find the file name in the following table.
:file_names 5;
    "N/A";
    "<interactive>";
    "../tb/tb_mem_stage.v";
    "./../rtl/mem_stage.v";
    "./../rtl/dmem.v";
