#! /usr/bin/vvp
:ivl_version "12.0 (stable)";
:ivl_delay_selection "TYPICAL";
:vpi_time_precision - 12;
:vpi_module "/usr/lib/x86_64-linux-gnu/ivl/system.vpi";
:vpi_module "/usr/lib/x86_64-linux-gnu/ivl/vhdl_sys.vpi";
:vpi_module "/usr/lib/x86_64-linux-gnu/ivl/vhdl_textio.vpi";
:vpi_module "/usr/lib/x86_64-linux-gnu/ivl/v2005_math.vpi";
:vpi_module "/usr/lib/x86_64-linux-gnu/ivl/va_math.vpi";
S_0x5ebe56329270 .scope module, "tb_reg_file" "tb_reg_file" 2 4;
 .timescale -9 -12;
v0x5ebe5635a680_0 .var "address1", 4 0;
v0x5ebe5635a760_0 .var "address2", 4 0;
v0x5ebe5635a800_0 .var "address3", 4 0;
v0x5ebe5635a8a0_0 .var "clk", 0 0;
v0x5ebe5635a970_0 .net "read_data1", 31 0, v0x5ebe56359d10_0;  1 drivers
v0x5ebe5635aa10_0 .net "read_data2", 31 0, v0x5ebe56359e40_0;  1 drivers
v0x5ebe5635aae0_0 .var "write_data", 31 0;
v0x5ebe5635abb0_0 .var "write_enable", 0 0;
S_0x5ebe5633c330 .scope module, "dut" "reg_file" 2 16, 3 1 0, S_0x5ebe56329270;
 .timescale -9 -12;
    .port_info 0 /INPUT 1 "clk";
    .port_info 1 /INPUT 5 "address1";
    .port_info 2 /INPUT 5 "address2";
    .port_info 3 /OUTPUT 32 "read_data1";
    .port_info 4 /OUTPUT 32 "read_data2";
    .port_info 5 /INPUT 1 "write_enable";
    .port_info 6 /INPUT 5 "address3";
    .port_info 7 /INPUT 32 "write_data";
v0x5ebe5633c700_0 .net "address1", 4 0, v0x5ebe5635a680_0;  1 drivers
v0x5ebe56359ab0_0 .net "address2", 4 0, v0x5ebe5635a760_0;  1 drivers
v0x5ebe56359b90_0 .net "address3", 4 0, v0x5ebe5635a800_0;  1 drivers
v0x5ebe56359c50_0 .net "clk", 0 0, v0x5ebe5635a8a0_0;  1 drivers
v0x5ebe56359d10_0 .var "read_data1", 31 0;
v0x5ebe56359e40_0 .var "read_data2", 31 0;
v0x5ebe56359f20 .array "register", 0 31, 31 0;
v0x5ebe5635a3e0_0 .net "write_data", 31 0, v0x5ebe5635aae0_0;  1 drivers
v0x5ebe5635a4c0_0 .net "write_enable", 0 0, v0x5ebe5635abb0_0;  1 drivers
v0x5ebe56359f20_0 .array/port v0x5ebe56359f20, 0;
v0x5ebe56359f20_1 .array/port v0x5ebe56359f20, 1;
v0x5ebe56359f20_2 .array/port v0x5ebe56359f20, 2;
E_0x5ebe5633a930/0 .event anyedge, v0x5ebe5633c700_0, v0x5ebe56359f20_0, v0x5ebe56359f20_1, v0x5ebe56359f20_2;
v0x5ebe56359f20_3 .array/port v0x5ebe56359f20, 3;
v0x5ebe56359f20_4 .array/port v0x5ebe56359f20, 4;
v0x5ebe56359f20_5 .array/port v0x5ebe56359f20, 5;
v0x5ebe56359f20_6 .array/port v0x5ebe56359f20, 6;
E_0x5ebe5633a930/1 .event anyedge, v0x5ebe56359f20_3, v0x5ebe56359f20_4, v0x5ebe56359f20_5, v0x5ebe56359f20_6;
v0x5ebe56359f20_7 .array/port v0x5ebe56359f20, 7;
v0x5ebe56359f20_8 .array/port v0x5ebe56359f20, 8;
v0x5ebe56359f20_9 .array/port v0x5ebe56359f20, 9;
v0x5ebe56359f20_10 .array/port v0x5ebe56359f20, 10;
E_0x5ebe5633a930/2 .event anyedge, v0x5ebe56359f20_7, v0x5ebe56359f20_8, v0x5ebe56359f20_9, v0x5ebe56359f20_10;
v0x5ebe56359f20_11 .array/port v0x5ebe56359f20, 11;
v0x5ebe56359f20_12 .array/port v0x5ebe56359f20, 12;
v0x5ebe56359f20_13 .array/port v0x5ebe56359f20, 13;
v0x5ebe56359f20_14 .array/port v0x5ebe56359f20, 14;
E_0x5ebe5633a930/3 .event anyedge, v0x5ebe56359f20_11, v0x5ebe56359f20_12, v0x5ebe56359f20_13, v0x5ebe56359f20_14;
v0x5ebe56359f20_15 .array/port v0x5ebe56359f20, 15;
v0x5ebe56359f20_16 .array/port v0x5ebe56359f20, 16;
v0x5ebe56359f20_17 .array/port v0x5ebe56359f20, 17;
v0x5ebe56359f20_18 .array/port v0x5ebe56359f20, 18;
E_0x5ebe5633a930/4 .event anyedge, v0x5ebe56359f20_15, v0x5ebe56359f20_16, v0x5ebe56359f20_17, v0x5ebe56359f20_18;
v0x5ebe56359f20_19 .array/port v0x5ebe56359f20, 19;
v0x5ebe56359f20_20 .array/port v0x5ebe56359f20, 20;
v0x5ebe56359f20_21 .array/port v0x5ebe56359f20, 21;
v0x5ebe56359f20_22 .array/port v0x5ebe56359f20, 22;
E_0x5ebe5633a930/5 .event anyedge, v0x5ebe56359f20_19, v0x5ebe56359f20_20, v0x5ebe56359f20_21, v0x5ebe56359f20_22;
v0x5ebe56359f20_23 .array/port v0x5ebe56359f20, 23;
v0x5ebe56359f20_24 .array/port v0x5ebe56359f20, 24;
v0x5ebe56359f20_25 .array/port v0x5ebe56359f20, 25;
v0x5ebe56359f20_26 .array/port v0x5ebe56359f20, 26;
E_0x5ebe5633a930/6 .event anyedge, v0x5ebe56359f20_23, v0x5ebe56359f20_24, v0x5ebe56359f20_25, v0x5ebe56359f20_26;
v0x5ebe56359f20_27 .array/port v0x5ebe56359f20, 27;
v0x5ebe56359f20_28 .array/port v0x5ebe56359f20, 28;
v0x5ebe56359f20_29 .array/port v0x5ebe56359f20, 29;
v0x5ebe56359f20_30 .array/port v0x5ebe56359f20, 30;
E_0x5ebe5633a930/7 .event anyedge, v0x5ebe56359f20_27, v0x5ebe56359f20_28, v0x5ebe56359f20_29, v0x5ebe56359f20_30;
v0x5ebe56359f20_31 .array/port v0x5ebe56359f20, 31;
E_0x5ebe5633a930/8 .event anyedge, v0x5ebe56359f20_31, v0x5ebe56359ab0_0;
E_0x5ebe5633a930 .event/or E_0x5ebe5633a930/0, E_0x5ebe5633a930/1, E_0x5ebe5633a930/2, E_0x5ebe5633a930/3, E_0x5ebe5633a930/4, E_0x5ebe5633a930/5, E_0x5ebe5633a930/6, E_0x5ebe5633a930/7, E_0x5ebe5633a930/8;
E_0x5ebe5633a3b0 .event posedge, v0x5ebe56359c50_0;
    .scope S_0x5ebe5633c330;
T_0 ;
    %wait E_0x5ebe5633a3b0;
    %load/vec4 v0x5ebe5635a4c0_0;
    %flag_set/vec4 9;
    %flag_get/vec4 9;
    %jmp/0 T_0.2, 9;
    %load/vec4 v0x5ebe56359b90_0;
    %pushi/vec4 0, 0, 5;
    %cmp/ne;
    %flag_get/vec4 4;
    %and;
T_0.2;
    %flag_set/vec4 8;
    %jmp/0xz  T_0.0, 8;
    %load/vec4 v0x5ebe5635a3e0_0;
    %load/vec4 v0x5ebe56359b90_0;
    %pad/u 7;
    %ix/vec4 3;
    %ix/load 4, 0, 0; Constant delay
    %assign/vec4/a/d v0x5ebe56359f20, 0, 4;
T_0.0 ;
    %jmp T_0;
    .thread T_0;
    .scope S_0x5ebe5633c330;
T_1 ;
    %wait E_0x5ebe5633a930;
    %load/vec4 v0x5ebe5633c700_0;
    %cmpi/e 0, 0, 5;
    %flag_mov 8, 4;
    %jmp/0 T_1.0, 8;
    %pushi/vec4 0, 0, 32;
    %jmp/1 T_1.1, 8;
T_1.0 ; End of true expr.
    %load/vec4 v0x5ebe5633c700_0;
    %pad/u 7;
    %ix/vec4 4;
    %load/vec4a v0x5ebe56359f20, 4;
    %jmp/0 T_1.1, 8;
 ; End of false expr.
    %blend;
T_1.1;
    %store/vec4 v0x5ebe56359d10_0, 0, 32;
    %load/vec4 v0x5ebe56359ab0_0;
    %cmpi/e 0, 0, 5;
    %flag_mov 8, 4;
    %jmp/0 T_1.2, 8;
    %pushi/vec4 0, 0, 32;
    %jmp/1 T_1.3, 8;
T_1.2 ; End of true expr.
    %load/vec4 v0x5ebe56359ab0_0;
    %pad/u 7;
    %ix/vec4 4;
    %load/vec4a v0x5ebe56359f20, 4;
    %jmp/0 T_1.3, 8;
 ; End of false expr.
    %blend;
T_1.3;
    %store/vec4 v0x5ebe56359e40_0, 0, 32;
    %jmp T_1;
    .thread T_1, $push;
    .scope S_0x5ebe56329270;
T_2 ;
    %delay 5000, 0;
    %load/vec4 v0x5ebe5635a8a0_0;
    %inv;
    %store/vec4 v0x5ebe5635a8a0_0, 0, 1;
    %jmp T_2;
    .thread T_2;
    .scope S_0x5ebe56329270;
T_3 ;
    %vpi_call 2 30 "$dumpfile", "reg_file_wave.vcd" {0 0 0};
    %vpi_call 2 31 "$dumpvars", 32'sb00000000000000000000000000000000, S_0x5ebe56329270 {0 0 0};
    %pushi/vec4 0, 0, 1;
    %store/vec4 v0x5ebe5635a8a0_0, 0, 1;
    %pushi/vec4 0, 0, 5;
    %store/vec4 v0x5ebe5635a680_0, 0, 5;
    %pushi/vec4 0, 0, 5;
    %store/vec4 v0x5ebe5635a760_0, 0, 5;
    %pushi/vec4 0, 0, 1;
    %store/vec4 v0x5ebe5635abb0_0, 0, 1;
    %pushi/vec4 0, 0, 5;
    %store/vec4 v0x5ebe5635a800_0, 0, 5;
    %pushi/vec4 0, 0, 32;
    %store/vec4 v0x5ebe5635aae0_0, 0, 32;
    %delay 10000, 0;
    %pushi/vec4 1, 0, 5;
    %store/vec4 v0x5ebe5635a800_0, 0, 5;
    %pushi/vec4 100, 0, 32;
    %store/vec4 v0x5ebe5635aae0_0, 0, 32;
    %pushi/vec4 1, 0, 1;
    %store/vec4 v0x5ebe5635abb0_0, 0, 1;
    %delay 10000, 0;
    %pushi/vec4 0, 0, 1;
    %store/vec4 v0x5ebe5635abb0_0, 0, 1;
    %pushi/vec4 1, 0, 5;
    %store/vec4 v0x5ebe5635a680_0, 0, 5;
    %delay 10000, 0;
    %vpi_call 2 50 "$display", "READ x1 : read_data1=%0d", v0x5ebe5635a970_0 {0 0 0};
    %pushi/vec4 2, 0, 5;
    %store/vec4 v0x5ebe5635a800_0, 0, 5;
    %pushi/vec4 200, 0, 32;
    %store/vec4 v0x5ebe5635aae0_0, 0, 32;
    %pushi/vec4 1, 0, 1;
    %store/vec4 v0x5ebe5635abb0_0, 0, 1;
    %delay 10000, 0;
    %pushi/vec4 0, 0, 1;
    %store/vec4 v0x5ebe5635abb0_0, 0, 1;
    %pushi/vec4 2, 0, 5;
    %store/vec4 v0x5ebe5635a760_0, 0, 5;
    %delay 10000, 0;
    %vpi_call 2 60 "$display", "READ x2 : read_data2=%0d", v0x5ebe5635aa10_0 {0 0 0};
    %pushi/vec4 1, 0, 5;
    %store/vec4 v0x5ebe5635a680_0, 0, 5;
    %pushi/vec4 2, 0, 5;
    %store/vec4 v0x5ebe5635a760_0, 0, 5;
    %delay 10000, 0;
    %vpi_call 2 65 "$display", "READ x1/x2 : read_data1=%0d read_data2=%0d", v0x5ebe5635a970_0, v0x5ebe5635aa10_0 {0 0 0};
    %pushi/vec4 0, 0, 5;
    %store/vec4 v0x5ebe5635a800_0, 0, 5;
    %pushi/vec4 999, 0, 32;
    %store/vec4 v0x5ebe5635aae0_0, 0, 32;
    %pushi/vec4 1, 0, 1;
    %store/vec4 v0x5ebe5635abb0_0, 0, 1;
    %delay 10000, 0;
    %pushi/vec4 0, 0, 1;
    %store/vec4 v0x5ebe5635abb0_0, 0, 1;
    %pushi/vec4 0, 0, 5;
    %store/vec4 v0x5ebe5635a680_0, 0, 5;
    %delay 10000, 0;
    %vpi_call 2 76 "$display", "READ x0 : read_data1=%0d", v0x5ebe5635a970_0 {0 0 0};
    %pushi/vec4 1, 0, 5;
    %store/vec4 v0x5ebe5635a800_0, 0, 5;
    %pushi/vec4 555, 0, 32;
    %store/vec4 v0x5ebe5635aae0_0, 0, 32;
    %pushi/vec4 0, 0, 1;
    %store/vec4 v0x5ebe5635abb0_0, 0, 1;
    %delay 10000, 0;
    %pushi/vec4 1, 0, 5;
    %store/vec4 v0x5ebe5635a680_0, 0, 5;
    %delay 10000, 0;
    %vpi_call 2 85 "$display", "WRITE disabled check x1 : read_data1=%0d", v0x5ebe5635a970_0 {0 0 0};
    %delay 20000, 0;
    %vpi_call 2 88 "$finish" {0 0 0};
    %end;
    .thread T_3;
# The file index is used to find the file name in the following table.
:file_names 4;
    "N/A";
    "<interactive>";
    "../tb/tb_reg_file.v";
    "./../rtl/reg_file.v";
