#! /usr/bin/vvp
:ivl_version "12.0 (stable)";
:ivl_delay_selection "TYPICAL";
:vpi_time_precision - 12;
:vpi_module "/usr/lib/x86_64-linux-gnu/ivl/system.vpi";
:vpi_module "/usr/lib/x86_64-linux-gnu/ivl/vhdl_sys.vpi";
:vpi_module "/usr/lib/x86_64-linux-gnu/ivl/vhdl_textio.vpi";
:vpi_module "/usr/lib/x86_64-linux-gnu/ivl/v2005_math.vpi";
:vpi_module "/usr/lib/x86_64-linux-gnu/ivl/va_math.vpi";
S_0x5c7db786bd20 .scope module, "tb_sign_ext" "tb_sign_ext" 2 4;
 .timescale -9 -12;
v0x5c7db78968c0_0 .var "imm_source", 2 0;
v0x5c7db78969b0_0 .net "immediate", 31 0, L_0x5c7db7896b80;  1 drivers
v0x5c7db7896a80_0 .var "raw_src", 31 0;
S_0x5c7db786beb0 .scope module, "dut" "sign_ext" 2 10, 3 1 0, S_0x5c7db786bd20;
 .timescale -9 -12;
    .port_info 0 /INPUT 32 "raw_src";
    .port_info 1 /INPUT 3 "imm_source";
    .port_info 2 /OUTPUT 32 "immediate";
L_0x5c7db7896b80 .functor BUFZ 32, v0x5c7db787bb90_0, C4<00000000000000000000000000000000>, C4<00000000000000000000000000000000>, C4<00000000000000000000000000000000>;
v0x5c7db787bb90_0 .var "gathered_imm", 31 0;
v0x5c7db78965c0_0 .net "imm_source", 2 0, v0x5c7db78968c0_0;  1 drivers
v0x5c7db78966a0_0 .net "immediate", 31 0, L_0x5c7db7896b80;  alias, 1 drivers
v0x5c7db7896760_0 .net "raw_src", 31 0, v0x5c7db7896a80_0;  1 drivers
E_0x5c7db783ff80 .event anyedge, v0x5c7db78965c0_0, v0x5c7db7896760_0;
    .scope S_0x5c7db786beb0;
T_0 ;
    %wait E_0x5c7db783ff80;
    %load/vec4 v0x5c7db78965c0_0;
    %dup/vec4;
    %pushi/vec4 0, 0, 3;
    %cmp/u;
    %jmp/1 T_0.0, 6;
    %dup/vec4;
    %pushi/vec4 1, 0, 3;
    %cmp/u;
    %jmp/1 T_0.1, 6;
    %dup/vec4;
    %pushi/vec4 2, 0, 3;
    %cmp/u;
    %jmp/1 T_0.2, 6;
    %dup/vec4;
    %pushi/vec4 3, 0, 3;
    %cmp/u;
    %jmp/1 T_0.3, 6;
    %dup/vec4;
    %pushi/vec4 4, 0, 3;
    %cmp/u;
    %jmp/1 T_0.4, 6;
    %pushi/vec4 0, 0, 32;
    %store/vec4 v0x5c7db787bb90_0, 0, 32;
    %jmp T_0.6;
T_0.0 ;
    %load/vec4 v0x5c7db7896760_0;
    %parti/s 1, 31, 6;
    %replicate 20;
    %load/vec4 v0x5c7db7896760_0;
    %parti/s 12, 20, 6;
    %concat/vec4; draw_concat_vec4
    %store/vec4 v0x5c7db787bb90_0, 0, 32;
    %jmp T_0.6;
T_0.1 ;
    %load/vec4 v0x5c7db7896760_0;
    %parti/s 1, 31, 6;
    %replicate 20;
    %load/vec4 v0x5c7db7896760_0;
    %parti/s 7, 25, 6;
    %concat/vec4; draw_concat_vec4
    %load/vec4 v0x5c7db7896760_0;
    %parti/s 5, 7, 4;
    %concat/vec4; draw_concat_vec4
    %store/vec4 v0x5c7db787bb90_0, 0, 32;
    %jmp T_0.6;
T_0.2 ;
    %load/vec4 v0x5c7db7896760_0;
    %parti/s 1, 31, 6;
    %replicate 20;
    %load/vec4 v0x5c7db7896760_0;
    %parti/s 1, 7, 4;
    %concat/vec4; draw_concat_vec4
    %load/vec4 v0x5c7db7896760_0;
    %parti/s 6, 25, 6;
    %concat/vec4; draw_concat_vec4
    %load/vec4 v0x5c7db7896760_0;
    %parti/s 4, 8, 5;
    %concat/vec4; draw_concat_vec4
    %concati/vec4 0, 0, 1;
    %store/vec4 v0x5c7db787bb90_0, 0, 32;
    %jmp T_0.6;
T_0.3 ;
    %load/vec4 v0x5c7db7896760_0;
    %parti/s 1, 31, 6;
    %replicate 12;
    %load/vec4 v0x5c7db7896760_0;
    %parti/s 8, 12, 5;
    %concat/vec4; draw_concat_vec4
    %load/vec4 v0x5c7db7896760_0;
    %parti/s 1, 20, 6;
    %concat/vec4; draw_concat_vec4
    %load/vec4 v0x5c7db7896760_0;
    %parti/s 10, 21, 6;
    %concat/vec4; draw_concat_vec4
    %concati/vec4 0, 0, 1;
    %store/vec4 v0x5c7db787bb90_0, 0, 32;
    %jmp T_0.6;
T_0.4 ;
    %load/vec4 v0x5c7db7896760_0;
    %parti/s 20, 12, 5;
    %concati/vec4 0, 0, 12;
    %store/vec4 v0x5c7db787bb90_0, 0, 32;
    %jmp T_0.6;
T_0.6 ;
    %pop/vec4 1;
    %jmp T_0;
    .thread T_0, $push;
    .scope S_0x5c7db786bd20;
T_1 ;
    %vpi_call 2 17 "$dumpfile", "sign_ext_wave.vcd" {0 0 0};
    %vpi_call 2 18 "$dumpvars", 32'sb00000000000000000000000000000000, S_0x5c7db786bd20 {0 0 0};
    %pushi/vec4 5243027, 0, 32;
    %store/vec4 v0x5c7db7896a80_0, 0, 32;
    %pushi/vec4 0, 0, 3;
    %store/vec4 v0x5c7db78968c0_0, 0, 3;
    %delay 10000, 0;
    %vpi_call 2 23 "$display", "I-type : raw_src=%h immediate=%h expected=00000005", v0x5c7db7896a80_0, v0x5c7db78969b0_0 {0 0 0};
    %pushi/vec4 4272172579, 0, 32;
    %store/vec4 v0x5c7db7896a80_0, 0, 32;
    %pushi/vec4 1, 0, 3;
    %store/vec4 v0x5c7db78968c0_0, 0, 3;
    %delay 10000, 0;
    %vpi_call 2 29 "$display", "S-type : raw_src=%h immediate=%h expected=fffffffc", v0x5c7db7896a80_0, v0x5c7db78969b0_0 {0 0 0};
    %pushi/vec4 2131043, 0, 32;
    %store/vec4 v0x5c7db7896a80_0, 0, 32;
    %pushi/vec4 2, 0, 3;
    %store/vec4 v0x5c7db78968c0_0, 0, 3;
    %delay 10000, 0;
    %vpi_call 2 35 "$display", "B-type : raw_src=%h immediate=%h expected=00000008", v0x5c7db7896a80_0, v0x5c7db78969b0_0 {0 0 0};
    %pushi/vec4 8388847, 0, 32;
    %store/vec4 v0x5c7db7896a80_0, 0, 32;
    %pushi/vec4 3, 0, 3;
    %store/vec4 v0x5c7db78968c0_0, 0, 3;
    %delay 10000, 0;
    %vpi_call 2 41 "$display", "J-type : raw_src=%h immediate=%h expected=00000008", v0x5c7db7896a80_0, v0x5c7db78969b0_0 {0 0 0};
    %pushi/vec4 305418807, 0, 32;
    %store/vec4 v0x5c7db7896a80_0, 0, 32;
    %pushi/vec4 4, 0, 3;
    %store/vec4 v0x5c7db78968c0_0, 0, 3;
    %delay 10000, 0;
    %vpi_call 2 47 "$display", "U-type : raw_src=%h immediate=%h expected=12345000", v0x5c7db7896a80_0, v0x5c7db78969b0_0 {0 0 0};
    %pushi/vec4 4293918867, 0, 32;
    %store/vec4 v0x5c7db7896a80_0, 0, 32;
    %pushi/vec4 0, 0, 3;
    %store/vec4 v0x5c7db78968c0_0, 0, 3;
    %delay 10000, 0;
    %vpi_call 2 53 "$display", "I-type negative : raw_src=%h immediate=%h expected=ffffffff", v0x5c7db7896a80_0, v0x5c7db78969b0_0 {0 0 0};
    %pushi/vec4 0, 0, 32;
    %store/vec4 v0x5c7db7896a80_0, 0, 32;
    %pushi/vec4 7, 0, 3;
    %store/vec4 v0x5c7db78968c0_0, 0, 3;
    %delay 10000, 0;
    %vpi_call 2 59 "$display", "Default : raw_src=%h immediate=%h expected=00000000", v0x5c7db7896a80_0, v0x5c7db78969b0_0 {0 0 0};
    %delay 10000, 0;
    %vpi_call 2 63 "$finish" {0 0 0};
    %end;
    .thread T_1;
# The file index is used to find the file name in the following table.
:file_names 4;
    "N/A";
    "<interactive>";
    "../tb/tb_sign_ext.v";
    "./../rtl/sign_ext.v";
