#! /usr/bin/vvp
:ivl_version "12.0 (stable)";
:ivl_delay_selection "TYPICAL";
:vpi_time_precision - 12;
:vpi_module "/usr/lib/x86_64-linux-gnu/ivl/system.vpi";
:vpi_module "/usr/lib/x86_64-linux-gnu/ivl/vhdl_sys.vpi";
:vpi_module "/usr/lib/x86_64-linux-gnu/ivl/vhdl_textio.vpi";
:vpi_module "/usr/lib/x86_64-linux-gnu/ivl/v2005_math.vpi";
:vpi_module "/usr/lib/x86_64-linux-gnu/ivl/va_math.vpi";
S_0x5e001183a490 .scope module, "tb_wb_stage" "tb_wb_stage" 2 5;
 .timescale -9 -12;
v0x5e0011890850_0 .var "mem_wb_alu_result", 31 0;
v0x5e0011890930_0 .var "mem_wb_mem_data", 31 0;
v0x5e0011890a00_0 .var "mem_wb_pc4", 31 0;
v0x5e0011890b00_0 .var "mem_wb_rd", 4 0;
v0x5e0011890bd0_0 .var "mem_wb_reg_write", 0 0;
v0x5e0011890c70_0 .var "mem_wb_write_back_source", 1 0;
v0x5e0011890d40_0 .net "wb_rd", 4 0, L_0x5e0011891070;  1 drivers
v0x5e0011890e10_0 .net "wb_wdata", 31 0, v0x5e0011890590_0;  1 drivers
v0x5e0011890ee0_0 .net "wb_write_enable", 0 0, L_0x5e0011890fb0;  1 drivers
S_0x5e001183a620 .scope module, "dut" "wb_stage" 2 18, 3 1 0, S_0x5e001183a490;
 .timescale -9 -12;
    .port_info 0 /INPUT 32 "mem_wb_alu_result";
    .port_info 1 /INPUT 32 "mem_wb_mem_data";
    .port_info 2 /INPUT 32 "mem_wb_pc4";
    .port_info 3 /INPUT 2 "mem_wb_write_back_source";
    .port_info 4 /INPUT 1 "mem_wb_reg_write";
    .port_info 5 /INPUT 5 "mem_wb_rd";
    .port_info 6 /OUTPUT 1 "wb_write_enable";
    .port_info 7 /OUTPUT 5 "wb_rd";
    .port_info 8 /OUTPUT 32 "wb_wdata";
L_0x5e0011890fb0 .functor BUFZ 1, v0x5e0011890bd0_0, C4<0>, C4<0>, C4<0>;
L_0x5e0011891070 .functor BUFZ 5, v0x5e0011890b00_0, C4<00000>, C4<00000>, C4<00000>;
v0x5e0011866750_0 .net "mem_wb_alu_result", 31 0, v0x5e0011890850_0;  1 drivers
v0x5e0011890040_0 .net "mem_wb_mem_data", 31 0, v0x5e0011890930_0;  1 drivers
v0x5e0011890120_0 .net "mem_wb_pc4", 31 0, v0x5e0011890a00_0;  1 drivers
v0x5e00118901e0_0 .net "mem_wb_rd", 4 0, v0x5e0011890b00_0;  1 drivers
v0x5e00118902c0_0 .net "mem_wb_reg_write", 0 0, v0x5e0011890bd0_0;  1 drivers
v0x5e00118903d0_0 .net "mem_wb_write_back_source", 1 0, v0x5e0011890c70_0;  1 drivers
v0x5e00118904b0_0 .net "wb_rd", 4 0, L_0x5e0011891070;  alias, 1 drivers
v0x5e0011890590_0 .var "wb_wdata", 31 0;
v0x5e0011890670_0 .net "wb_write_enable", 0 0, L_0x5e0011890fb0;  alias, 1 drivers
E_0x5e0011877ab0 .event anyedge, v0x5e00118903d0_0, v0x5e0011866750_0, v0x5e0011890040_0, v0x5e0011890120_0;
    .scope S_0x5e001183a620;
T_0 ;
    %wait E_0x5e0011877ab0;
    %load/vec4 v0x5e00118903d0_0;
    %dup/vec4;
    %pushi/vec4 0, 0, 2;
    %cmp/u;
    %jmp/1 T_0.0, 6;
    %dup/vec4;
    %pushi/vec4 1, 0, 2;
    %cmp/u;
    %jmp/1 T_0.1, 6;
    %dup/vec4;
    %pushi/vec4 2, 0, 2;
    %cmp/u;
    %jmp/1 T_0.2, 6;
    %pushi/vec4 0, 0, 32;
    %store/vec4 v0x5e0011890590_0, 0, 32;
    %jmp T_0.4;
T_0.0 ;
    %load/vec4 v0x5e0011866750_0;
    %store/vec4 v0x5e0011890590_0, 0, 32;
    %jmp T_0.4;
T_0.1 ;
    %load/vec4 v0x5e0011890040_0;
    %store/vec4 v0x5e0011890590_0, 0, 32;
    %jmp T_0.4;
T_0.2 ;
    %load/vec4 v0x5e0011890120_0;
    %store/vec4 v0x5e0011890590_0, 0, 32;
    %jmp T_0.4;
T_0.4 ;
    %pop/vec4 1;
    %jmp T_0;
    .thread T_0, $push;
    .scope S_0x5e001183a490;
T_1 ;
    %vpi_call 2 32 "$dumpfile", "../sim/wb_stage_wave.vcd" {0 0 0};
    %vpi_call 2 33 "$dumpvars", 32'sb00000000000000000000000000000000, S_0x5e001183a490 {0 0 0};
    %pushi/vec4 100, 0, 32;
    %store/vec4 v0x5e0011890850_0, 0, 32;
    %pushi/vec4 200, 0, 32;
    %store/vec4 v0x5e0011890930_0, 0, 32;
    %pushi/vec4 300, 0, 32;
    %store/vec4 v0x5e0011890a00_0, 0, 32;
    %pushi/vec4 1, 0, 1;
    %store/vec4 v0x5e0011890bd0_0, 0, 1;
    %pushi/vec4 5, 0, 5;
    %store/vec4 v0x5e0011890b00_0, 0, 5;
    %pushi/vec4 0, 0, 2;
    %store/vec4 v0x5e0011890c70_0, 0, 2;
    %delay 20000, 0;
    %vpi_call 2 43 "$display", "ALU WB : wb_wdata=%0d wb_rd=%0d wb_write_enable=%b", v0x5e0011890e10_0, v0x5e0011890d40_0, v0x5e0011890ee0_0 {0 0 0};
    %pushi/vec4 1, 0, 2;
    %store/vec4 v0x5e0011890c70_0, 0, 2;
    %delay 20000, 0;
    %vpi_call 2 48 "$display", "MEM WB : wb_wdata=%0d wb_rd=%0d wb_write_enable=%b", v0x5e0011890e10_0, v0x5e0011890d40_0, v0x5e0011890ee0_0 {0 0 0};
    %pushi/vec4 2, 0, 2;
    %store/vec4 v0x5e0011890c70_0, 0, 2;
    %delay 20000, 0;
    %vpi_call 2 53 "$display", "PC4 WB : wb_wdata=%0d wb_rd=%0d wb_write_enable=%b", v0x5e0011890e10_0, v0x5e0011890d40_0, v0x5e0011890ee0_0 {0 0 0};
    %pushi/vec4 3, 0, 2;
    %store/vec4 v0x5e0011890c70_0, 0, 2;
    %delay 20000, 0;
    %vpi_call 2 58 "$display", "DEFAULT: wb_wdata=%0d wb_rd=%0d wb_write_enable=%b", v0x5e0011890e10_0, v0x5e0011890d40_0, v0x5e0011890ee0_0 {0 0 0};
    %pushi/vec4 0, 0, 1;
    %store/vec4 v0x5e0011890bd0_0, 0, 1;
    %pushi/vec4 0, 0, 2;
    %store/vec4 v0x5e0011890c70_0, 0, 2;
    %pushi/vec4 7, 0, 5;
    %store/vec4 v0x5e0011890b00_0, 0, 5;
    %delay 20000, 0;
    %vpi_call 2 65 "$display", "NO WRITE: wb_wdata=%0d wb_rd=%0d wb_write_enable=%b", v0x5e0011890e10_0, v0x5e0011890d40_0, v0x5e0011890ee0_0 {0 0 0};
    %delay 20000, 0;
    %vpi_call 2 69 "$finish" {0 0 0};
    %end;
    .thread T_1;
# The file index is used to find the file name in the following table.
:file_names 4;
    "N/A";
    "<interactive>";
    "../tb/tb_wb_stage.v";
    "./../rtl/wb_stage.v";
